[ 2021-07-09T09:56:13+08:00 ] 123.151.77.91 /tp/xcdy.php
INFO: [ app_init ] --START--
INFO: Run Behavior\BuildLiteBehavior [ RunTime:0.000000s ]
INFO: [ app_init ] --END-- [ RunTime:0.004000s ]
INFO: [ app_begin ] --START--
INFO: Run Behavior\ReadHtmlCacheBehavior [ RunTime:0.009001s ]
INFO: [ app_begin ] --END-- [ RunTime:0.009001s ]
INFO: [ view_parse ] --START--
INFO: [ template_filter ] --START--
INFO: Run Behavior\ContentReplaceBehavior [ RunTime:0.001000s ]
INFO: [ template_filter ] --END-- [ RunTime:0.001000s ]
INFO: Run Behavior\ParseTemplateBehavior [ RunTime:0.052003s ]
INFO: [ view_parse ] --END-- [ RunTime:0.052003s ]
INFO: [ view_filter ] --START--
INFO: Run Behavior\WriteHtmlCacheBehavior [ RunTime:0.005000s ]
INFO: [ view_filter ] --END-- [ RunTime:0.006000s ]
INFO: [ app_end ] --START--
INFO: Run Behavior\ShowPageTraceBehavior [ RunTime:0.006000s ]
INFO: [ app_end ] --END-- [ RunTime:0.006000s ]

[ 2021-07-09T09:56:28+08:00 ] 123.151.77.91 /tp/xcdy.php/Home/Index/search?keyword=%E4%B8%AA%E4%BA%BA%E4%BF%A1%E6%81%AF%E5%8F%98%E6%9B%B4%E7%99%BB%E8%AE%B0%E8%A1%A8
INFO: [ app_init ] --START--
INFO: Run Behavior\BuildLiteBehavior [ RunTime:0.000000s ]
INFO: [ app_init ] --END-- [ RunTime:0.004000s ]
INFO: [ app_begin ] --START--
INFO: Run Behavior\ReadHtmlCacheBehavior [ RunTime:0.006001s ]
INFO: [ app_begin ] --END-- [ RunTime:0.008001s ]
NOTIC: [2048] Redefining already defined constructor for class PSCWS4 E:\www\weixin\tp\ThinkPHP\Library\Org\pscws4\pscws4.class.php 第 120 行.
NOTIC: [2048] Redefining already defined constructor for class XDB_R E:\www\weixin\tp\ThinkPHP\Library\Org\pscws4\xdb_r.class.php 第 34 行.
NOTIC: [2] fopen(/path/to/etc/dict.utf8.xdb): failed to open stream: No such file or directory E:\www\weixin\tp\ThinkPHP\Library\Org\pscws4\xdb_r.class.php 第 42 行.
NOTIC: [512] XDB::Open(dict.utf8.xdb) failed. E:\www\weixin\tp\ThinkPHP\Library\Org\pscws4\xdb_r.class.php 第 44 行.
NOTIC: [2] fopen(/path/to/etc/rules.utf8.ini): failed to open stream: No such file or directory E:\www\weixin\tp\ThinkPHP\Library\Org\pscws4\pscws4.class.php 第 400 行.
SQL: SHOW COLUMNS FROM `questions` [ RunTime:0.0470s ]
SQL: SELECT * FROM `questions` WHERE `active` = 1 AND `title` LIKE '%个%'  [ RunTime:0.0010s ]
SQL: SELECT * FROM `questions` WHERE `active` = 1 AND `title` LIKE '%人%'  [ RunTime:0.0050s ]
SQL: SELECT * FROM `questions` WHERE `active` = 1 AND `title` LIKE '%信%'  [ RunTime:0.0010s ]
SQL: SELECT * FROM `questions` WHERE `active` = 1 AND `title` LIKE '%息%'  [ RunTime:0.0010s ]
SQL: SELECT * FROM `questions` WHERE `active` = 1 AND `title` LIKE '%变%'  [ RunTime:0.0010s ]
SQL: SELECT * FROM `questions` WHERE `active` = 1 AND `title` LIKE '%更%'  [ RunTime:0.0010s ]
SQL: SELECT * FROM `questions` WHERE `active` = 1 AND `title` LIKE '%登%'  [ RunTime:0.0010s ]
SQL: SELECT * FROM `questions` WHERE `active` = 1 AND `title` LIKE '%记%'  [ RunTime:0.0010s ]
SQL: SELECT * FROM `questions` WHERE `active` = 1 AND `title` LIKE '%表%'  [ RunTime:0.0010s ]
NOTIC: [8] Array to string conversion E:\www\weixin\tp\xcdy\Home\Controller\IndexController.class.php 第 44 行.
NOTIC: [8] Array to string conversion E:\www\weixin\tp\xcdy\Home\Controller\IndexController.class.php 第 44 行.
NOTIC: [8] Array to string conversion E:\www\weixin\tp\xcdy\Home\Controller\IndexController.class.php 第 44 行.
NOTIC: [8] Array to string conversion E:\www\weixin\tp\xcdy\Home\Controller\IndexController.class.php 第 44 行.
NOTIC: [8] Array to string conversion E:\www\weixin\tp\xcdy\Home\Controller\IndexController.class.php 第 44 行.
NOTIC: [8] Array to string conversion E:\www\weixin\tp\xcdy\Home\Controller\IndexController.class.php 第 44 行.
NOTIC: [8] Array to string conversion E:\www\weixin\tp\xcdy\Home\Controller\IndexController.class.php 第 44 行.
NOTIC: [8] Array to string conversion E:\www\weixin\tp\xcdy\Home\Controller\IndexController.class.php 第 44 行.
NOTIC: [8] Array to string conversion E:\www\weixin\tp\xcdy\Home\Controller\IndexController.class.php 第 44 行.
NOTIC: [8] Array to string conversion E:\www\weixin\tp\xcdy\Home\Controller\IndexController.class.php 第 44 行.
NOTIC: [8] Array to string conversion E:\www\weixin\tp\xcdy\Home\Controller\IndexController.class.php 第 44 行.
NOTIC: [8] Array to string conversion E:\www\weixin\tp\xcdy\Home\Controller\IndexController.class.php 第 44 行.
NOTIC: [8] Array to string conversion E:\www\weixin\tp\xcdy\Home\Controller\IndexController.class.php 第 44 行.
NOTIC: [8] Array to string conversion E:\www\weixin\tp\xcdy\Home\Controller\IndexController.class.php 第 44 行.
NOTIC: [8] Array to string conversion E:\www\weixin\tp\xcdy\Home\Controller\IndexController.class.php 第 44 行.
NOTIC: [8] Array to string conversion E:\www\weixin\tp\xcdy\Home\Controller\IndexController.class.php 第 44 行.
NOTIC: [8] Array to string conversion E:\www\weixin\tp\xcdy\Home\Controller\IndexController.class.php 第 44 行.
NOTIC: [8] Array to string conversion E:\www\weixin\tp\xcdy\Home\Controller\IndexController.class.php 第 44 行.
NOTIC: [8] Array to string conversion E:\www\weixin\tp\xcdy\Home\Controller\IndexController.class.php 第 44 行.
NOTIC: [8] Array to string conversion E:\www\weixin\tp\xcdy\Home\Controller\IndexController.class.php 第 44 行.
NOTIC: [8] Array to string conversion E:\www\weixin\tp\xcdy\Home\Controller\IndexController.class.php 第 44 行.
NOTIC: [8] Array to string conversion E:\www\weixin\tp\xcdy\Home\Controller\IndexController.class.php 第 44 行.
NOTIC: [8] Array to string conversion E:\www\weixin\tp\xcdy\Home\Controller\IndexController.class.php 第 44 行.
NOTIC: [8] Array to string conversion E:\www\weixin\tp\xcdy\Home\Controller\IndexController.class.php 第 44 行.
NOTIC: [8] Array to string conversion E:\www\weixin\tp\xcdy\Home\Controller\IndexController.class.php 第 44 行.
NOTIC: [8] Array to string conversion E:\www\weixin\tp\xcdy\Home\Controller\IndexController.class.php 第 44 行.
NOTIC: [8] Array to string conversion E:\www\weixin\tp\xcdy\Home\Controller\IndexController.class.php 第 44 行.
NOTIC: [8] Array to string conversion E:\www\weixin\tp\xcdy\Home\Controller\IndexController.class.php 第 44 行.
NOTIC: [8] Array to string conversion E:\www\weixin\tp\xcdy\Home\Controller\IndexController.class.php 第 44 行.
NOTIC: [8] Array to string conversion E:\www\weixin\tp\xcdy\Home\Controller\IndexController.class.php 第 44 行.
NOTIC: [8] Array to string conversion E:\www\weixin\tp\xcdy\Home\Controller\IndexController.class.php 第 44 行.
NOTIC: [8] Array to string conversion E:\www\weixin\tp\xcdy\Home\Controller\IndexController.class.php 第 44 行.
NOTIC: [8] Array to string conversion E:\www\weixin\tp\xcdy\Home\Controller\IndexController.class.php 第 44 行.
NOTIC: [8] Array to string conversion E:\www\weixin\tp\xcdy\Home\Controller\IndexController.class.php 第 44 行.
NOTIC: [8] Array to string conversion E:\www\weixin\tp\xcdy\Home\Controller\IndexController.class.php 第 44 行.
NOTIC: [8] Array to string conversion E:\www\weixin\tp\xcdy\Home\Controller\IndexController.class.php 第 44 行.
NOTIC: [8] Array to string conversion E:\www\weixin\tp\xcdy\Home\Controller\IndexController.class.php 第 44 行.
NOTIC: [8] Array to string conversion E:\www\weixin\tp\xcdy\Home\Controller\IndexController.class.php 第 44 行.
NOTIC: [8] Array to string conversion E:\www\weixin\tp\xcdy\Home\Controller\IndexController.class.php 第 44 行.
NOTIC: [8] Array to string conversion E:\www\weixin\tp\xcdy\Home\Controller\IndexController.class.php 第 44 行.
NOTIC: [8] Array to string conversion E:\www\weixin\tp\xcdy\Home\Controller\IndexController.class.php 第 44 行.
NOTIC: [8] Array to string conversion E:\www\weixin\tp\xcdy\Home\Controller\IndexController.class.php 第 44 行.
NOTIC: [8] Array to string conversion E:\www\weixin\tp\xcdy\Home\Controller\IndexController.class.php 第 44 行.
NOTIC: [8] Array to string conversion E:\www\weixin\tp\xcdy\Home\Controller\IndexController.class.php 第 44 行.
NOTIC: [8] Array to string conversion E:\www\weixin\tp\xcdy\Home\Controller\IndexController.class.php 第 44 行.
NOTIC: [8] Array to string conversion E:\www\weixin\tp\xcdy\Home\Controller\IndexController.class.php 第 44 行.
NOTIC: [8] Array to string conversion E:\www\weixin\tp\xcdy\Home\Controller\IndexController.class.php 第 44 行.
NOTIC: [8] Array to string conversion E:\www\weixin\tp\xcdy\Home\Controller\IndexController.class.php 第 44 行.
INFO: [ view_parse ] --START--
INFO: [ template_filter ] --START--
INFO: Run Behavior\ContentReplaceBehavior [ RunTime:0.001001s ]
INFO: [ template_filter ] --END-- [ RunTime:0.001001s ]
INFO: Run Behavior\ParseTemplateBehavior [ RunTime:0.057004s ]
INFO: [ view_parse ] --END-- [ RunTime:0.057004s ]
INFO: [ view_filter ] --START--
INFO: Run Behavior\WriteHtmlCacheBehavior [ RunTime:0.006000s ]
INFO: [ view_filter ] --END-- [ RunTime:0.006000s ]
INFO: [ app_end ] --START--
INFO: Run Behavior\ShowPageTraceBehavior [ RunTime:0.005000s ]
INFO: [ app_end ] --END-- [ RunTime:0.006000s ]

[ 2021-07-09T09:56:33+08:00 ] 123.151.77.91 /tp/xcdy.php/Home/Index/detail/id/8
INFO: [ app_init ] --START--
INFO: Run Behavior\BuildLiteBehavior [ RunTime:0.000000s ]
INFO: [ app_init ] --END-- [ RunTime:0.005000s ]
INFO: [ app_begin ] --START--
INFO: Run Behavior\ReadHtmlCacheBehavior [ RunTime:0.006000s ]
INFO: [ app_begin ] --END-- [ RunTime:0.006000s ]
SQL: SHOW COLUMNS FROM `questions` [ RunTime:0.0450s ]
SQL: SELECT * FROM `questions` WHERE `id` = 8 LIMIT 1   [ RunTime:0.0010s ]
INFO: [ view_parse ] --START--
INFO: [ template_filter ] --START--
INFO: Run Behavior\ContentReplaceBehavior [ RunTime:0.000000s ]
INFO: [ template_filter ] --END-- [ RunTime:0.001000s ]
INFO: Run Behavior\ParseTemplateBehavior [ RunTime:0.046003s ]
INFO: [ view_parse ] --END-- [ RunTime:0.046003s ]
INFO: [ view_filter ] --START--
INFO: Run Behavior\WriteHtmlCacheBehavior [ RunTime:0.005000s ]
INFO: [ view_filter ] --END-- [ RunTime:0.006000s ]
INFO: [ app_end ] --START--
INFO: Run Behavior\ShowPageTraceBehavior [ RunTime:0.007000s ]
INFO: [ app_end ] --END-- [ RunTime:0.008000s ]

[ 2021-07-09T09:56:41+08:00 ] 123.151.77.91 /tp/xcdy.php/Home/Index/search?keyword=%E4%B8%AA%E4%BA%BA%E4%BF%A1%E6%81%AF%E5%8F%98%E6%9B%B4
INFO: [ app_init ] --START--
INFO: Run Behavior\BuildLiteBehavior [ RunTime:0.001000s ]
INFO: [ app_init ] --END-- [ RunTime:0.004000s ]
INFO: [ app_begin ] --START--
INFO: Run Behavior\ReadHtmlCacheBehavior [ RunTime:0.008000s ]
INFO: [ app_begin ] --END-- [ RunTime:0.008000s ]
NOTIC: [2048] Redefining already defined constructor for class PSCWS4 E:\www\weixin\tp\ThinkPHP\Library\Org\pscws4\pscws4.class.php 第 120 行.
NOTIC: [2048] Redefining already defined constructor for class XDB_R E:\www\weixin\tp\ThinkPHP\Library\Org\pscws4\xdb_r.class.php 第 34 行.
NOTIC: [2] fopen(/path/to/etc/dict.utf8.xdb): failed to open stream: No such file or directory E:\www\weixin\tp\ThinkPHP\Library\Org\pscws4\xdb_r.class.php 第 42 行.
NOTIC: [512] XDB::Open(dict.utf8.xdb) failed. E:\www\weixin\tp\ThinkPHP\Library\Org\pscws4\xdb_r.class.php 第 44 行.
NOTIC: [2] fopen(/path/to/etc/rules.utf8.ini): failed to open stream: No such file or directory E:\www\weixin\tp\ThinkPHP\Library\Org\pscws4\pscws4.class.php 第 400 行.
SQL: SHOW COLUMNS FROM `questions` [ RunTime:0.0430s ]
SQL: SELECT * FROM `questions` WHERE `active` = 1 AND `title` LIKE '%个%'  [ RunTime:0.0010s ]
SQL: SELECT * FROM `questions` WHERE `active` = 1 AND `title` LIKE '%人%'  [ RunTime:0.0050s ]
SQL: SELECT * FROM `questions` WHERE `active` = 1 AND `title` LIKE '%信%'  [ RunTime:0.0010s ]
SQL: SELECT * FROM `questions` WHERE `active` = 1 AND `title` LIKE '%息%'  [ RunTime:0.0010s ]
SQL: SELECT * FROM `questions` WHERE `active` = 1 AND `title` LIKE '%变%'  [ RunTime:0.0010s ]
SQL: SELECT * FROM `questions` WHERE `active` = 1 AND `title` LIKE '%更%'  [ RunTime:0.0010s ]
NOTIC: [8] Array to string conversion E:\www\weixin\tp\xcdy\Home\Controller\IndexController.class.php 第 44 行.
NOTIC: [8] Array to string conversion E:\www\weixin\tp\xcdy\Home\Controller\IndexController.class.php 第 44 行.
NOTIC: [8] Array to string conversion E:\www\weixin\tp\xcdy\Home\Controller\IndexController.class.php 第 44 行.
NOTIC: [8] Array to string conversion E:\www\weixin\tp\xcdy\Home\Controller\IndexController.class.php 第 44 行.
NOTIC: [8] Array to string conversion E:\www\weixin\tp\xcdy\Home\Controller\IndexController.class.php 第 44 行.
NOTIC: [8] Array to string conversion E:\www\weixin\tp\xcdy\Home\Controller\IndexController.class.php 第 44 行.
NOTIC: [8] Array to string conversion E:\www\weixin\tp\xcdy\Home\Controller\IndexController.class.php 第 44 行.
NOTIC: [8] Array to string conversion E:\www\weixin\tp\xcdy\Home\Controller\IndexController.class.php 第 44 行.
NOTIC: [8] Array to string conversion E:\www\weixin\tp\xcdy\Home\Controller\IndexController.class.php 第 44 行.
NOTIC: [8] Array to string conversion E:\www\weixin\tp\xcdy\Home\Controller\IndexController.class.php 第 44 行.
NOTIC: [8] Array to string conversion E:\www\weixin\tp\xcdy\Home\Controller\IndexController.class.php 第 44 行.
NOTIC: [8] Array to string conversion E:\www\weixin\tp\xcdy\Home\Controller\IndexController.class.php 第 44 行.
NOTIC: [8] Array to string conversion E:\www\weixin\tp\xcdy\Home\Controller\IndexController.class.php 第 44 行.
NOTIC: [8] Array to string conversion E:\www\weixin\tp\xcdy\Home\Controller\IndexController.class.php 第 44 行.
NOTIC: [8] Array to string conversion E:\www\weixin\tp\xcdy\Home\Controller\IndexController.class.php 第 44 行.
NOTIC: [8] Array to string conversion E:\www\weixin\tp\xcdy\Home\Controller\IndexController.class.php 第 44 行.
NOTIC: [8] Array to string conversion E:\www\weixin\tp\xcdy\Home\Controller\IndexController.class.php 第 44 行.
NOTIC: [8] Array to string conversion E:\www\weixin\tp\xcdy\Home\Controller\IndexController.class.php 第 44 行.
NOTIC: [8] Array to string conversion E:\www\weixin\tp\xcdy\Home\Controller\IndexController.class.php 第 44 行.
NOTIC: [8] Array to string conversion E:\www\weixin\tp\xcdy\Home\Controller\IndexController.class.php 第 44 行.
NOTIC: [8] Array to string conversion E:\www\weixin\tp\xcdy\Home\Controller\IndexController.class.php 第 44 行.
NOTIC: [8] Array to string conversion E:\www\weixin\tp\xcdy\Home\Controller\IndexController.class.php 第 44 行.
NOTIC: [8] Array to string conversion E:\www\weixin\tp\xcdy\Home\Controller\IndexController.class.php 第 44 行.
NOTIC: [8] Array to string conversion E:\www\weixin\tp\xcdy\Home\Controller\IndexController.class.php 第 44 行.
NOTIC: [8] Array to string conversion E:\www\weixin\tp\xcdy\Home\Controller\IndexController.class.php 第 44 行.
NOTIC: [8] Array to string conversion E:\www\weixin\tp\xcdy\Home\Controller\IndexController.class.php 第 44 行.
INFO: [ view_parse ] --START--
INFO: [ template_filter ] --START--
INFO: Run Behavior\ContentReplaceBehavior [ RunTime:0.001000s ]
INFO: [ template_filter ] --END-- [ RunTime:0.001000s ]
INFO: Run Behavior\ParseTemplateBehavior [ RunTime:0.058004s ]
INFO: [ view_parse ] --END-- [ RunTime:0.059004s ]
INFO: [ view_filter ] --START--
INFO: Run Behavior\WriteHtmlCacheBehavior [ RunTime:0.005000s ]
INFO: [ view_filter ] --END-- [ RunTime:0.006000s ]
INFO: [ app_end ] --START--
INFO: Run Behavior\ShowPageTraceBehavior [ RunTime:0.006000s ]
INFO: [ app_end ] --END-- [ RunTime:0.006000s ]

[ 2021-07-09T09:56:56+08:00 ] 111.199.185.248 /tp/xcdy.php
INFO: [ app_init ] --START--
INFO: Run Behavior\BuildLiteBehavior [ RunTime:0.000000s ]
INFO: [ app_init ] --END-- [ RunTime:0.004000s ]
INFO: [ app_begin ] --START--
INFO: Run Behavior\ReadHtmlCacheBehavior [ RunTime:0.006000s ]
INFO: [ app_begin ] --END-- [ RunTime:0.006000s ]
INFO: [ view_parse ] --START--
INFO: [ template_filter ] --START--
INFO: Run Behavior\ContentReplaceBehavior [ RunTime:0.001000s ]
INFO: [ template_filter ] --END-- [ RunTime:0.001000s ]
INFO: Run Behavior\ParseTemplateBehavior [ RunTime:0.048003s ]
INFO: [ view_parse ] --END-- [ RunTime:0.048003s ]
INFO: [ view_filter ] --START--
INFO: Run Behavior\WriteHtmlCacheBehavior [ RunTime:0.006000s ]
INFO: [ view_filter ] --END-- [ RunTime:0.006000s ]
INFO: [ app_end ] --START--
INFO: Run Behavior\ShowPageTraceBehavior [ RunTime:0.005000s ]
INFO: [ app_end ] --END-- [ RunTime:0.007001s ]

[ 2021-07-09T09:57:09+08:00 ] 111.199.185.248 /tp/xcdy.php/Home/Index/search?keyword=%E7%94%9F%E7%94%9F%E8%82%B2%E6%B4%A5%E8%B4%B4
INFO: [ app_init ] --START--
INFO: Run Behavior\BuildLiteBehavior [ RunTime:0.000000s ]
INFO: [ app_init ] --END-- [ RunTime:0.004000s ]
INFO: [ app_begin ] --START--
INFO: Run Behavior\ReadHtmlCacheBehavior [ RunTime:0.006000s ]
INFO: [ app_begin ] --END-- [ RunTime:0.006000s ]
NOTIC: [2048] Redefining already defined constructor for class PSCWS4 E:\www\weixin\tp\ThinkPHP\Library\Org\pscws4\pscws4.class.php 第 120 行.
NOTIC: [2048] Redefining already defined constructor for class XDB_R E:\www\weixin\tp\ThinkPHP\Library\Org\pscws4\xdb_r.class.php 第 34 行.
NOTIC: [2] fopen(/path/to/etc/dict.utf8.xdb): failed to open stream: No such file or directory E:\www\weixin\tp\ThinkPHP\Library\Org\pscws4\xdb_r.class.php 第 42 行.
NOTIC: [512] XDB::Open(dict.utf8.xdb) failed. E:\www\weixin\tp\ThinkPHP\Library\Org\pscws4\xdb_r.class.php 第 44 行.
NOTIC: [2] fopen(/path/to/etc/rules.utf8.ini): failed to open stream: No such file or directory E:\www\weixin\tp\ThinkPHP\Library\Org\pscws4\pscws4.class.php 第 400 行.
SQL: SHOW COLUMNS FROM `questions` [ RunTime:0.0520s ]
SQL: SELECT * FROM `questions` WHERE `active` = 1 AND `title` LIKE '%生%'  [ RunTime:0.0020s ]
SQL: SELECT * FROM `questions` WHERE `active` = 1 AND `title` LIKE '%生%'  [ RunTime:0.0020s ]
SQL: SELECT * FROM `questions` WHERE `active` = 1 AND `title` LIKE '%育%'  [ RunTime:0.0020s ]
SQL: SELECT * FROM `questions` WHERE `active` = 1 AND `title` LIKE '%津%'  [ RunTime:0.0000s ]
SQL: SELECT * FROM `questions` WHERE `active` = 1 AND `title` LIKE '%贴%'  [ RunTime:0.0010s ]
NOTIC: [8] Array to string conversion E:\www\weixin\tp\xcdy\Home\Controller\IndexController.class.php 第 44 行.
NOTIC: [8] Array to string conversion E:\www\weixin\tp\xcdy\Home\Controller\IndexController.class.php 第 44 行.
NOTIC: [8] Array to string conversion E:\www\weixin\tp\xcdy\Home\Controller\IndexController.class.php 第 44 行.
NOTIC: [8] Array to string conversion E:\www\weixin\tp\xcdy\Home\Controller\IndexController.class.php 第 44 行.
NOTIC: [8] Array to string conversion E:\www\weixin\tp\xcdy\Home\Controller\IndexController.class.php 第 44 行.
NOTIC: [8] Array to string conversion E:\www\weixin\tp\xcdy\Home\Controller\IndexController.class.php 第 44 行.
NOTIC: [8] Array to string conversion E:\www\weixin\tp\xcdy\Home\Controller\IndexController.class.php 第 44 行.
NOTIC: [8] Array to string conversion E:\www\weixin\tp\xcdy\Home\Controller\IndexController.class.php 第 44 行.
NOTIC: [8] Array to string conversion E:\www\weixin\tp\xcdy\Home\Controller\IndexController.class.php 第 44 行.
NOTIC: [8] Array to string conversion E:\www\weixin\tp\xcdy\Home\Controller\IndexController.class.php 第 44 行.
NOTIC: [8] Array to string conversion E:\www\weixin\tp\xcdy\Home\Controller\IndexController.class.php 第 44 行.
NOTIC: [8] Array to string conversion E:\www\weixin\tp\xcdy\Home\Controller\IndexController.class.php 第 44 行.
NOTIC: [8] Array to string conversion E:\www\weixin\tp\xcdy\Home\Controller\IndexController.class.php 第 44 行.
NOTIC: [8] Array to string conversion E:\www\weixin\tp\xcdy\Home\Controller\IndexController.class.php 第 44 行.
NOTIC: [8] Array to string conversion E:\www\weixin\tp\xcdy\Home\Controller\IndexController.class.php 第 44 行.
NOTIC: [8] Array to string conversion E:\www\weixin\tp\xcdy\Home\Controller\IndexController.class.php 第 44 行.
NOTIC: [8] Array to string conversion E:\www\weixin\tp\xcdy\Home\Controller\IndexController.class.php 第 44 行.
NOTIC: [8] Array to string conversion E:\www\weixin\tp\xcdy\Home\Controller\IndexController.class.php 第 44 行.
NOTIC: [8] Array to string conversion E:\www\weixin\tp\xcdy\Home\Controller\IndexController.class.php 第 44 行.
NOTIC: [8] Array to string conversion E:\www\weixin\tp\xcdy\Home\Controller\IndexController.class.php 第 44 行.
INFO: [ view_parse ] --START--
INFO: [ template_filter ] --START--
INFO: Run Behavior\ContentReplaceBehavior [ RunTime:0.000000s ]
INFO: [ template_filter ] --END-- [ RunTime:0.000000s ]
INFO: Run Behavior\ParseTemplateBehavior [ RunTime:0.057003s ]
INFO: [ view_parse ] --END-- [ RunTime:0.058004s ]
INFO: [ view_filter ] --START--
INFO: Run Behavior\WriteHtmlCacheBehavior [ RunTime:0.008000s ]
INFO: [ view_filter ] --END-- [ RunTime:0.008000s ]
INFO: [ app_end ] --START--
INFO: Run Behavior\ShowPageTraceBehavior [ RunTime:0.006000s ]
INFO: [ app_end ] --END-- [ RunTime:0.006000s ]

[ 2021-07-09T09:57:17+08:00 ] 111.199.185.248 /tp/xcdy.php/Home/Index/detail/id/58
INFO: [ app_init ] --START--
INFO: Run Behavior\BuildLiteBehavior [ RunTime:0.000000s ]
INFO: [ app_init ] --END-- [ RunTime:0.003001s ]
INFO: [ app_begin ] --START--
INFO: Run Behavior\ReadHtmlCacheBehavior [ RunTime:0.007001s ]
INFO: [ app_begin ] --END-- [ RunTime:0.007001s ]
SQL: SHOW COLUMNS FROM `questions` [ RunTime:0.0480s ]
SQL: SELECT * FROM `questions` WHERE `id` = 58 LIMIT 1   [ RunTime:0.0010s ]
INFO: [ view_parse ] --START--
INFO: [ template_filter ] --START--
INFO: Run Behavior\ContentReplaceBehavior [ RunTime:0.001000s ]
INFO: [ template_filter ] --END-- [ RunTime:0.001000s ]
INFO: Run Behavior\ParseTemplateBehavior [ RunTime:0.048002s ]
INFO: [ view_parse ] --END-- [ RunTime:0.048002s ]
INFO: [ view_filter ] --START--
INFO: Run Behavior\WriteHtmlCacheBehavior [ RunTime:0.007001s ]
INFO: [ view_filter ] --END-- [ RunTime:0.007001s ]
INFO: [ app_end ] --START--
INFO: Run Behavior\ShowPageTraceBehavior [ RunTime:0.006000s ]
INFO: [ app_end ] --END-- [ RunTime:0.007000s ]

[ 2021-07-09T09:57:33+08:00 ] 111.199.185.248 /tp/xcdy.php/Home/Index/detail/id/59
INFO: [ app_init ] --START--
INFO: Run Behavior\BuildLiteBehavior [ RunTime:0.000000s ]
INFO: [ app_init ] --END-- [ RunTime:0.004000s ]
INFO: [ app_begin ] --START--
INFO: Run Behavior\ReadHtmlCacheBehavior [ RunTime:0.006000s ]
INFO: [ app_begin ] --END-- [ RunTime:0.006000s ]
SQL: SHOW COLUMNS FROM `questions` [ RunTime:0.0520s ]
SQL: SELECT * FROM `questions` WHERE `id` = 59 LIMIT 1   [ RunTime:0.0010s ]
INFO: [ view_parse ] --START--
INFO: [ template_filter ] --START--
INFO: Run Behavior\ContentReplaceBehavior [ RunTime:0.000000s ]
INFO: [ template_filter ] --END-- [ RunTime:0.001000s ]
INFO: Run Behavior\ParseTemplateBehavior [ RunTime:0.051003s ]
INFO: [ view_parse ] --END-- [ RunTime:0.052003s ]
INFO: [ view_filter ] --START--
INFO: Run Behavior\WriteHtmlCacheBehavior [ RunTime:0.008000s ]
INFO: [ view_filter ] --END-- [ RunTime:0.008000s ]
INFO: [ app_end ] --START--
INFO: Run Behavior\ShowPageTraceBehavior [ RunTime:0.006001s ]
INFO: [ app_end ] --END-- [ RunTime:0.006001s ]

[ 2021-07-09T10:19:43+08:00 ] 114.254.3.249 /tp/xcdy.php
INFO: [ app_init ] --START--
INFO: Run Behavior\BuildLiteBehavior [ RunTime:0.000000s ]
INFO: [ app_init ] --END-- [ RunTime:0.004000s ]
INFO: [ app_begin ] --START--
INFO: Run Behavior\ReadHtmlCacheBehavior [ RunTime:0.008001s ]
INFO: [ app_begin ] --END-- [ RunTime:0.009001s ]
INFO: [ view_parse ] --START--
INFO: [ template_filter ] --START--
INFO: Run Behavior\ContentReplaceBehavior [ RunTime:0.001000s ]
INFO: [ template_filter ] --END-- [ RunTime:0.001000s ]
INFO: Run Behavior\ParseTemplateBehavior [ RunTime:0.054003s ]
INFO: [ view_parse ] --END-- [ RunTime:0.054003s ]
INFO: [ view_filter ] --START--
INFO: Run Behavior\WriteHtmlCacheBehavior [ RunTime:0.007001s ]
INFO: [ view_filter ] --END-- [ RunTime:0.007001s ]
INFO: [ app_end ] --START--
INFO: Run Behavior\ShowPageTraceBehavior [ RunTime:0.006000s ]
INFO: [ app_end ] --END-- [ RunTime:0.006000s ]

[ 2021-07-09T10:57:51+08:00 ] 220.194.107.222 /tp/xcdy.php
INFO: [ app_init ] --START--
INFO: Run Behavior\BuildLiteBehavior [ RunTime:0.000000s ]
INFO: [ app_init ] --END-- [ RunTime:0.004001s ]
INFO: [ app_begin ] --START--
INFO: Run Behavior\ReadHtmlCacheBehavior [ RunTime:0.007001s ]
INFO: [ app_begin ] --END-- [ RunTime:0.008001s ]
INFO: [ view_parse ] --START--
INFO: [ template_filter ] --START--
INFO: Run Behavior\ContentReplaceBehavior [ RunTime:0.000000s ]
INFO: [ template_filter ] --END-- [ RunTime:0.001000s ]
INFO: Run Behavior\ParseTemplateBehavior [ RunTime:0.054003s ]
INFO: [ view_parse ] --END-- [ RunTime:0.054003s ]
INFO: [ view_filter ] --START--
INFO: Run Behavior\WriteHtmlCacheBehavior [ RunTime:0.007001s ]
INFO: [ view_filter ] --END-- [ RunTime:0.007001s ]
INFO: [ app_end ] --START--
INFO: Run Behavior\ShowPageTraceBehavior [ RunTime:0.007000s ]
INFO: [ app_end ] --END-- [ RunTime:0.008000s ]

[ 2021-07-09T10:57:58+08:00 ] 220.194.107.222 /tp/xcdy.php/Home/Index/search?keyword=%E5%AD%B5%E5%8C%96
INFO: [ app_init ] --START--
INFO: Run Behavior\BuildLiteBehavior [ RunTime:0.000000s ]
INFO: [ app_init ] --END-- [ RunTime:0.005000s ]
INFO: [ app_begin ] --START--
INFO: Run Behavior\ReadHtmlCacheBehavior [ RunTime:0.006001s ]
INFO: [ app_begin ] --END-- [ RunTime:0.006001s ]
NOTIC: [2048] Redefining already defined constructor for class PSCWS4 E:\www\weixin\tp\ThinkPHP\Library\Org\pscws4\pscws4.class.php 第 120 行.
NOTIC: [2048] Redefining already defined constructor for class XDB_R E:\www\weixin\tp\ThinkPHP\Library\Org\pscws4\xdb_r.class.php 第 34 行.
NOTIC: [2] fopen(/path/to/etc/dict.utf8.xdb): failed to open stream: No such file or directory E:\www\weixin\tp\ThinkPHP\Library\Org\pscws4\xdb_r.class.php 第 42 行.
NOTIC: [512] XDB::Open(dict.utf8.xdb) failed. E:\www\weixin\tp\ThinkPHP\Library\Org\pscws4\xdb_r.class.php 第 44 行.
NOTIC: [2] fopen(/path/to/etc/rules.utf8.ini): failed to open stream: No such file or directory E:\www\weixin\tp\ThinkPHP\Library\Org\pscws4\pscws4.class.php 第 400 行.
SQL: SHOW COLUMNS FROM `questions` [ RunTime:0.0580s ]
SQL: SELECT * FROM `questions` WHERE `active` = 1 AND `title` LIKE '%孵%'  [ RunTime:0.0010s ]
SQL: SELECT * FROM `questions` WHERE `active` = 1 AND `title` LIKE '%化%'  [ RunTime:0.0010s ]
NOTIC: [8] Array to string conversion E:\www\weixin\tp\xcdy\Home\Controller\IndexController.class.php 第 44 行.
NOTIC: [8] Array to string conversion E:\www\weixin\tp\xcdy\Home\Controller\IndexController.class.php 第 44 行.
NOTIC: [8] Array to string conversion E:\www\weixin\tp\xcdy\Home\Controller\IndexController.class.php 第 44 行.
NOTIC: [8] Array to string conversion E:\www\weixin\tp\xcdy\Home\Controller\IndexController.class.php 第 44 行.
INFO: [ view_parse ] --START--
INFO: [ template_filter ] --START--
INFO: Run Behavior\ContentReplaceBehavior [ RunTime:0.001000s ]
INFO: [ template_filter ] --END-- [ RunTime:0.001000s ]
INFO: Run Behavior\ParseTemplateBehavior [ RunTime:0.059004s ]
INFO: [ view_parse ] --END-- [ RunTime:0.059004s ]
INFO: [ view_filter ] --START--
INFO: Run Behavior\WriteHtmlCacheBehavior [ RunTime:0.007000s ]
INFO: [ view_filter ] --END-- [ RunTime:0.007000s ]
INFO: [ app_end ] --START--
INFO: Run Behavior\ShowPageTraceBehavior [ RunTime:0.006000s ]
INFO: [ app_end ] --END-- [ RunTime:0.007000s ]

[ 2021-07-09T15:23:07+08:00 ] 220.194.107.222 /tp/xcdy.php
INFO: [ app_init ] --START--
INFO: Run Behavior\BuildLiteBehavior [ RunTime:0.000000s ]
INFO: [ app_init ] --END-- [ RunTime:0.005001s ]
INFO: [ app_begin ] --START--
INFO: Run Behavior\ReadHtmlCacheBehavior [ RunTime:0.007001s ]
INFO: [ app_begin ] --END-- [ RunTime:0.007001s ]
INFO: [ view_parse ] --START--
INFO: [ template_filter ] --START--
INFO: Run Behavior\ContentReplaceBehavior [ RunTime:0.000000s ]
INFO: [ template_filter ] --END-- [ RunTime:0.001000s ]
INFO: Run Behavior\ParseTemplateBehavior [ RunTime:0.049003s ]
INFO: [ view_parse ] --END-- [ RunTime:0.050003s ]
INFO: [ view_filter ] --START--
INFO: Run Behavior\WriteHtmlCacheBehavior [ RunTime:0.006000s ]
INFO: [ view_filter ] --END-- [ RunTime:0.007000s ]
INFO: [ app_end ] --START--
INFO: Run Behavior\ShowPageTraceBehavior [ RunTime:0.007001s ]
INFO: [ app_end ] --END-- [ RunTime:0.009001s ]

[ 2021-07-09T15:23:21+08:00 ] 220.194.107.222 /tp/xcdy.php/Home/Index/search?keyword=%E5%87%8F%E5%91%98%E8%A1%A8
INFO: [ app_init ] --START--
INFO: Run Behavior\BuildLiteBehavior [ RunTime:0.000000s ]
INFO: [ app_init ] --END-- [ RunTime:0.004000s ]
INFO: [ app_begin ] --START--
INFO: Run Behavior\ReadHtmlCacheBehavior [ RunTime:0.006001s ]
INFO: [ app_begin ] --END-- [ RunTime:0.006001s ]
NOTIC: [2048] Redefining already defined constructor for class PSCWS4 E:\www\weixin\tp\ThinkPHP\Library\Org\pscws4\pscws4.class.php 第 120 行.
NOTIC: [2048] Redefining already defined constructor for class XDB_R E:\www\weixin\tp\ThinkPHP\Library\Org\pscws4\xdb_r.class.php 第 34 行.
NOTIC: [2] fopen(/path/to/etc/dict.utf8.xdb): failed to open stream: No such file or directory E:\www\weixin\tp\ThinkPHP\Library\Org\pscws4\xdb_r.class.php 第 42 行.
NOTIC: [512] XDB::Open(dict.utf8.xdb) failed. E:\www\weixin\tp\ThinkPHP\Library\Org\pscws4\xdb_r.class.php 第 44 行.
NOTIC: [2] fopen(/path/to/etc/rules.utf8.ini): failed to open stream: No such file or directory E:\www\weixin\tp\ThinkPHP\Library\Org\pscws4\pscws4.class.php 第 400 行.
SQL: SHOW COLUMNS FROM `questions` [ RunTime:0.0450s ]
SQL: SELECT * FROM `questions` WHERE `active` = 1 AND `title` LIKE '%减%'  [ RunTime:0.0010s ]
SQL: SELECT * FROM `questions` WHERE `active` = 1 AND `title` LIKE '%员%'  [ RunTime:0.0030s ]
SQL: SELECT * FROM `questions` WHERE `active` = 1 AND `title` LIKE '%表%'  [ RunTime:0.0010s ]
NOTIC: [8] Array to string conversion E:\www\weixin\tp\xcdy\Home\Controller\IndexController.class.php 第 44 行.
NOTIC: [8] Array to string conversion E:\www\weixin\tp\xcdy\Home\Controller\IndexController.class.php 第 44 行.
NOTIC: [8] Array to string conversion E:\www\weixin\tp\xcdy\Home\Controller\IndexController.class.php 第 44 行.
NOTIC: [8] Array to string conversion E:\www\weixin\tp\xcdy\Home\Controller\IndexController.class.php 第 44 行.
NOTIC: [8] Array to string conversion E:\www\weixin\tp\xcdy\Home\Controller\IndexController.class.php 第 44 行.
NOTIC: [8] Array to string conversion E:\www\weixin\tp\xcdy\Home\Controller\IndexController.class.php 第 44 行.
NOTIC: [8] Array to string conversion E:\www\weixin\tp\xcdy\Home\Controller\IndexController.class.php 第 44 行.
NOTIC: [8] Array to string conversion E:\www\weixin\tp\xcdy\Home\Controller\IndexController.class.php 第 44 行.
INFO: [ view_parse ] --START--
INFO: [ template_filter ] --START--
INFO: Run Behavior\ContentReplaceBehavior [ RunTime:0.000000s ]
INFO: [ template_filter ] --END-- [ RunTime:0.000000s ]
INFO: Run Behavior\ParseTemplateBehavior [ RunTime:0.053003s ]
INFO: [ view_parse ] --END-- [ RunTime:0.054003s ]
INFO: [ view_filter ] --START--
INFO: Run Behavior\WriteHtmlCacheBehavior [ RunTime:0.006000s ]
INFO: [ view_filter ] --END-- [ RunTime:0.006000s ]
INFO: [ app_end ] --START--
INFO: Run Behavior\ShowPageTraceBehavior [ RunTime:0.006001s ]
INFO: [ app_end ] --END-- [ RunTime:0.006001s ]

[ 2021-07-09T15:23:22+08:00 ] 220.194.107.222 /tp/xcdy.php/Home/Index/search?keyword=%E5%87%8F%E5%91%98%E8%A1%A8
INFO: [ app_init ] --START--
INFO: Run Behavior\BuildLiteBehavior [ RunTime:0.000000s ]
INFO: [ app_init ] --END-- [ RunTime:0.004000s ]
INFO: [ app_begin ] --START--
INFO: Run Behavior\ReadHtmlCacheBehavior [ RunTime:0.006000s ]
INFO: [ app_begin ] --END-- [ RunTime:0.006000s ]
NOTIC: [2048] Redefining already defined constructor for class PSCWS4 E:\www\weixin\tp\ThinkPHP\Library\Org\pscws4\pscws4.class.php 第 120 行.
NOTIC: [2048] Redefining already defined constructor for class XDB_R E:\www\weixin\tp\ThinkPHP\Library\Org\pscws4\xdb_r.class.php 第 34 行.
NOTIC: [2] fopen(/path/to/etc/dict.utf8.xdb): failed to open stream: No such file or directory E:\www\weixin\tp\ThinkPHP\Library\Org\pscws4\xdb_r.class.php 第 42 行.
NOTIC: [512] XDB::Open(dict.utf8.xdb) failed. E:\www\weixin\tp\ThinkPHP\Library\Org\pscws4\xdb_r.class.php 第 44 行.
NOTIC: [2] fopen(/path/to/etc/rules.utf8.ini): failed to open stream: No such file or directory E:\www\weixin\tp\ThinkPHP\Library\Org\pscws4\pscws4.class.php 第 400 行.
SQL: SHOW COLUMNS FROM `questions` [ RunTime:0.0430s ]
SQL: SELECT * FROM `questions` WHERE `active` = 1 AND `title` LIKE '%减%'  [ RunTime:0.0010s ]
SQL: SELECT * FROM `questions` WHERE `active` = 1 AND `title` LIKE '%员%'  [ RunTime:0.0030s ]
SQL: SELECT * FROM `questions` WHERE `active` = 1 AND `title` LIKE '%表%'  [ RunTime:0.0000s ]
NOTIC: [8] Array to string conversion E:\www\weixin\tp\xcdy\Home\Controller\IndexController.class.php 第 44 行.
NOTIC: [8] Array to string conversion E:\www\weixin\tp\xcdy\Home\Controller\IndexController.class.php 第 44 行.
NOTIC: [8] Array to string conversion E:\www\weixin\tp\xcdy\Home\Controller\IndexController.class.php 第 44 行.
NOTIC: [8] Array to string conversion E:\www\weixin\tp\xcdy\Home\Controller\IndexController.class.php 第 44 行.
NOTIC: [8] Array to string conversion E:\www\weixin\tp\xcdy\Home\Controller\IndexController.class.php 第 44 行.
NOTIC: [8] Array to string conversion E:\www\weixin\tp\xcdy\Home\Controller\IndexController.class.php 第 44 行.
NOTIC: [8] Array to string conversion E:\www\weixin\tp\xcdy\Home\Controller\IndexController.class.php 第 44 行.
NOTIC: [8] Array to string conversion E:\www\weixin\tp\xcdy\Home\Controller\IndexController.class.php 第 44 行.
INFO: [ view_parse ] --START--
INFO: [ template_filter ] --START--
INFO: Run Behavior\ContentReplaceBehavior [ RunTime:0.000000s ]
INFO: [ template_filter ] --END-- [ RunTime:0.000000s ]
INFO: Run Behavior\ParseTemplateBehavior [ RunTime:0.056003s ]
INFO: [ view_parse ] --END-- [ RunTime:0.056003s ]
INFO: [ view_filter ] --START--
INFO: Run Behavior\WriteHtmlCacheBehavior [ RunTime:0.006001s ]
INFO: [ view_filter ] --END-- [ RunTime:0.006001s ]
INFO: [ app_end ] --START--
INFO: Run Behavior\ShowPageTraceBehavior [ RunTime:0.005000s ]
INFO: [ app_end ] --END-- [ RunTime:0.006000s ]

[ 2021-07-09T15:23:25+08:00 ] 220.194.107.222 /tp/xcdy.php/Home/Index/search?keyword=%E5%87%8F%E5%91%98%E8%A1%A8
INFO: [ app_init ] --START--
INFO: Run Behavior\BuildLiteBehavior [ RunTime:0.000000s ]
INFO: [ app_init ] --END-- [ RunTime:0.004000s ]
INFO: [ app_begin ] --START--
INFO: Run Behavior\ReadHtmlCacheBehavior [ RunTime:0.007000s ]
INFO: [ app_begin ] --END-- [ RunTime:0.007000s ]
NOTIC: [2048] Redefining already defined constructor for class PSCWS4 E:\www\weixin\tp\ThinkPHP\Library\Org\pscws4\pscws4.class.php 第 120 行.
NOTIC: [2048] Redefining already defined constructor for class XDB_R E:\www\weixin\tp\ThinkPHP\Library\Org\pscws4\xdb_r.class.php 第 34 行.
NOTIC: [2] fopen(/path/to/etc/dict.utf8.xdb): failed to open stream: No such file or directory E:\www\weixin\tp\ThinkPHP\Library\Org\pscws4\xdb_r.class.php 第 42 行.
NOTIC: [512] XDB::Open(dict.utf8.xdb) failed. E:\www\weixin\tp\ThinkPHP\Library\Org\pscws4\xdb_r.class.php 第 44 行.
NOTIC: [2] fopen(/path/to/etc/rules.utf8.ini): failed to open stream: No such file or directory E:\www\weixin\tp\ThinkPHP\Library\Org\pscws4\pscws4.class.php 第 400 行.
SQL: SHOW COLUMNS FROM `questions` [ RunTime:0.0480s ]
SQL: SELECT * FROM `questions` WHERE `active` = 1 AND `title` LIKE '%减%'  [ RunTime:0.0010s ]
SQL: SELECT * FROM `questions` WHERE `active` = 1 AND `title` LIKE '%员%'  [ RunTime:0.0020s ]
SQL: SELECT * FROM `questions` WHERE `active` = 1 AND `title` LIKE '%表%'  [ RunTime:0.0010s ]
NOTIC: [8] Array to string conversion E:\www\weixin\tp\xcdy\Home\Controller\IndexController.class.php 第 44 行.
NOTIC: [8] Array to string conversion E:\www\weixin\tp\xcdy\Home\Controller\IndexController.class.php 第 44 行.
NOTIC: [8] Array to string conversion E:\www\weixin\tp\xcdy\Home\Controller\IndexController.class.php 第 44 行.
NOTIC: [8] Array to string conversion E:\www\weixin\tp\xcdy\Home\Controller\IndexController.class.php 第 44 行.
NOTIC: [8] Array to string conversion E:\www\weixin\tp\xcdy\Home\Controller\IndexController.class.php 第 44 行.
NOTIC: [8] Array to string conversion E:\www\weixin\tp\xcdy\Home\Controller\IndexController.class.php 第 44 行.
NOTIC: [8] Array to string conversion E:\www\weixin\tp\xcdy\Home\Controller\IndexController.class.php 第 44 行.
NOTIC: [8] Array to string conversion E:\www\weixin\tp\xcdy\Home\Controller\IndexController.class.php 第 44 行.
INFO: [ view_parse ] --START--
INFO: [ template_filter ] --START--
INFO: Run Behavior\ContentReplaceBehavior [ RunTime:0.000000s ]
INFO: [ template_filter ] --END-- [ RunTime:0.001000s ]
INFO: Run Behavior\ParseTemplateBehavior [ RunTime:0.056004s ]
INFO: [ view_parse ] --END-- [ RunTime:0.057004s ]
INFO: [ view_filter ] --START--
INFO: Run Behavior\WriteHtmlCacheBehavior [ RunTime:0.005000s ]
INFO: [ view_filter ] --END-- [ RunTime:0.005000s ]
INFO: [ app_end ] --START--
INFO: Run Behavior\ShowPageTraceBehavior [ RunTime:0.006000s ]
INFO: [ app_end ] --END-- [ RunTime:0.006000s ]

[ 2021-07-09T15:28:40+08:00 ] 106.121.166.45 /tp/xcdy.php
INFO: [ app_init ] --START--
INFO: Run Behavior\BuildLiteBehavior [ RunTime:0.001000s ]
INFO: [ app_init ] --END-- [ RunTime:0.005000s ]
INFO: [ app_begin ] --START--
INFO: Run Behavior\ReadHtmlCacheBehavior [ RunTime:0.006000s ]
INFO: [ app_begin ] --END-- [ RunTime:0.007000s ]
INFO: [ view_parse ] --START--
INFO: [ template_filter ] --START--
INFO: Run Behavior\ContentReplaceBehavior [ RunTime:0.000000s ]
INFO: [ template_filter ] --END-- [ RunTime:0.000000s ]
INFO: Run Behavior\ParseTemplateBehavior [ RunTime:0.044003s ]
INFO: [ view_parse ] --END-- [ RunTime:0.044003s ]
INFO: [ view_filter ] --START--
INFO: Run Behavior\WriteHtmlCacheBehavior [ RunTime:0.006000s ]
INFO: [ view_filter ] --END-- [ RunTime:0.006000s ]
INFO: [ app_end ] --START--
INFO: Run Behavior\ShowPageTraceBehavior [ RunTime:0.006001s ]
INFO: [ app_end ] --END-- [ RunTime:0.006001s ]

[ 2021-07-09T16:28:56+08:00 ] 120.244.234.41 /tp/xcdy.php
INFO: [ app_init ] --START--
INFO: Run Behavior\BuildLiteBehavior [ RunTime:0.000000s ]
INFO: [ app_init ] --END-- [ RunTime:0.003001s ]
INFO: [ app_begin ] --START--
INFO: Run Behavior\ReadHtmlCacheBehavior [ RunTime:0.006001s ]
INFO: [ app_begin ] --END-- [ RunTime:0.006001s ]
INFO: [ view_parse ] --START--
INFO: [ template_filter ] --START--
INFO: Run Behavior\ContentReplaceBehavior [ RunTime:0.001000s ]
INFO: [ template_filter ] --END-- [ RunTime:0.001000s ]
INFO: Run Behavior\ParseTemplateBehavior [ RunTime:0.042002s ]
INFO: [ view_parse ] --END-- [ RunTime:0.042002s ]
INFO: [ view_filter ] --START--
INFO: Run Behavior\WriteHtmlCacheBehavior [ RunTime:0.005000s ]
INFO: [ view_filter ] --END-- [ RunTime:0.005000s ]
INFO: [ app_end ] --START--
INFO: Run Behavior\ShowPageTraceBehavior [ RunTime:0.005001s ]
INFO: [ app_end ] --END-- [ RunTime:0.005001s ]

[ 2021-07-09T16:29:11+08:00 ] 183.3.227.102 /tp/xcdy.php
INFO: [ app_init ] --START--
INFO: Run Behavior\BuildLiteBehavior [ RunTime:0.000000s ]
INFO: [ app_init ] --END-- [ RunTime:0.004001s ]
INFO: [ app_begin ] --START--
INFO: Run Behavior\ReadHtmlCacheBehavior [ RunTime:0.005001s ]
INFO: [ app_begin ] --END-- [ RunTime:0.005001s ]
INFO: [ view_parse ] --START--
INFO: [ template_filter ] --START--
INFO: Run Behavior\ContentReplaceBehavior [ RunTime:0.000000s ]
INFO: [ template_filter ] --END-- [ RunTime:0.000000s ]
INFO: Run Behavior\ParseTemplateBehavior [ RunTime:0.037002s ]
INFO: [ view_parse ] --END-- [ RunTime:0.038002s ]
INFO: [ view_filter ] --START--
INFO: Run Behavior\WriteHtmlCacheBehavior [ RunTime:0.005000s ]
INFO: [ view_filter ] --END-- [ RunTime:0.006000s ]
INFO: [ app_end ] --START--
INFO: Run Behavior\ShowPageTraceBehavior [ RunTime:0.005001s ]
INFO: [ app_end ] --END-- [ RunTime:0.005001s ]

[ 2021-07-09T16:29:19+08:00 ] 157.255.193.24 /tp/xcdy.php/Home/Index/search?keyword=%E7%A4%BE%E5%B9%B3%E5%B7%A5%E8%B5%84
INFO: [ app_init ] --START--
INFO: Run Behavior\BuildLiteBehavior [ RunTime:0.000000s ]
INFO: [ app_init ] --END-- [ RunTime:0.004001s ]
INFO: [ app_begin ] --START--
INFO: Run Behavior\ReadHtmlCacheBehavior [ RunTime:0.007000s ]
INFO: [ app_begin ] --END-- [ RunTime:0.007000s ]
NOTIC: [2048] Redefining already defined constructor for class PSCWS4 E:\www\weixin\tp\ThinkPHP\Library\Org\pscws4\pscws4.class.php 第 120 行.
NOTIC: [2048] Redefining already defined constructor for class XDB_R E:\www\weixin\tp\ThinkPHP\Library\Org\pscws4\xdb_r.class.php 第 34 行.
NOTIC: [2] fopen(/path/to/etc/dict.utf8.xdb): failed to open stream: No such file or directory E:\www\weixin\tp\ThinkPHP\Library\Org\pscws4\xdb_r.class.php 第 42 行.
NOTIC: [512] XDB::Open(dict.utf8.xdb) failed. E:\www\weixin\tp\ThinkPHP\Library\Org\pscws4\xdb_r.class.php 第 44 行.
NOTIC: [2] fopen(/path/to/etc/rules.utf8.ini): failed to open stream: No such file or directory E:\www\weixin\tp\ThinkPHP\Library\Org\pscws4\pscws4.class.php 第 400 行.
SQL: SHOW COLUMNS FROM `questions` [ RunTime:0.0430s ]
SQL: SELECT * FROM `questions` WHERE `active` = 1 AND `title` LIKE '%社%'  [ RunTime:0.0010s ]
SQL: SELECT * FROM `questions` WHERE `active` = 1 AND `title` LIKE '%平%'  [ RunTime:0.0010s ]
SQL: SELECT * FROM `questions` WHERE `active` = 1 AND `title` LIKE '%工%'  [ RunTime:0.0040s ]
SQL: SELECT * FROM `questions` WHERE `active` = 1 AND `title` LIKE '%资%'  [ RunTime:0.0000s ]
NOTIC: [8] Array to string conversion E:\www\weixin\tp\xcdy\Home\Controller\IndexController.class.php 第 44 行.
NOTIC: [8] Array to string conversion E:\www\weixin\tp\xcdy\Home\Controller\IndexController.class.php 第 44 行.
NOTIC: [8] Array to string conversion E:\www\weixin\tp\xcdy\Home\Controller\IndexController.class.php 第 44 行.
NOTIC: [8] Array to string conversion E:\www\weixin\tp\xcdy\Home\Controller\IndexController.class.php 第 44 行.
NOTIC: [8] Array to string conversion E:\www\weixin\tp\xcdy\Home\Controller\IndexController.class.php 第 44 行.
NOTIC: [8] Array to string conversion E:\www\weixin\tp\xcdy\Home\Controller\IndexController.class.php 第 44 行.
NOTIC: [8] Array to string conversion E:\www\weixin\tp\xcdy\Home\Controller\IndexController.class.php 第 44 行.
NOTIC: [8] Array to string conversion E:\www\weixin\tp\xcdy\Home\Controller\IndexController.class.php 第 44 行.
NOTIC: [8] Array to string conversion E:\www\weixin\tp\xcdy\Home\Controller\IndexController.class.php 第 44 行.
NOTIC: [8] Array to string conversion E:\www\weixin\tp\xcdy\Home\Controller\IndexController.class.php 第 44 行.
NOTIC: [8] Array to string conversion E:\www\weixin\tp\xcdy\Home\Controller\IndexController.class.php 第 44 行.
NOTIC: [8] Array to string conversion E:\www\weixin\tp\xcdy\Home\Controller\IndexController.class.php 第 44 行.
NOTIC: [8] Array to string conversion E:\www\weixin\tp\xcdy\Home\Controller\IndexController.class.php 第 44 行.
NOTIC: [8] Array to string conversion E:\www\weixin\tp\xcdy\Home\Controller\IndexController.class.php 第 44 行.
INFO: [ view_parse ] --START--
INFO: [ template_filter ] --START--
INFO: Run Behavior\ContentReplaceBehavior [ RunTime:0.000000s ]
INFO: [ template_filter ] --END-- [ RunTime:0.000000s ]
INFO: Run Behavior\ParseTemplateBehavior [ RunTime:0.058003s ]
INFO: [ view_parse ] --END-- [ RunTime:0.059003s ]
INFO: [ view_filter ] --START--
INFO: Run Behavior\WriteHtmlCacheBehavior [ RunTime:0.006000s ]
INFO: [ view_filter ] --END-- [ RunTime:0.006000s ]
INFO: [ app_end ] --START--
INFO: Run Behavior\ShowPageTraceBehavior [ RunTime:0.007001s ]
INFO: [ app_end ] --END-- [ RunTime:0.007001s ]

[ 2021-07-09T16:29:24+08:00 ] 183.3.227.102 /tp/xcdy.php/Home/Index/detail/id/17
INFO: [ app_init ] --START--
INFO: Run Behavior\BuildLiteBehavior [ RunTime:0.000000s ]
INFO: [ app_init ] --END-- [ RunTime:0.003000s ]
INFO: [ app_begin ] --START--
INFO: Run Behavior\ReadHtmlCacheBehavior [ RunTime:0.005000s ]
INFO: [ app_begin ] --END-- [ RunTime:0.005000s ]
SQL: SHOW COLUMNS FROM `questions` [ RunTime:0.0450s ]
SQL: SELECT * FROM `questions` WHERE `id` = 17 LIMIT 1   [ RunTime:0.0010s ]
INFO: [ view_parse ] --START--
INFO: [ template_filter ] --START--
INFO: Run Behavior\ContentReplaceBehavior [ RunTime:0.000000s ]
INFO: [ template_filter ] --END-- [ RunTime:0.001000s ]
INFO: Run Behavior\ParseTemplateBehavior [ RunTime:0.041002s ]
INFO: [ view_parse ] --END-- [ RunTime:0.042002s ]
INFO: [ view_filter ] --START--
INFO: Run Behavior\WriteHtmlCacheBehavior [ RunTime:0.006001s ]
INFO: [ view_filter ] --END-- [ RunTime:0.007001s ]
INFO: [ app_end ] --START--
INFO: Run Behavior\ShowPageTraceBehavior [ RunTime:0.005000s ]
INFO: [ app_end ] --END-- [ RunTime:0.005000s ]

[ 2021-07-09T16:29:35+08:00 ] 157.255.193.24 /tp/xcdy.php/Home/Index/detail/id/60
INFO: [ app_init ] --START--
INFO: Run Behavior\BuildLiteBehavior [ RunTime:0.001001s ]
INFO: [ app_init ] --END-- [ RunTime:0.006001s ]
INFO: [ app_begin ] --START--
INFO: Run Behavior\ReadHtmlCacheBehavior [ RunTime:0.006001s ]
INFO: [ app_begin ] --END-- [ RunTime:0.006001s ]
SQL: SHOW COLUMNS FROM `questions` [ RunTime:0.0400s ]
SQL: SELECT * FROM `questions` WHERE `id` = 60 LIMIT 1   [ RunTime:0.0010s ]
INFO: [ view_parse ] --START--
INFO: [ template_filter ] --START--
INFO: Run Behavior\ContentReplaceBehavior [ RunTime:0.000000s ]
INFO: [ template_filter ] --END-- [ RunTime:0.001000s ]
INFO: Run Behavior\ParseTemplateBehavior [ RunTime:0.047003s ]
INFO: [ view_parse ] --END-- [ RunTime:0.048003s ]
INFO: [ view_filter ] --START--
INFO: Run Behavior\WriteHtmlCacheBehavior [ RunTime:0.006000s ]
INFO: [ view_filter ] --END-- [ RunTime:0.006000s ]
INFO: [ app_end ] --START--
INFO: Run Behavior\ShowPageTraceBehavior [ RunTime:0.007000s ]
INFO: [ app_end ] --END-- [ RunTime:0.007000s ]

[ 2021-07-09T19:22:25+08:00 ] 220.194.106.92 /tp/xcdy.php
INFO: [ app_init ] --START--
INFO: Run Behavior\BuildLiteBehavior [ RunTime:0.000000s ]
INFO: [ app_init ] --END-- [ RunTime:0.004000s ]
INFO: [ app_begin ] --START--
INFO: Run Behavior\ReadHtmlCacheBehavior [ RunTime:0.005000s ]
INFO: [ app_begin ] --END-- [ RunTime:0.006000s ]
INFO: [ view_parse ] --START--
INFO: [ template_filter ] --START--
INFO: Run Behavior\ContentReplaceBehavior [ RunTime:0.000000s ]
INFO: [ template_filter ] --END-- [ RunTime:0.001000s ]
INFO: Run Behavior\ParseTemplateBehavior [ RunTime:0.046003s ]
INFO: [ view_parse ] --END-- [ RunTime:0.046003s ]
INFO: [ view_filter ] --START--
INFO: Run Behavior\WriteHtmlCacheBehavior [ RunTime:0.006000s ]
INFO: [ view_filter ] --END-- [ RunTime:0.007001s ]
INFO: [ app_end ] --START--
INFO: Run Behavior\ShowPageTraceBehavior [ RunTime:0.005000s ]
INFO: [ app_end ] --END-- [ RunTime:0.006000s ]

