[ 2019-09-02T21:05:55+08:00 ] 123.151.77.81 /tp/zmtsr.php?from=singlemessage&isappinstalled=0
INFO: [ app_init ] --START--
INFO: Run Behavior\BuildLiteBehavior [ RunTime:0.000000s ]
INFO: [ app_init ] --END-- [ RunTime:0.005000s ]
INFO: [ app_begin ] --START--
INFO: Run Behavior\ReadHtmlCacheBehavior [ RunTime:0.005001s ]
INFO: [ app_begin ] --END-- [ RunTime:0.006001s ]
NOTIC: [2048] Declaration of Home\Controller\IndexController::show() should be compatible with Think\Controller::show($content, $charset = '', $contentType = '', $prefix = '') E:\www\weixin\tp\zmtsr\Home\Controller\IndexController.class.php 第 133 行.
INFO: [ app_end ] --START--
INFO: Run Behavior\ShowPageTraceBehavior [ RunTime:0.005000s ]
INFO: [ app_end ] --END-- [ RunTime:0.005000s ]

[ 2019-09-02T21:05:56+08:00 ] 123.151.77.81 /tp/zmtsr.php
INFO: [ app_init ] --START--
INFO: Run Behavior\BuildLiteBehavior [ RunTime:0.000000s ]
INFO: [ app_init ] --END-- [ RunTime:0.004000s ]
INFO: [ app_begin ] --START--
INFO: Run Behavior\ReadHtmlCacheBehavior [ RunTime:0.006000s ]
INFO: [ app_begin ] --END-- [ RunTime:0.006000s ]
NOTIC: [2048] Declaration of Home\Controller\IndexController::show() should be compatible with Think\Controller::show($content, $charset = '', $contentType = '', $prefix = '') E:\www\weixin\tp\zmtsr\Home\Controller\IndexController.class.php 第 133 行.
INFO: [ view_parse ] --START--
INFO: [ template_filter ] --START--
INFO: Run Behavior\ContentReplaceBehavior [ RunTime:0.000000s ]
INFO: [ template_filter ] --END-- [ RunTime:0.001001s ]
INFO: Run Behavior\ParseTemplateBehavior [ RunTime:0.036002s ]
INFO: [ view_parse ] --END-- [ RunTime:0.037002s ]
INFO: [ view_filter ] --START--
INFO: Run Behavior\WriteHtmlCacheBehavior [ RunTime:0.004000s ]
INFO: [ view_filter ] --END-- [ RunTime:0.004000s ]
INFO: [ app_end ] --START--
INFO: Run Behavior\ShowPageTraceBehavior [ RunTime:0.006001s ]
INFO: [ app_end ] --END-- [ RunTime:0.006001s ]

[ 2019-09-02T21:55:29+08:00 ] 125.39.46.56 /tp/zmtsr.php?from=singlemessage&isappinstalled=0
INFO: [ app_init ] --START--
INFO: Run Behavior\BuildLiteBehavior [ RunTime:0.000000s ]
INFO: [ app_init ] --END-- [ RunTime:0.004000s ]
INFO: [ app_begin ] --START--
INFO: Run Behavior\ReadHtmlCacheBehavior [ RunTime:0.006000s ]
INFO: [ app_begin ] --END-- [ RunTime:0.007000s ]
NOTIC: [2048] Declaration of Home\Controller\IndexController::show() should be compatible with Think\Controller::show($content, $charset = '', $contentType = '', $prefix = '') E:\www\weixin\tp\zmtsr\Home\Controller\IndexController.class.php 第 133 行.
INFO: [ app_end ] --START--
INFO: Run Behavior\ShowPageTraceBehavior [ RunTime:0.005000s ]
INFO: [ app_end ] --END-- [ RunTime:0.005000s ]

[ 2019-09-02T21:55:31+08:00 ] 123.151.148.58 /tp/zmtsr.php
INFO: [ app_init ] --START--
INFO: Run Behavior\BuildLiteBehavior [ RunTime:0.000000s ]
INFO: [ app_init ] --END-- [ RunTime:0.003000s ]
INFO: [ app_begin ] --START--
INFO: Run Behavior\ReadHtmlCacheBehavior [ RunTime:0.007001s ]
INFO: [ app_begin ] --END-- [ RunTime:0.008001s ]
NOTIC: [2048] Declaration of Home\Controller\IndexController::show() should be compatible with Think\Controller::show($content, $charset = '', $contentType = '', $prefix = '') E:\www\weixin\tp\zmtsr\Home\Controller\IndexController.class.php 第 133 行.
INFO: [ view_parse ] --START--
INFO: [ template_filter ] --START--
INFO: Run Behavior\ContentReplaceBehavior [ RunTime:0.001000s ]
INFO: [ template_filter ] --END-- [ RunTime:0.001000s ]
INFO: Run Behavior\ParseTemplateBehavior [ RunTime:0.037002s ]
INFO: [ view_parse ] --END-- [ RunTime:0.038002s ]
INFO: [ view_filter ] --START--
INFO: Run Behavior\WriteHtmlCacheBehavior [ RunTime:0.006001s ]
INFO: [ view_filter ] --END-- [ RunTime:0.006001s ]
INFO: [ app_end ] --START--
INFO: Run Behavior\ShowPageTraceBehavior [ RunTime:0.006000s ]
INFO: [ app_end ] --END-- [ RunTime:0.006000s ]

