[ 2019-01-29T09:15:28+08:00 ] 123.151.77.123 /tp/xcdy.php
INFO: [ app_init ] --START--
INFO: Run Behavior\BuildLiteBehavior [ RunTime:0.000000s ]
INFO: [ app_init ] --END-- [ RunTime:0.000000s ]
INFO: [ app_begin ] --START--
INFO: Run Behavior\ReadHtmlCacheBehavior [ RunTime:0.000000s ]
INFO: [ app_begin ] --END-- [ RunTime:0.000000s ]
INFO: [ view_parse ] --START--
INFO: [ template_filter ] --START--
INFO: Run Behavior\ContentReplaceBehavior [ RunTime:0.000000s ]
INFO: [ template_filter ] --END-- [ RunTime:0.000000s ]
INFO: Run Behavior\ParseTemplateBehavior [ RunTime:0.046800s ]
INFO: [ view_parse ] --END-- [ RunTime:0.046800s ]
INFO: [ view_filter ] --START--
INFO: Run Behavior\WriteHtmlCacheBehavior [ RunTime:0.000000s ]
INFO: [ view_filter ] --END-- [ RunTime:0.000000s ]
INFO: [ app_end ] --START--
INFO: Run Behavior\ShowPageTraceBehavior [ RunTime:0.000000s ]
INFO: [ app_end ] --END-- [ RunTime:0.000000s ]

[ 2019-01-29T10:59:43+08:00 ] 123.151.77.48 /tp/xcdy.php
INFO: [ app_init ] --START--
INFO: Run Behavior\BuildLiteBehavior [ RunTime:0.000000s ]
INFO: [ app_init ] --END-- [ RunTime:0.000000s ]
INFO: [ app_begin ] --START--
INFO: Run Behavior\ReadHtmlCacheBehavior [ RunTime:0.015600s ]
INFO: [ app_begin ] --END-- [ RunTime:0.015600s ]
INFO: [ view_parse ] --START--
INFO: [ template_filter ] --START--
INFO: Run Behavior\ContentReplaceBehavior [ RunTime:0.000000s ]
INFO: [ template_filter ] --END-- [ RunTime:0.000000s ]
INFO: Run Behavior\ParseTemplateBehavior [ RunTime:0.015600s ]
INFO: [ view_parse ] --END-- [ RunTime:0.015600s ]
INFO: [ view_filter ] --START--
INFO: Run Behavior\WriteHtmlCacheBehavior [ RunTime:0.000000s ]
INFO: [ view_filter ] --END-- [ RunTime:0.000000s ]
INFO: [ app_end ] --START--
INFO: Run Behavior\ShowPageTraceBehavior [ RunTime:0.000000s ]
INFO: [ app_end ] --END-- [ RunTime:0.000000s ]

[ 2019-01-29T15:12:03+08:00 ] 117.136.38.187 /tp/xcdy.php
INFO: [ app_init ] --START--
INFO: Run Behavior\BuildLiteBehavior [ RunTime:0.000000s ]
INFO: [ app_init ] --END-- [ RunTime:0.000000s ]
INFO: [ app_begin ] --START--
INFO: Run Behavior\ReadHtmlCacheBehavior [ RunTime:0.000000s ]
INFO: [ app_begin ] --END-- [ RunTime:0.000000s ]
INFO: [ view_parse ] --START--
INFO: [ template_filter ] --START--
INFO: Run Behavior\ContentReplaceBehavior [ RunTime:0.000000s ]
INFO: [ template_filter ] --END-- [ RunTime:0.000000s ]
INFO: Run Behavior\ParseTemplateBehavior [ RunTime:0.015600s ]
INFO: [ view_parse ] --END-- [ RunTime:0.015600s ]
INFO: [ view_filter ] --START--
INFO: Run Behavior\WriteHtmlCacheBehavior [ RunTime:0.000000s ]
INFO: [ view_filter ] --END-- [ RunTime:0.000000s ]
INFO: [ app_end ] --START--
INFO: Run Behavior\ShowPageTraceBehavior [ RunTime:0.000000s ]
INFO: [ app_end ] --END-- [ RunTime:0.000000s ]

[ 2019-01-29T15:12:06+08:00 ] 117.136.38.187 /tp/xcdy.php/Home/Index/search?keyword=%E5%8C%BB%E7%96%97%E4%BF%9D%E9%9A%9C
INFO: [ app_init ] --START--
INFO: Run Behavior\BuildLiteBehavior [ RunTime:0.000000s ]
INFO: [ app_init ] --END-- [ RunTime:0.000000s ]
INFO: [ app_begin ] --START--
INFO: Run Behavior\ReadHtmlCacheBehavior [ RunTime:0.000000s ]
INFO: [ app_begin ] --END-- [ RunTime:0.000000s ]
NOTIC: [2048] Redefining already defined constructor for class PSCWS4 E:\www\weixin\tp\ThinkPHP\Library\Org\pscws4\pscws4.class.php 第 120 行.
NOTIC: [2048] Redefining already defined constructor for class XDB_R E:\www\weixin\tp\ThinkPHP\Library\Org\pscws4\xdb_r.class.php 第 34 行.
NOTIC: [2] fopen(/path/to/etc/dict.utf8.xdb): failed to open stream: No such file or directory E:\www\weixin\tp\ThinkPHP\Library\Org\pscws4\xdb_r.class.php 第 42 行.
NOTIC: [512] XDB::Open(dict.utf8.xdb) failed. E:\www\weixin\tp\ThinkPHP\Library\Org\pscws4\xdb_r.class.php 第 44 行.
NOTIC: [2] fopen(/path/to/etc/rules.utf8.ini): failed to open stream: No such file or directory E:\www\weixin\tp\ThinkPHP\Library\Org\pscws4\pscws4.class.php 第 400 行.
SQL: SHOW COLUMNS FROM `questions` [ RunTime:0.0936s ]
SQL: SELECT * FROM `questions` WHERE `active` = 1 AND `title` LIKE '%医%'  [ RunTime:0.0468s ]
SQL: SELECT * FROM `questions` WHERE `active` = 1 AND `title` LIKE '%疗%'  [ RunTime:0.0000s ]
SQL: SELECT * FROM `questions` WHERE `active` = 1 AND `title` LIKE '%保%'  [ RunTime:0.0000s ]
SQL: SELECT * FROM `questions` WHERE `active` = 1 AND `title` LIKE '%障%'  [ RunTime:0.0000s ]
NOTIC: [8] Array to string conversion E:\www\weixin\tp\xcdy\Home\Controller\IndexController.class.php 第 44 行.
NOTIC: [8] Array to string conversion E:\www\weixin\tp\xcdy\Home\Controller\IndexController.class.php 第 44 行.
NOTIC: [8] Array to string conversion E:\www\weixin\tp\xcdy\Home\Controller\IndexController.class.php 第 44 行.
NOTIC: [8] Array to string conversion E:\www\weixin\tp\xcdy\Home\Controller\IndexController.class.php 第 44 行.
NOTIC: [8] Array to string conversion E:\www\weixin\tp\xcdy\Home\Controller\IndexController.class.php 第 44 行.
NOTIC: [8] Array to string conversion E:\www\weixin\tp\xcdy\Home\Controller\IndexController.class.php 第 44 行.
NOTIC: [8] Array to string conversion E:\www\weixin\tp\xcdy\Home\Controller\IndexController.class.php 第 44 行.
NOTIC: [8] Array to string conversion E:\www\weixin\tp\xcdy\Home\Controller\IndexController.class.php 第 44 行.
NOTIC: [8] Array to string conversion E:\www\weixin\tp\xcdy\Home\Controller\IndexController.class.php 第 44 行.
NOTIC: [8] Array to string conversion E:\www\weixin\tp\xcdy\Home\Controller\IndexController.class.php 第 44 行.
NOTIC: [8] Array to string conversion E:\www\weixin\tp\xcdy\Home\Controller\IndexController.class.php 第 44 行.
NOTIC: [8] Array to string conversion E:\www\weixin\tp\xcdy\Home\Controller\IndexController.class.php 第 44 行.
NOTIC: [8] Array to string conversion E:\www\weixin\tp\xcdy\Home\Controller\IndexController.class.php 第 44 行.
NOTIC: [8] Array to string conversion E:\www\weixin\tp\xcdy\Home\Controller\IndexController.class.php 第 44 行.
INFO: [ view_parse ] --START--
INFO: [ template_filter ] --START--
INFO: Run Behavior\ContentReplaceBehavior [ RunTime:0.000000s ]
INFO: [ template_filter ] --END-- [ RunTime:0.000000s ]
INFO: Run Behavior\ParseTemplateBehavior [ RunTime:0.046800s ]
INFO: [ view_parse ] --END-- [ RunTime:0.046800s ]
INFO: [ view_filter ] --START--
INFO: Run Behavior\WriteHtmlCacheBehavior [ RunTime:0.000000s ]
INFO: [ view_filter ] --END-- [ RunTime:0.015600s ]
INFO: [ app_end ] --START--
INFO: Run Behavior\ShowPageTraceBehavior [ RunTime:0.000000s ]
INFO: [ app_end ] --END-- [ RunTime:0.000000s ]

[ 2019-01-29T15:54:53+08:00 ] 125.39.46.47 /tp/xcdy.php
INFO: [ app_init ] --START--
INFO: Run Behavior\BuildLiteBehavior [ RunTime:0.000000s ]
INFO: [ app_init ] --END-- [ RunTime:0.000000s ]
INFO: [ app_begin ] --START--
INFO: Run Behavior\ReadHtmlCacheBehavior [ RunTime:0.015600s ]
INFO: [ app_begin ] --END-- [ RunTime:0.015600s ]
INFO: [ view_parse ] --START--
INFO: [ template_filter ] --START--
INFO: Run Behavior\ContentReplaceBehavior [ RunTime:0.000000s ]
INFO: [ template_filter ] --END-- [ RunTime:0.000000s ]
INFO: Run Behavior\ParseTemplateBehavior [ RunTime:0.015600s ]
INFO: [ view_parse ] --END-- [ RunTime:0.015600s ]
INFO: [ view_filter ] --START--
INFO: Run Behavior\WriteHtmlCacheBehavior [ RunTime:0.000000s ]
INFO: [ view_filter ] --END-- [ RunTime:0.000000s ]
INFO: [ app_end ] --START--
INFO: Run Behavior\ShowPageTraceBehavior [ RunTime:0.000000s ]
INFO: [ app_end ] --END-- [ RunTime:0.000000s ]

