[ 2020-05-04T07:30:21+08:00 ] 111.197.78.199 /tp/xcdy.php
INFO: [ app_init ] --START--
INFO: Run Behavior\BuildLiteBehavior [ RunTime:0.000000s ]
INFO: [ app_init ] --END-- [ RunTime:0.002000s ]
INFO: [ app_begin ] --START--
INFO: Run Behavior\ReadHtmlCacheBehavior [ RunTime:0.003000s ]
INFO: [ app_begin ] --END-- [ RunTime:0.004000s ]
INFO: [ view_parse ] --START--
INFO: [ template_filter ] --START--
INFO: Run Behavior\ContentReplaceBehavior [ RunTime:0.001000s ]
INFO: [ template_filter ] --END-- [ RunTime:0.001000s ]
INFO: Run Behavior\ParseTemplateBehavior [ RunTime:0.028002s ]
INFO: [ view_parse ] --END-- [ RunTime:0.028002s ]
INFO: [ view_filter ] --START--
INFO: Run Behavior\WriteHtmlCacheBehavior [ RunTime:0.003000s ]
INFO: [ view_filter ] --END-- [ RunTime:0.003000s ]
INFO: [ app_end ] --START--
INFO: Run Behavior\ShowPageTraceBehavior [ RunTime:0.004000s ]
INFO: [ app_end ] --END-- [ RunTime:0.004000s ]

[ 2020-05-04T08:45:48+08:00 ] 111.196.244.186 /tp/xcdy.php
INFO: [ app_init ] --START--
INFO: Run Behavior\BuildLiteBehavior [ RunTime:0.000000s ]
INFO: [ app_init ] --END-- [ RunTime:0.004000s ]
INFO: [ app_begin ] --START--
INFO: Run Behavior\ReadHtmlCacheBehavior [ RunTime:0.006000s ]
INFO: [ app_begin ] --END-- [ RunTime:0.006000s ]
INFO: [ view_parse ] --START--
INFO: [ template_filter ] --START--
INFO: Run Behavior\ContentReplaceBehavior [ RunTime:0.000000s ]
INFO: [ template_filter ] --END-- [ RunTime:0.001000s ]
INFO: Run Behavior\ParseTemplateBehavior [ RunTime:0.031002s ]
INFO: [ view_parse ] --END-- [ RunTime:0.033002s ]
INFO: [ view_filter ] --START--
INFO: Run Behavior\WriteHtmlCacheBehavior [ RunTime:0.005000s ]
INFO: [ view_filter ] --END-- [ RunTime:0.005000s ]
INFO: [ app_end ] --START--
INFO: Run Behavior\ShowPageTraceBehavior [ RunTime:0.005000s ]
INFO: [ app_end ] --END-- [ RunTime:0.005000s ]

[ 2020-05-04T08:45:53+08:00 ] 111.196.244.186 /tp/xcdy.php/Home/Index/search?keyword=%E5%9C%B0%E9%93%81
INFO: [ app_init ] --START--
INFO: Run Behavior\BuildLiteBehavior [ RunTime:0.000000s ]
INFO: [ app_init ] --END-- [ RunTime:0.002000s ]
INFO: [ app_begin ] --START--
INFO: Run Behavior\ReadHtmlCacheBehavior [ RunTime:0.006000s ]
INFO: [ app_begin ] --END-- [ RunTime:0.006000s ]
NOTIC: [2048] Redefining already defined constructor for class PSCWS4 E:\www\weixin\tp\ThinkPHP\Library\Org\pscws4\pscws4.class.php 第 120 行.
NOTIC: [2048] Redefining already defined constructor for class XDB_R E:\www\weixin\tp\ThinkPHP\Library\Org\pscws4\xdb_r.class.php 第 34 行.
NOTIC: [2] fopen(/path/to/etc/dict.utf8.xdb): failed to open stream: No such file or directory E:\www\weixin\tp\ThinkPHP\Library\Org\pscws4\xdb_r.class.php 第 42 行.
NOTIC: [512] XDB::Open(dict.utf8.xdb) failed. E:\www\weixin\tp\ThinkPHP\Library\Org\pscws4\xdb_r.class.php 第 44 行.
NOTIC: [2] fopen(/path/to/etc/rules.utf8.ini): failed to open stream: No such file or directory E:\www\weixin\tp\ThinkPHP\Library\Org\pscws4\pscws4.class.php 第 400 行.
SQL: SHOW COLUMNS FROM `questions` [ RunTime:0.0240s ]
SQL: SELECT * FROM `questions` WHERE `active` = 1 AND `title` LIKE '%地%'  [ RunTime:0.0020s ]
SQL: SELECT * FROM `questions` WHERE `active` = 1 AND `title` LIKE '%铁%'  [ RunTime:0.0010s ]
NOTIC: [8] Array to string conversion E:\www\weixin\tp\xcdy\Home\Controller\IndexController.class.php 第 44 行.
NOTIC: [8] Array to string conversion E:\www\weixin\tp\xcdy\Home\Controller\IndexController.class.php 第 44 行.
NOTIC: [8] Array to string conversion E:\www\weixin\tp\xcdy\Home\Controller\IndexController.class.php 第 44 行.
NOTIC: [8] Array to string conversion E:\www\weixin\tp\xcdy\Home\Controller\IndexController.class.php 第 44 行.
INFO: [ view_parse ] --START--
INFO: [ template_filter ] --START--
INFO: Run Behavior\ContentReplaceBehavior [ RunTime:0.000000s ]
INFO: [ template_filter ] --END-- [ RunTime:0.001000s ]
INFO: Run Behavior\ParseTemplateBehavior [ RunTime:0.045002s ]
INFO: [ view_parse ] --END-- [ RunTime:0.045002s ]
INFO: [ view_filter ] --START--
INFO: Run Behavior\WriteHtmlCacheBehavior [ RunTime:0.006000s ]
INFO: [ view_filter ] --END-- [ RunTime:0.007000s ]
INFO: [ app_end ] --START--
INFO: Run Behavior\ShowPageTraceBehavior [ RunTime:0.007000s ]
INFO: [ app_end ] --END-- [ RunTime:0.007000s ]

[ 2020-05-04T08:49:16+08:00 ] 111.196.244.186 /tp/xcdy.php
INFO: [ app_init ] --START--
INFO: Run Behavior\BuildLiteBehavior [ RunTime:0.000000s ]
INFO: [ app_init ] --END-- [ RunTime:0.002000s ]
INFO: [ app_begin ] --START--
INFO: Run Behavior\ReadHtmlCacheBehavior [ RunTime:0.004000s ]
INFO: [ app_begin ] --END-- [ RunTime:0.004000s ]
INFO: [ view_parse ] --START--
INFO: [ template_filter ] --START--
INFO: Run Behavior\ContentReplaceBehavior [ RunTime:0.000000s ]
INFO: [ template_filter ] --END-- [ RunTime:0.000000s ]
INFO: Run Behavior\ParseTemplateBehavior [ RunTime:0.025002s ]
INFO: [ view_parse ] --END-- [ RunTime:0.025002s ]
INFO: [ view_filter ] --START--
INFO: Run Behavior\WriteHtmlCacheBehavior [ RunTime:0.003000s ]
INFO: [ view_filter ] --END-- [ RunTime:0.003000s ]
INFO: [ app_end ] --START--
INFO: Run Behavior\ShowPageTraceBehavior [ RunTime:0.003000s ]
INFO: [ app_end ] --END-- [ RunTime:0.003000s ]

[ 2020-05-04T09:23:13+08:00 ] 114.255.222.123 /tp/xcdy.php
INFO: [ app_init ] --START--
INFO: Run Behavior\BuildLiteBehavior [ RunTime:0.000000s ]
INFO: [ app_init ] --END-- [ RunTime:0.002000s ]
INFO: [ app_begin ] --START--
INFO: Run Behavior\ReadHtmlCacheBehavior [ RunTime:0.003000s ]
INFO: [ app_begin ] --END-- [ RunTime:0.003000s ]
INFO: [ view_parse ] --START--
INFO: [ template_filter ] --START--
INFO: Run Behavior\ContentReplaceBehavior [ RunTime:0.000000s ]
INFO: [ template_filter ] --END-- [ RunTime:0.001000s ]
INFO: Run Behavior\ParseTemplateBehavior [ RunTime:0.023001s ]
INFO: [ view_parse ] --END-- [ RunTime:0.023001s ]
INFO: [ view_filter ] --START--
INFO: Run Behavior\WriteHtmlCacheBehavior [ RunTime:0.003000s ]
INFO: [ view_filter ] --END-- [ RunTime:0.004000s ]
INFO: [ app_end ] --START--
INFO: Run Behavior\ShowPageTraceBehavior [ RunTime:0.004000s ]
INFO: [ app_end ] --END-- [ RunTime:0.005001s ]

[ 2020-05-04T09:23:39+08:00 ] 114.255.222.123 /tp/xcdy.php/Home/Index/search?keyword=%E7%A4%BE%E4%BF%9D%E6%80%8E%E4%B9%88%E8%BD%AC%E5%88%B0%E6%B2%B3%E5%8C%97%E7%9C%81%E9%82%AF%E9%83%B8%E5%B8%82
INFO: [ app_init ] --START--
INFO: Run Behavior\BuildLiteBehavior [ RunTime:0.000000s ]
INFO: [ app_init ] --END-- [ RunTime:0.002001s ]
INFO: [ app_begin ] --START--
INFO: Run Behavior\ReadHtmlCacheBehavior [ RunTime:0.003000s ]
INFO: [ app_begin ] --END-- [ RunTime:0.003000s ]
NOTIC: [2048] Redefining already defined constructor for class PSCWS4 E:\www\weixin\tp\ThinkPHP\Library\Org\pscws4\pscws4.class.php 第 120 行.
NOTIC: [2048] Redefining already defined constructor for class XDB_R E:\www\weixin\tp\ThinkPHP\Library\Org\pscws4\xdb_r.class.php 第 34 行.
NOTIC: [2] fopen(/path/to/etc/dict.utf8.xdb): failed to open stream: No such file or directory E:\www\weixin\tp\ThinkPHP\Library\Org\pscws4\xdb_r.class.php 第 42 行.
NOTIC: [512] XDB::Open(dict.utf8.xdb) failed. E:\www\weixin\tp\ThinkPHP\Library\Org\pscws4\xdb_r.class.php 第 44 行.
NOTIC: [2] fopen(/path/to/etc/rules.utf8.ini): failed to open stream: No such file or directory E:\www\weixin\tp\ThinkPHP\Library\Org\pscws4\pscws4.class.php 第 400 行.
SQL: SHOW COLUMNS FROM `questions` [ RunTime:0.0410s ]
SQL: SELECT * FROM `questions` WHERE `active` = 1 AND `title` LIKE '%社%'  [ RunTime:0.0020s ]
SQL: SELECT * FROM `questions` WHERE `active` = 1 AND `title` LIKE '%保%'  [ RunTime:0.0040s ]
SQL: SELECT * FROM `questions` WHERE `active` = 1 AND `title` LIKE '%怎%'  [ RunTime:0.0010s ]
SQL: SELECT * FROM `questions` WHERE `active` = 1 AND `title` LIKE '%么%'  [ RunTime:0.0020s ]
SQL: SELECT * FROM `questions` WHERE `active` = 1 AND `title` LIKE '%转%'  [ RunTime:0.0020s ]
SQL: SELECT * FROM `questions` WHERE `active` = 1 AND `title` LIKE '%到%'  [ RunTime:0.0010s ]
SQL: SELECT * FROM `questions` WHERE `active` = 1 AND `title` LIKE '%河%'  [ RunTime:0.0010s ]
SQL: SELECT * FROM `questions` WHERE `active` = 1 AND `title` LIKE '%北%'  [ RunTime:0.0020s ]
SQL: SELECT * FROM `questions` WHERE `active` = 1 AND `title` LIKE '%省%'  [ RunTime:0.0010s ]
SQL: SELECT * FROM `questions` WHERE `active` = 1 AND `title` LIKE '%邯%'  [ RunTime:0.0010s ]
SQL: SELECT * FROM `questions` WHERE `active` = 1 AND `title` LIKE '%郸%'  [ RunTime:0.0010s ]
SQL: SELECT * FROM `questions` WHERE `active` = 1 AND `title` LIKE '%市%'  [ RunTime:0.0010s ]
NOTIC: [8] Array to string conversion E:\www\weixin\tp\xcdy\Home\Controller\IndexController.class.php 第 44 行.
NOTIC: [8] Array to string conversion E:\www\weixin\tp\xcdy\Home\Controller\IndexController.class.php 第 44 行.
NOTIC: [8] Array to string conversion E:\www\weixin\tp\xcdy\Home\Controller\IndexController.class.php 第 44 行.
NOTIC: [8] Array to string conversion E:\www\weixin\tp\xcdy\Home\Controller\IndexController.class.php 第 44 行.
NOTIC: [8] Array to string conversion E:\www\weixin\tp\xcdy\Home\Controller\IndexController.class.php 第 44 行.
NOTIC: [8] Array to string conversion E:\www\weixin\tp\xcdy\Home\Controller\IndexController.class.php 第 44 行.
NOTIC: [8] Array to string conversion E:\www\weixin\tp\xcdy\Home\Controller\IndexController.class.php 第 44 行.
NOTIC: [8] Array to string conversion E:\www\weixin\tp\xcdy\Home\Controller\IndexController.class.php 第 44 行.
NOTIC: [8] Array to string conversion E:\www\weixin\tp\xcdy\Home\Controller\IndexController.class.php 第 44 行.
NOTIC: [8] Array to string conversion E:\www\weixin\tp\xcdy\Home\Controller\IndexController.class.php 第 44 行.
NOTIC: [8] Array to string conversion E:\www\weixin\tp\xcdy\Home\Controller\IndexController.class.php 第 44 行.
NOTIC: [8] Array to string conversion E:\www\weixin\tp\xcdy\Home\Controller\IndexController.class.php 第 44 行.
NOTIC: [8] Array to string conversion E:\www\weixin\tp\xcdy\Home\Controller\IndexController.class.php 第 44 行.
NOTIC: [8] Array to string conversion E:\www\weixin\tp\xcdy\Home\Controller\IndexController.class.php 第 44 行.
NOTIC: [8] Array to string conversion E:\www\weixin\tp\xcdy\Home\Controller\IndexController.class.php 第 44 行.
NOTIC: [8] Array to string conversion E:\www\weixin\tp\xcdy\Home\Controller\IndexController.class.php 第 44 行.
NOTIC: [8] Array to string conversion E:\www\weixin\tp\xcdy\Home\Controller\IndexController.class.php 第 44 行.
NOTIC: [8] Array to string conversion E:\www\weixin\tp\xcdy\Home\Controller\IndexController.class.php 第 44 行.
NOTIC: [8] Array to string conversion E:\www\weixin\tp\xcdy\Home\Controller\IndexController.class.php 第 44 行.
NOTIC: [8] Array to string conversion E:\www\weixin\tp\xcdy\Home\Controller\IndexController.class.php 第 44 行.
NOTIC: [8] Array to string conversion E:\www\weixin\tp\xcdy\Home\Controller\IndexController.class.php 第 44 行.
NOTIC: [8] Array to string conversion E:\www\weixin\tp\xcdy\Home\Controller\IndexController.class.php 第 44 行.
NOTIC: [8] Array to string conversion E:\www\weixin\tp\xcdy\Home\Controller\IndexController.class.php 第 44 行.
NOTIC: [8] Array to string conversion E:\www\weixin\tp\xcdy\Home\Controller\IndexController.class.php 第 44 行.
NOTIC: [8] Array to string conversion E:\www\weixin\tp\xcdy\Home\Controller\IndexController.class.php 第 44 行.
NOTIC: [8] Array to string conversion E:\www\weixin\tp\xcdy\Home\Controller\IndexController.class.php 第 44 行.
NOTIC: [8] Array to string conversion E:\www\weixin\tp\xcdy\Home\Controller\IndexController.class.php 第 44 行.
NOTIC: [8] Array to string conversion E:\www\weixin\tp\xcdy\Home\Controller\IndexController.class.php 第 44 行.
NOTIC: [8] Array to string conversion E:\www\weixin\tp\xcdy\Home\Controller\IndexController.class.php 第 44 行.
NOTIC: [8] Array to string conversion E:\www\weixin\tp\xcdy\Home\Controller\IndexController.class.php 第 44 行.
NOTIC: [8] Array to string conversion E:\www\weixin\tp\xcdy\Home\Controller\IndexController.class.php 第 44 行.
NOTIC: [8] Array to string conversion E:\www\weixin\tp\xcdy\Home\Controller\IndexController.class.php 第 44 行.
NOTIC: [8] Array to string conversion E:\www\weixin\tp\xcdy\Home\Controller\IndexController.class.php 第 44 行.
NOTIC: [8] Array to string conversion E:\www\weixin\tp\xcdy\Home\Controller\IndexController.class.php 第 44 行.
NOTIC: [8] Array to string conversion E:\www\weixin\tp\xcdy\Home\Controller\IndexController.class.php 第 44 行.
NOTIC: [8] Array to string conversion E:\www\weixin\tp\xcdy\Home\Controller\IndexController.class.php 第 44 行.
NOTIC: [8] Array to string conversion E:\www\weixin\tp\xcdy\Home\Controller\IndexController.class.php 第 44 行.
NOTIC: [8] Array to string conversion E:\www\weixin\tp\xcdy\Home\Controller\IndexController.class.php 第 44 行.
NOTIC: [8] Array to string conversion E:\www\weixin\tp\xcdy\Home\Controller\IndexController.class.php 第 44 行.
NOTIC: [8] Array to string conversion E:\www\weixin\tp\xcdy\Home\Controller\IndexController.class.php 第 44 行.
NOTIC: [8] Array to string conversion E:\www\weixin\tp\xcdy\Home\Controller\IndexController.class.php 第 44 行.
NOTIC: [8] Array to string conversion E:\www\weixin\tp\xcdy\Home\Controller\IndexController.class.php 第 44 行.
NOTIC: [8] Array to string conversion E:\www\weixin\tp\xcdy\Home\Controller\IndexController.class.php 第 44 行.
NOTIC: [8] Array to string conversion E:\www\weixin\tp\xcdy\Home\Controller\IndexController.class.php 第 44 行.
NOTIC: [8] Array to string conversion E:\www\weixin\tp\xcdy\Home\Controller\IndexController.class.php 第 44 行.
NOTIC: [8] Array to string conversion E:\www\weixin\tp\xcdy\Home\Controller\IndexController.class.php 第 44 行.
NOTIC: [8] Array to string conversion E:\www\weixin\tp\xcdy\Home\Controller\IndexController.class.php 第 44 行.
NOTIC: [8] Array to string conversion E:\www\weixin\tp\xcdy\Home\Controller\IndexController.class.php 第 44 行.
NOTIC: [8] Array to string conversion E:\www\weixin\tp\xcdy\Home\Controller\IndexController.class.php 第 44 行.
NOTIC: [8] Array to string conversion E:\www\weixin\tp\xcdy\Home\Controller\IndexController.class.php 第 44 行.
NOTIC: [8] Array to string conversion E:\www\weixin\tp\xcdy\Home\Controller\IndexController.class.php 第 44 行.
NOTIC: [8] Array to string conversion E:\www\weixin\tp\xcdy\Home\Controller\IndexController.class.php 第 44 行.
NOTIC: [8] Array to string conversion E:\www\weixin\tp\xcdy\Home\Controller\IndexController.class.php 第 44 行.
NOTIC: [8] Array to string conversion E:\www\weixin\tp\xcdy\Home\Controller\IndexController.class.php 第 44 行.
NOTIC: [8] Array to string conversion E:\www\weixin\tp\xcdy\Home\Controller\IndexController.class.php 第 44 行.
NOTIC: [8] Array to string conversion E:\www\weixin\tp\xcdy\Home\Controller\IndexController.class.php 第 44 行.
NOTIC: [8] Array to string conversion E:\www\weixin\tp\xcdy\Home\Controller\IndexController.class.php 第 44 行.
NOTIC: [8] Array to string conversion E:\www\weixin\tp\xcdy\Home\Controller\IndexController.class.php 第 44 行.
NOTIC: [8] Array to string conversion E:\www\weixin\tp\xcdy\Home\Controller\IndexController.class.php 第 44 行.
NOTIC: [8] Array to string conversion E:\www\weixin\tp\xcdy\Home\Controller\IndexController.class.php 第 44 行.
NOTIC: [8] Array to string conversion E:\www\weixin\tp\xcdy\Home\Controller\IndexController.class.php 第 44 行.
NOTIC: [8] Array to string conversion E:\www\weixin\tp\xcdy\Home\Controller\IndexController.class.php 第 44 行.
NOTIC: [8] Array to string conversion E:\www\weixin\tp\xcdy\Home\Controller\IndexController.class.php 第 44 行.
NOTIC: [8] Array to string conversion E:\www\weixin\tp\xcdy\Home\Controller\IndexController.class.php 第 44 行.
NOTIC: [8] Array to string conversion E:\www\weixin\tp\xcdy\Home\Controller\IndexController.class.php 第 44 行.
NOTIC: [8] Array to string conversion E:\www\weixin\tp\xcdy\Home\Controller\IndexController.class.php 第 44 行.
NOTIC: [8] Array to string conversion E:\www\weixin\tp\xcdy\Home\Controller\IndexController.class.php 第 44 行.
NOTIC: [8] Array to string conversion E:\www\weixin\tp\xcdy\Home\Controller\IndexController.class.php 第 44 行.
NOTIC: [8] Array to string conversion E:\www\weixin\tp\xcdy\Home\Controller\IndexController.class.php 第 44 行.
NOTIC: [8] Array to string conversion E:\www\weixin\tp\xcdy\Home\Controller\IndexController.class.php 第 44 行.
NOTIC: [8] Array to string conversion E:\www\weixin\tp\xcdy\Home\Controller\IndexController.class.php 第 44 行.
NOTIC: [8] Array to string conversion E:\www\weixin\tp\xcdy\Home\Controller\IndexController.class.php 第 44 行.
INFO: [ view_parse ] --START--
INFO: [ template_filter ] --START--
INFO: Run Behavior\ContentReplaceBehavior [ RunTime:0.001000s ]
INFO: [ template_filter ] --END-- [ RunTime:0.001000s ]
INFO: Run Behavior\ParseTemplateBehavior [ RunTime:0.046002s ]
INFO: [ view_parse ] --END-- [ RunTime:0.047002s ]
INFO: [ view_filter ] --START--
INFO: Run Behavior\WriteHtmlCacheBehavior [ RunTime:0.002001s ]
INFO: [ view_filter ] --END-- [ RunTime:0.003001s ]
INFO: [ app_end ] --START--
INFO: Run Behavior\ShowPageTraceBehavior [ RunTime:0.004000s ]
INFO: [ app_end ] --END-- [ RunTime:0.004000s ]

[ 2020-05-04T09:23:59+08:00 ] 114.255.222.123 /tp/xcdy.php/Home/Index/detail/id/60
INFO: [ app_init ] --START--
INFO: Run Behavior\BuildLiteBehavior [ RunTime:0.000000s ]
INFO: [ app_init ] --END-- [ RunTime:0.002000s ]
INFO: [ app_begin ] --START--
INFO: Run Behavior\ReadHtmlCacheBehavior [ RunTime:0.005000s ]
INFO: [ app_begin ] --END-- [ RunTime:0.005000s ]
SQL: SHOW COLUMNS FROM `questions` [ RunTime:0.0340s ]
SQL: SELECT * FROM `questions` WHERE `id` = 60 LIMIT 1   [ RunTime:0.0010s ]
INFO: [ view_parse ] --START--
INFO: [ template_filter ] --START--
INFO: Run Behavior\ContentReplaceBehavior [ RunTime:0.001000s ]
INFO: [ template_filter ] --END-- [ RunTime:0.002000s ]
INFO: Run Behavior\ParseTemplateBehavior [ RunTime:0.031001s ]
INFO: [ view_parse ] --END-- [ RunTime:0.033001s ]
INFO: [ view_filter ] --START--
INFO: Run Behavior\WriteHtmlCacheBehavior [ RunTime:0.003001s ]
INFO: [ view_filter ] --END-- [ RunTime:0.003001s ]
INFO: [ app_end ] --START--
INFO: Run Behavior\ShowPageTraceBehavior [ RunTime:0.003000s ]
INFO: [ app_end ] --END-- [ RunTime:0.004000s ]

[ 2020-05-04T09:27:04+08:00 ] 114.255.222.123 /tp/xcdy.php/Home/Index/search?keyword=%E7%A4%BE%E4%BF%9D%E6%80%8E%E4%B9%88%E8%BD%AC%E5%88%B0%E6%B2%B3%E5%8C%97%E7%9C%81%E9%82%AF%E9%83%B8%E5%B8%82%E9%9C%80%E8%A6%81%E4%BB%80%E4%B9%88%E6%89%8B%E7%BB%AD
INFO: [ app_init ] --START--
INFO: Run Behavior\BuildLiteBehavior [ RunTime:0.000000s ]
INFO: [ app_init ] --END-- [ RunTime:0.001000s ]
INFO: [ app_begin ] --START--
INFO: Run Behavior\ReadHtmlCacheBehavior [ RunTime:0.003000s ]
INFO: [ app_begin ] --END-- [ RunTime:0.003000s ]
NOTIC: [2048] Redefining already defined constructor for class PSCWS4 E:\www\weixin\tp\ThinkPHP\Library\Org\pscws4\pscws4.class.php 第 120 行.
NOTIC: [2048] Redefining already defined constructor for class XDB_R E:\www\weixin\tp\ThinkPHP\Library\Org\pscws4\xdb_r.class.php 第 34 行.
NOTIC: [2] fopen(/path/to/etc/dict.utf8.xdb): failed to open stream: No such file or directory E:\www\weixin\tp\ThinkPHP\Library\Org\pscws4\xdb_r.class.php 第 42 行.
NOTIC: [512] XDB::Open(dict.utf8.xdb) failed. E:\www\weixin\tp\ThinkPHP\Library\Org\pscws4\xdb_r.class.php 第 44 行.
NOTIC: [2] fopen(/path/to/etc/rules.utf8.ini): failed to open stream: No such file or directory E:\www\weixin\tp\ThinkPHP\Library\Org\pscws4\pscws4.class.php 第 400 行.
SQL: SHOW COLUMNS FROM `questions` [ RunTime:0.0380s ]
SQL: SELECT * FROM `questions` WHERE `active` = 1 AND `title` LIKE '%社%'  [ RunTime:0.0020s ]
SQL: SELECT * FROM `questions` WHERE `active` = 1 AND `title` LIKE '%保%'  [ RunTime:0.0040s ]
SQL: SELECT * FROM `questions` WHERE `active` = 1 AND `title` LIKE '%怎%'  [ RunTime:0.0010s ]
SQL: SELECT * FROM `questions` WHERE `active` = 1 AND `title` LIKE '%么%'  [ RunTime:0.0010s ]
SQL: SELECT * FROM `questions` WHERE `active` = 1 AND `title` LIKE '%转%'  [ RunTime:0.0020s ]
SQL: SELECT * FROM `questions` WHERE `active` = 1 AND `title` LIKE '%到%'  [ RunTime:0.0010s ]
SQL: SELECT * FROM `questions` WHERE `active` = 1 AND `title` LIKE '%河%'  [ RunTime:0.0020s ]
SQL: SELECT * FROM `questions` WHERE `active` = 1 AND `title` LIKE '%北%'  [ RunTime:0.0010s ]
SQL: SELECT * FROM `questions` WHERE `active` = 1 AND `title` LIKE '%省%'  [ RunTime:0.0010s ]
SQL: SELECT * FROM `questions` WHERE `active` = 1 AND `title` LIKE '%邯%'  [ RunTime:0.0010s ]
SQL: SELECT * FROM `questions` WHERE `active` = 1 AND `title` LIKE '%郸%'  [ RunTime:0.0010s ]
SQL: SELECT * FROM `questions` WHERE `active` = 1 AND `title` LIKE '%市%'  [ RunTime:0.0020s ]
SQL: SELECT * FROM `questions` WHERE `active` = 1 AND `title` LIKE '%需%'  [ RunTime:0.0010s ]
SQL: SELECT * FROM `questions` WHERE `active` = 1 AND `title` LIKE '%要%'  [ RunTime:0.0010s ]
SQL: SELECT * FROM `questions` WHERE `active` = 1 AND `title` LIKE '%什%'  [ RunTime:0.0010s ]
SQL: SELECT * FROM `questions` WHERE `active` = 1 AND `title` LIKE '%么%'  [ RunTime:0.0010s ]
SQL: SELECT * FROM `questions` WHERE `active` = 1 AND `title` LIKE '%手%'  [ RunTime:0.0010s ]
SQL: SELECT * FROM `questions` WHERE `active` = 1 AND `title` LIKE '%续%'  [ RunTime:0.0010s ]
NOTIC: [8] Array to string conversion E:\www\weixin\tp\xcdy\Home\Controller\IndexController.class.php 第 44 行.
NOTIC: [8] Array to string conversion E:\www\weixin\tp\xcdy\Home\Controller\IndexController.class.php 第 44 行.
NOTIC: [8] Array to string conversion E:\www\weixin\tp\xcdy\Home\Controller\IndexController.class.php 第 44 行.
NOTIC: [8] Array to string conversion E:\www\weixin\tp\xcdy\Home\Controller\IndexController.class.php 第 44 行.
NOTIC: [8] Array to string conversion E:\www\weixin\tp\xcdy\Home\Controller\IndexController.class.php 第 44 行.
NOTIC: [8] Array to string conversion E:\www\weixin\tp\xcdy\Home\Controller\IndexController.class.php 第 44 行.
NOTIC: [8] Array to string conversion E:\www\weixin\tp\xcdy\Home\Controller\IndexController.class.php 第 44 行.
NOTIC: [8] Array to string conversion E:\www\weixin\tp\xcdy\Home\Controller\IndexController.class.php 第 44 行.
NOTIC: [8] Array to string conversion E:\www\weixin\tp\xcdy\Home\Controller\IndexController.class.php 第 44 行.
NOTIC: [8] Array to string conversion E:\www\weixin\tp\xcdy\Home\Controller\IndexController.class.php 第 44 行.
NOTIC: [8] Array to string conversion E:\www\weixin\tp\xcdy\Home\Controller\IndexController.class.php 第 44 行.
NOTIC: [8] Array to string conversion E:\www\weixin\tp\xcdy\Home\Controller\IndexController.class.php 第 44 行.
NOTIC: [8] Array to string conversion E:\www\weixin\tp\xcdy\Home\Controller\IndexController.class.php 第 44 行.
NOTIC: [8] Array to string conversion E:\www\weixin\tp\xcdy\Home\Controller\IndexController.class.php 第 44 行.
NOTIC: [8] Array to string conversion E:\www\weixin\tp\xcdy\Home\Controller\IndexController.class.php 第 44 行.
NOTIC: [8] Array to string conversion E:\www\weixin\tp\xcdy\Home\Controller\IndexController.class.php 第 44 行.
NOTIC: [8] Array to string conversion E:\www\weixin\tp\xcdy\Home\Controller\IndexController.class.php 第 44 行.
NOTIC: [8] Array to string conversion E:\www\weixin\tp\xcdy\Home\Controller\IndexController.class.php 第 44 行.
NOTIC: [8] Array to string conversion E:\www\weixin\tp\xcdy\Home\Controller\IndexController.class.php 第 44 行.
NOTIC: [8] Array to string conversion E:\www\weixin\tp\xcdy\Home\Controller\IndexController.class.php 第 44 行.
NOTIC: [8] Array to string conversion E:\www\weixin\tp\xcdy\Home\Controller\IndexController.class.php 第 44 行.
NOTIC: [8] Array to string conversion E:\www\weixin\tp\xcdy\Home\Controller\IndexController.class.php 第 44 行.
NOTIC: [8] Array to string conversion E:\www\weixin\tp\xcdy\Home\Controller\IndexController.class.php 第 44 行.
NOTIC: [8] Array to string conversion E:\www\weixin\tp\xcdy\Home\Controller\IndexController.class.php 第 44 行.
NOTIC: [8] Array to string conversion E:\www\weixin\tp\xcdy\Home\Controller\IndexController.class.php 第 44 行.
NOTIC: [8] Array to string conversion E:\www\weixin\tp\xcdy\Home\Controller\IndexController.class.php 第 44 行.
NOTIC: [8] Array to string conversion E:\www\weixin\tp\xcdy\Home\Controller\IndexController.class.php 第 44 行.
NOTIC: [8] Array to string conversion E:\www\weixin\tp\xcdy\Home\Controller\IndexController.class.php 第 44 行.
NOTIC: [8] Array to string conversion E:\www\weixin\tp\xcdy\Home\Controller\IndexController.class.php 第 44 行.
NOTIC: [8] Array to string conversion E:\www\weixin\tp\xcdy\Home\Controller\IndexController.class.php 第 44 行.
NOTIC: [8] Array to string conversion E:\www\weixin\tp\xcdy\Home\Controller\IndexController.class.php 第 44 行.
NOTIC: [8] Array to string conversion E:\www\weixin\tp\xcdy\Home\Controller\IndexController.class.php 第 44 行.
NOTIC: [8] Array to string conversion E:\www\weixin\tp\xcdy\Home\Controller\IndexController.class.php 第 44 行.
NOTIC: [8] Array to string conversion E:\www\weixin\tp\xcdy\Home\Controller\IndexController.class.php 第 44 行.
NOTIC: [8] Array to string conversion E:\www\weixin\tp\xcdy\Home\Controller\IndexController.class.php 第 44 行.
NOTIC: [8] Array to string conversion E:\www\weixin\tp\xcdy\Home\Controller\IndexController.class.php 第 44 行.
NOTIC: [8] Array to string conversion E:\www\weixin\tp\xcdy\Home\Controller\IndexController.class.php 第 44 行.
NOTIC: [8] Array to string conversion E:\www\weixin\tp\xcdy\Home\Controller\IndexController.class.php 第 44 行.
NOTIC: [8] Array to string conversion E:\www\weixin\tp\xcdy\Home\Controller\IndexController.class.php 第 44 行.
NOTIC: [8] Array to string conversion E:\www\weixin\tp\xcdy\Home\Controller\IndexController.class.php 第 44 行.
NOTIC: [8] Array to string conversion E:\www\weixin\tp\xcdy\Home\Controller\IndexController.class.php 第 44 行.
NOTIC: [8] Array to string conversion E:\www\weixin\tp\xcdy\Home\Controller\IndexController.class.php 第 44 行.
NOTIC: [8] Array to string conversion E:\www\weixin\tp\xcdy\Home\Controller\IndexController.class.php 第 44 行.
NOTIC: [8] Array to string conversion E:\www\weixin\tp\xcdy\Home\Controller\IndexController.class.php 第 44 行.
NOTIC: [8] Array to string conversion E:\www\weixin\tp\xcdy\Home\Controller\IndexController.class.php 第 44 行.
NOTIC: [8] Array to string conversion E:\www\weixin\tp\xcdy\Home\Controller\IndexController.class.php 第 44 行.
NOTIC: [8] Array to string conversion E:\www\weixin\tp\xcdy\Home\Controller\IndexController.class.php 第 44 行.
NOTIC: [8] Array to string conversion E:\www\weixin\tp\xcdy\Home\Controller\IndexController.class.php 第 44 行.
NOTIC: [8] Array to string conversion E:\www\weixin\tp\xcdy\Home\Controller\IndexController.class.php 第 44 行.
NOTIC: [8] Array to string conversion E:\www\weixin\tp\xcdy\Home\Controller\IndexController.class.php 第 44 行.
NOTIC: [8] Array to string conversion E:\www\weixin\tp\xcdy\Home\Controller\IndexController.class.php 第 44 行.
NOTIC: [8] Array to string conversion E:\www\weixin\tp\xcdy\Home\Controller\IndexController.class.php 第 44 行.
NOTIC: [8] Array to string conversion E:\www\weixin\tp\xcdy\Home\Controller\IndexController.class.php 第 44 行.
NOTIC: [8] Array to string conversion E:\www\weixin\tp\xcdy\Home\Controller\IndexController.class.php 第 44 行.
NOTIC: [8] Array to string conversion E:\www\weixin\tp\xcdy\Home\Controller\IndexController.class.php 第 44 行.
NOTIC: [8] Array to string conversion E:\www\weixin\tp\xcdy\Home\Controller\IndexController.class.php 第 44 行.
NOTIC: [8] Array to string conversion E:\www\weixin\tp\xcdy\Home\Controller\IndexController.class.php 第 44 行.
NOTIC: [8] Array to string conversion E:\www\weixin\tp\xcdy\Home\Controller\IndexController.class.php 第 44 行.
NOTIC: [8] Array to string conversion E:\www\weixin\tp\xcdy\Home\Controller\IndexController.class.php 第 44 行.
NOTIC: [8] Array to string conversion E:\www\weixin\tp\xcdy\Home\Controller\IndexController.class.php 第 44 行.
NOTIC: [8] Array to string conversion E:\www\weixin\tp\xcdy\Home\Controller\IndexController.class.php 第 44 行.
NOTIC: [8] Array to string conversion E:\www\weixin\tp\xcdy\Home\Controller\IndexController.class.php 第 44 行.
NOTIC: [8] Array to string conversion E:\www\weixin\tp\xcdy\Home\Controller\IndexController.class.php 第 44 行.
NOTIC: [8] Array to string conversion E:\www\weixin\tp\xcdy\Home\Controller\IndexController.class.php 第 44 行.
NOTIC: [8] Array to string conversion E:\www\weixin\tp\xcdy\Home\Controller\IndexController.class.php 第 44 行.
NOTIC: [8] Array to string conversion E:\www\weixin\tp\xcdy\Home\Controller\IndexController.class.php 第 44 行.
NOTIC: [8] Array to string conversion E:\www\weixin\tp\xcdy\Home\Controller\IndexController.class.php 第 44 行.
NOTIC: [8] Array to string conversion E:\www\weixin\tp\xcdy\Home\Controller\IndexController.class.php 第 44 行.
NOTIC: [8] Array to string conversion E:\www\weixin\tp\xcdy\Home\Controller\IndexController.class.php 第 44 行.
NOTIC: [8] Array to string conversion E:\www\weixin\tp\xcdy\Home\Controller\IndexController.class.php 第 44 行.
NOTIC: [8] Array to string conversion E:\www\weixin\tp\xcdy\Home\Controller\IndexController.class.php 第 44 行.
NOTIC: [8] Array to string conversion E:\www\weixin\tp\xcdy\Home\Controller\IndexController.class.php 第 44 行.
NOTIC: [8] Array to string conversion E:\www\weixin\tp\xcdy\Home\Controller\IndexController.class.php 第 44 行.
NOTIC: [8] Array to string conversion E:\www\weixin\tp\xcdy\Home\Controller\IndexController.class.php 第 44 行.
NOTIC: [8] Array to string conversion E:\www\weixin\tp\xcdy\Home\Controller\IndexController.class.php 第 44 行.
NOTIC: [8] Array to string conversion E:\www\weixin\tp\xcdy\Home\Controller\IndexController.class.php 第 44 行.
NOTIC: [8] Array to string conversion E:\www\weixin\tp\xcdy\Home\Controller\IndexController.class.php 第 44 行.
NOTIC: [8] Array to string conversion E:\www\weixin\tp\xcdy\Home\Controller\IndexController.class.php 第 44 行.
NOTIC: [8] Array to string conversion E:\www\weixin\tp\xcdy\Home\Controller\IndexController.class.php 第 44 行.
NOTIC: [8] Array to string conversion E:\www\weixin\tp\xcdy\Home\Controller\IndexController.class.php 第 44 行.
NOTIC: [8] Array to string conversion E:\www\weixin\tp\xcdy\Home\Controller\IndexController.class.php 第 44 行.
NOTIC: [8] Array to string conversion E:\www\weixin\tp\xcdy\Home\Controller\IndexController.class.php 第 44 行.
NOTIC: [8] Array to string conversion E:\www\weixin\tp\xcdy\Home\Controller\IndexController.class.php 第 44 行.
NOTIC: [8] Array to string conversion E:\www\weixin\tp\xcdy\Home\Controller\IndexController.class.php 第 44 行.
NOTIC: [8] Array to string conversion E:\www\weixin\tp\xcdy\Home\Controller\IndexController.class.php 第 44 行.
NOTIC: [8] Array to string conversion E:\www\weixin\tp\xcdy\Home\Controller\IndexController.class.php 第 44 行.
NOTIC: [8] Array to string conversion E:\www\weixin\tp\xcdy\Home\Controller\IndexController.class.php 第 44 行.
NOTIC: [8] Array to string conversion E:\www\weixin\tp\xcdy\Home\Controller\IndexController.class.php 第 44 行.
NOTIC: [8] Array to string conversion E:\www\weixin\tp\xcdy\Home\Controller\IndexController.class.php 第 44 行.
NOTIC: [8] Array to string conversion E:\www\weixin\tp\xcdy\Home\Controller\IndexController.class.php 第 44 行.
NOTIC: [8] Array to string conversion E:\www\weixin\tp\xcdy\Home\Controller\IndexController.class.php 第 44 行.
NOTIC: [8] Array to string conversion E:\www\weixin\tp\xcdy\Home\Controller\IndexController.class.php 第 44 行.
NOTIC: [8] Array to string conversion E:\www\weixin\tp\xcdy\Home\Controller\IndexController.class.php 第 44 行.
NOTIC: [8] Array to string conversion E:\www\weixin\tp\xcdy\Home\Controller\IndexController.class.php 第 44 行.
NOTIC: [8] Array to string conversion E:\www\weixin\tp\xcdy\Home\Controller\IndexController.class.php 第 44 行.
NOTIC: [8] Array to string conversion E:\www\weixin\tp\xcdy\Home\Controller\IndexController.class.php 第 44 行.
NOTIC: [8] Array to string conversion E:\www\weixin\tp\xcdy\Home\Controller\IndexController.class.php 第 44 行.
NOTIC: [8] Array to string conversion E:\www\weixin\tp\xcdy\Home\Controller\IndexController.class.php 第 44 行.
NOTIC: [8] Array to string conversion E:\www\weixin\tp\xcdy\Home\Controller\IndexController.class.php 第 44 行.
NOTIC: [8] Array to string conversion E:\www\weixin\tp\xcdy\Home\Controller\IndexController.class.php 第 44 行.
NOTIC: [8] Array to string conversion E:\www\weixin\tp\xcdy\Home\Controller\IndexController.class.php 第 44 行.
NOTIC: [8] Array to string conversion E:\www\weixin\tp\xcdy\Home\Controller\IndexController.class.php 第 44 行.
NOTIC: [8] Array to string conversion E:\www\weixin\tp\xcdy\Home\Controller\IndexController.class.php 第 44 行.
NOTIC: [8] Array to string conversion E:\www\weixin\tp\xcdy\Home\Controller\IndexController.class.php 第 44 行.
NOTIC: [8] Array to string conversion E:\www\weixin\tp\xcdy\Home\Controller\IndexController.class.php 第 44 行.
NOTIC: [8] Array to string conversion E:\www\weixin\tp\xcdy\Home\Controller\IndexController.class.php 第 44 行.
NOTIC: [8] Array to string conversion E:\www\weixin\tp\xcdy\Home\Controller\IndexController.class.php 第 44 行.
NOTIC: [8] Array to string conversion E:\www\weixin\tp\xcdy\Home\Controller\IndexController.class.php 第 44 行.
NOTIC: [8] Array to string conversion E:\www\weixin\tp\xcdy\Home\Controller\IndexController.class.php 第 44 行.
NOTIC: [8] Array to string conversion E:\www\weixin\tp\xcdy\Home\Controller\IndexController.class.php 第 44 行.
NOTIC: [8] Array to string conversion E:\www\weixin\tp\xcdy\Home\Controller\IndexController.class.php 第 44 行.
NOTIC: [8] Array to string conversion E:\www\weixin\tp\xcdy\Home\Controller\IndexController.class.php 第 44 行.
NOTIC: [8] Array to string conversion E:\www\weixin\tp\xcdy\Home\Controller\IndexController.class.php 第 44 行.
NOTIC: [8] Array to string conversion E:\www\weixin\tp\xcdy\Home\Controller\IndexController.class.php 第 44 行.
NOTIC: [8] Array to string conversion E:\www\weixin\tp\xcdy\Home\Controller\IndexController.class.php 第 44 行.
NOTIC: [8] Array to string conversion E:\www\weixin\tp\xcdy\Home\Controller\IndexController.class.php 第 44 行.
NOTIC: [8] Array to string conversion E:\www\weixin\tp\xcdy\Home\Controller\IndexController.class.php 第 44 行.
NOTIC: [8] Array to string conversion E:\www\weixin\tp\xcdy\Home\Controller\IndexController.class.php 第 44 行.
NOTIC: [8] Array to string conversion E:\www\weixin\tp\xcdy\Home\Controller\IndexController.class.php 第 44 行.
NOTIC: [8] Array to string conversion E:\www\weixin\tp\xcdy\Home\Controller\IndexController.class.php 第 44 行.
NOTIC: [8] Array to string conversion E:\www\weixin\tp\xcdy\Home\Controller\IndexController.class.php 第 44 行.
NOTIC: [8] Array to string conversion E:\www\weixin\tp\xcdy\Home\Controller\IndexController.class.php 第 44 行.
NOTIC: [8] Array to string conversion E:\www\weixin\tp\xcdy\Home\Controller\IndexController.class.php 第 44 行.
NOTIC: [8] Array to string conversion E:\www\weixin\tp\xcdy\Home\Controller\IndexController.class.php 第 44 行.
NOTIC: [8] Array to string conversion E:\www\weixin\tp\xcdy\Home\Controller\IndexController.class.php 第 44 行.
NOTIC: [8] Array to string conversion E:\www\weixin\tp\xcdy\Home\Controller\IndexController.class.php 第 44 行.
INFO: [ view_parse ] --START--
INFO: [ template_filter ] --START--
INFO: Run Behavior\ContentReplaceBehavior [ RunTime:0.001000s ]
INFO: [ template_filter ] --END-- [ RunTime:0.001000s ]
INFO: Run Behavior\ParseTemplateBehavior [ RunTime:0.035002s ]
INFO: [ view_parse ] --END-- [ RunTime:0.036002s ]
INFO: [ view_filter ] --START--
INFO: Run Behavior\WriteHtmlCacheBehavior [ RunTime:0.003000s ]
INFO: [ view_filter ] --END-- [ RunTime:0.003000s ]
INFO: [ app_end ] --START--
INFO: Run Behavior\ShowPageTraceBehavior [ RunTime:0.002000s ]
INFO: [ app_end ] --END-- [ RunTime:0.002000s ]

[ 2020-05-04T09:27:36+08:00 ] 114.255.222.123 /tp/xcdy.php/Home/Index/detail/id/60
INFO: [ app_init ] --START--
INFO: Run Behavior\BuildLiteBehavior [ RunTime:0.000000s ]
INFO: [ app_init ] --END-- [ RunTime:0.002000s ]
INFO: [ app_begin ] --START--
INFO: Run Behavior\ReadHtmlCacheBehavior [ RunTime:0.003001s ]
INFO: [ app_begin ] --END-- [ RunTime:0.003001s ]
SQL: SHOW COLUMNS FROM `questions` [ RunTime:0.0360s ]
SQL: SELECT * FROM `questions` WHERE `id` = 60 LIMIT 1   [ RunTime:0.0010s ]
INFO: [ view_parse ] --START--
INFO: [ template_filter ] --START--
INFO: Run Behavior\ContentReplaceBehavior [ RunTime:0.000000s ]
INFO: [ template_filter ] --END-- [ RunTime:0.001000s ]
INFO: Run Behavior\ParseTemplateBehavior [ RunTime:0.027002s ]
INFO: [ view_parse ] --END-- [ RunTime:0.028002s ]
INFO: [ view_filter ] --START--
INFO: Run Behavior\WriteHtmlCacheBehavior [ RunTime:0.004000s ]
INFO: [ view_filter ] --END-- [ RunTime:0.004000s ]
INFO: [ app_end ] --START--
INFO: Run Behavior\ShowPageTraceBehavior [ RunTime:0.003000s ]
INFO: [ app_end ] --END-- [ RunTime:0.003000s ]

[ 2020-05-04T09:28:49+08:00 ] 114.255.222.123 /tp/xcdy.php/Home/Index/search?keyword=%E5%8D%95%E4%BD%8D%E4%BF%9D%E9%99%A9%E5%87%8F%E5%91%98%E4%B9%8B%E5%90%8E%E6%80%8E%E4%B9%88%E5%8A%9E%E7%90%86%E8%BD%AC%E7%A7%BB
INFO: [ app_init ] --START--
INFO: Run Behavior\BuildLiteBehavior [ RunTime:0.000000s ]
INFO: [ app_init ] --END-- [ RunTime:0.003000s ]
INFO: [ app_begin ] --START--
INFO: Run Behavior\ReadHtmlCacheBehavior [ RunTime:0.006000s ]
INFO: [ app_begin ] --END-- [ RunTime:0.006000s ]
NOTIC: [2048] Redefining already defined constructor for class PSCWS4 E:\www\weixin\tp\ThinkPHP\Library\Org\pscws4\pscws4.class.php 第 120 行.
NOTIC: [2048] Redefining already defined constructor for class XDB_R E:\www\weixin\tp\ThinkPHP\Library\Org\pscws4\xdb_r.class.php 第 34 行.
NOTIC: [2] fopen(/path/to/etc/dict.utf8.xdb): failed to open stream: No such file or directory E:\www\weixin\tp\ThinkPHP\Library\Org\pscws4\xdb_r.class.php 第 42 行.
NOTIC: [512] XDB::Open(dict.utf8.xdb) failed. E:\www\weixin\tp\ThinkPHP\Library\Org\pscws4\xdb_r.class.php 第 44 行.
NOTIC: [2] fopen(/path/to/etc/rules.utf8.ini): failed to open stream: No such file or directory E:\www\weixin\tp\ThinkPHP\Library\Org\pscws4\pscws4.class.php 第 400 行.
SQL: SHOW COLUMNS FROM `questions` [ RunTime:0.0420s ]
SQL: SELECT * FROM `questions` WHERE `active` = 1 AND `title` LIKE '%单%'  [ RunTime:0.0010s ]
SQL: SELECT * FROM `questions` WHERE `active` = 1 AND `title` LIKE '%位%'  [ RunTime:0.0020s ]
SQL: SELECT * FROM `questions` WHERE `active` = 1 AND `title` LIKE '%保%'  [ RunTime:0.0050s ]
SQL: SELECT * FROM `questions` WHERE `active` = 1 AND `title` LIKE '%险%'  [ RunTime:0.0050s ]
SQL: SELECT * FROM `questions` WHERE `active` = 1 AND `title` LIKE '%减%'  [ RunTime:0.0010s ]
SQL: SELECT * FROM `questions` WHERE `active` = 1 AND `title` LIKE '%员%'  [ RunTime:0.0030s ]
SQL: SELECT * FROM `questions` WHERE `active` = 1 AND `title` LIKE '%之%'  [ RunTime:0.0010s ]
SQL: SELECT * FROM `questions` WHERE `active` = 1 AND `title` LIKE '%后%'  [ RunTime:0.0010s ]
SQL: SELECT * FROM `questions` WHERE `active` = 1 AND `title` LIKE '%怎%'  [ RunTime:0.0010s ]
SQL: SELECT * FROM `questions` WHERE `active` = 1 AND `title` LIKE '%么%'  [ RunTime:0.0020s ]
SQL: SELECT * FROM `questions` WHERE `active` = 1 AND `title` LIKE '%办%'  [ RunTime:0.0010s ]
SQL: SELECT * FROM `questions` WHERE `active` = 1 AND `title` LIKE '%理%'  [ RunTime:0.0030s ]
SQL: SELECT * FROM `questions` WHERE `active` = 1 AND `title` LIKE '%转%'  [ RunTime:0.0020s ]
SQL: SELECT * FROM `questions` WHERE `active` = 1 AND `title` LIKE '%移%'  [ RunTime:0.0010s ]
NOTIC: [8] Array to string conversion E:\www\weixin\tp\xcdy\Home\Controller\IndexController.class.php 第 44 行.
NOTIC: [8] Array to string conversion E:\www\weixin\tp\xcdy\Home\Controller\IndexController.class.php 第 44 行.
NOTIC: [8] Array to string conversion E:\www\weixin\tp\xcdy\Home\Controller\IndexController.class.php 第 44 行.
NOTIC: [8] Array to string conversion E:\www\weixin\tp\xcdy\Home\Controller\IndexController.class.php 第 44 行.
NOTIC: [8] Array to string conversion E:\www\weixin\tp\xcdy\Home\Controller\IndexController.class.php 第 44 行.
NOTIC: [8] Array to string conversion E:\www\weixin\tp\xcdy\Home\Controller\IndexController.class.php 第 44 行.
NOTIC: [8] Array to string conversion E:\www\weixin\tp\xcdy\Home\Controller\IndexController.class.php 第 44 行.
NOTIC: [8] Array to string conversion E:\www\weixin\tp\xcdy\Home\Controller\IndexController.class.php 第 44 行.
NOTIC: [8] Array to string conversion E:\www\weixin\tp\xcdy\Home\Controller\IndexController.class.php 第 44 行.
NOTIC: [8] Array to string conversion E:\www\weixin\tp\xcdy\Home\Controller\IndexController.class.php 第 44 行.
NOTIC: [8] Array to string conversion E:\www\weixin\tp\xcdy\Home\Controller\IndexController.class.php 第 44 行.
NOTIC: [8] Array to string conversion E:\www\weixin\tp\xcdy\Home\Controller\IndexController.class.php 第 44 行.
NOTIC: [8] Array to string conversion E:\www\weixin\tp\xcdy\Home\Controller\IndexController.class.php 第 44 行.
NOTIC: [8] Array to string conversion E:\www\weixin\tp\xcdy\Home\Controller\IndexController.class.php 第 44 行.
NOTIC: [8] Array to string conversion E:\www\weixin\tp\xcdy\Home\Controller\IndexController.class.php 第 44 行.
NOTIC: [8] Array to string conversion E:\www\weixin\tp\xcdy\Home\Controller\IndexController.class.php 第 44 行.
NOTIC: [8] Array to string conversion E:\www\weixin\tp\xcdy\Home\Controller\IndexController.class.php 第 44 行.
NOTIC: [8] Array to string conversion E:\www\weixin\tp\xcdy\Home\Controller\IndexController.class.php 第 44 行.
NOTIC: [8] Array to string conversion E:\www\weixin\tp\xcdy\Home\Controller\IndexController.class.php 第 44 行.
NOTIC: [8] Array to string conversion E:\www\weixin\tp\xcdy\Home\Controller\IndexController.class.php 第 44 行.
NOTIC: [8] Array to string conversion E:\www\weixin\tp\xcdy\Home\Controller\IndexController.class.php 第 44 行.
NOTIC: [8] Array to string conversion E:\www\weixin\tp\xcdy\Home\Controller\IndexController.class.php 第 44 行.
NOTIC: [8] Array to string conversion E:\www\weixin\tp\xcdy\Home\Controller\IndexController.class.php 第 44 行.
NOTIC: [8] Array to string conversion E:\www\weixin\tp\xcdy\Home\Controller\IndexController.class.php 第 44 行.
NOTIC: [8] Array to string conversion E:\www\weixin\tp\xcdy\Home\Controller\IndexController.class.php 第 44 行.
NOTIC: [8] Array to string conversion E:\www\weixin\tp\xcdy\Home\Controller\IndexController.class.php 第 44 行.
NOTIC: [8] Array to string conversion E:\www\weixin\tp\xcdy\Home\Controller\IndexController.class.php 第 44 行.
NOTIC: [8] Array to string conversion E:\www\weixin\tp\xcdy\Home\Controller\IndexController.class.php 第 44 行.
NOTIC: [8] Array to string conversion E:\www\weixin\tp\xcdy\Home\Controller\IndexController.class.php 第 44 行.
NOTIC: [8] Array to string conversion E:\www\weixin\tp\xcdy\Home\Controller\IndexController.class.php 第 44 行.
NOTIC: [8] Array to string conversion E:\www\weixin\tp\xcdy\Home\Controller\IndexController.class.php 第 44 行.
NOTIC: [8] Array to string conversion E:\www\weixin\tp\xcdy\Home\Controller\IndexController.class.php 第 44 行.
NOTIC: [8] Array to string conversion E:\www\weixin\tp\xcdy\Home\Controller\IndexController.class.php 第 44 行.
NOTIC: [8] Array to string conversion E:\www\weixin\tp\xcdy\Home\Controller\IndexController.class.php 第 44 行.
NOTIC: [8] Array to string conversion E:\www\weixin\tp\xcdy\Home\Controller\IndexController.class.php 第 44 行.
NOTIC: [8] Array to string conversion E:\www\weixin\tp\xcdy\Home\Controller\IndexController.class.php 第 44 行.
NOTIC: [8] Array to string conversion E:\www\weixin\tp\xcdy\Home\Controller\IndexController.class.php 第 44 行.
NOTIC: [8] Array to string conversion E:\www\weixin\tp\xcdy\Home\Controller\IndexController.class.php 第 44 行.
NOTIC: [8] Array to string conversion E:\www\weixin\tp\xcdy\Home\Controller\IndexController.class.php 第 44 行.
NOTIC: [8] Array to string conversion E:\www\weixin\tp\xcdy\Home\Controller\IndexController.class.php 第 44 行.
NOTIC: [8] Array to string conversion E:\www\weixin\tp\xcdy\Home\Controller\IndexController.class.php 第 44 行.
NOTIC: [8] Array to string conversion E:\www\weixin\tp\xcdy\Home\Controller\IndexController.class.php 第 44 行.
NOTIC: [8] Array to string conversion E:\www\weixin\tp\xcdy\Home\Controller\IndexController.class.php 第 44 行.
NOTIC: [8] Array to string conversion E:\www\weixin\tp\xcdy\Home\Controller\IndexController.class.php 第 44 行.
NOTIC: [8] Array to string conversion E:\www\weixin\tp\xcdy\Home\Controller\IndexController.class.php 第 44 行.
NOTIC: [8] Array to string conversion E:\www\weixin\tp\xcdy\Home\Controller\IndexController.class.php 第 44 行.
NOTIC: [8] Array to string conversion E:\www\weixin\tp\xcdy\Home\Controller\IndexController.class.php 第 44 行.
NOTIC: [8] Array to string conversion E:\www\weixin\tp\xcdy\Home\Controller\IndexController.class.php 第 44 行.
NOTIC: [8] Array to string conversion E:\www\weixin\tp\xcdy\Home\Controller\IndexController.class.php 第 44 行.
NOTIC: [8] Array to string conversion E:\www\weixin\tp\xcdy\Home\Controller\IndexController.class.php 第 44 行.
NOTIC: [8] Array to string conversion E:\www\weixin\tp\xcdy\Home\Controller\IndexController.class.php 第 44 行.
NOTIC: [8] Array to string conversion E:\www\weixin\tp\xcdy\Home\Controller\IndexController.class.php 第 44 行.
NOTIC: [8] Array to string conversion E:\www\weixin\tp\xcdy\Home\Controller\IndexController.class.php 第 44 行.
NOTIC: [8] Array to string conversion E:\www\weixin\tp\xcdy\Home\Controller\IndexController.class.php 第 44 行.
NOTIC: [8] Array to string conversion E:\www\weixin\tp\xcdy\Home\Controller\IndexController.class.php 第 44 行.
NOTIC: [8] Array to string conversion E:\www\weixin\tp\xcdy\Home\Controller\IndexController.class.php 第 44 行.
NOTIC: [8] Array to string conversion E:\www\weixin\tp\xcdy\Home\Controller\IndexController.class.php 第 44 行.
NOTIC: [8] Array to string conversion E:\www\weixin\tp\xcdy\Home\Controller\IndexController.class.php 第 44 行.
NOTIC: [8] Array to string conversion E:\www\weixin\tp\xcdy\Home\Controller\IndexController.class.php 第 44 行.
NOTIC: [8] Array to string conversion E:\www\weixin\tp\xcdy\Home\Controller\IndexController.class.php 第 44 行.
NOTIC: [8] Array to string conversion E:\www\weixin\tp\xcdy\Home\Controller\IndexController.class.php 第 44 行.
NOTIC: [8] Array to string conversion E:\www\weixin\tp\xcdy\Home\Controller\IndexController.class.php 第 44 行.
NOTIC: [8] Array to string conversion E:\www\weixin\tp\xcdy\Home\Controller\IndexController.class.php 第 44 行.
NOTIC: [8] Array to string conversion E:\www\weixin\tp\xcdy\Home\Controller\IndexController.class.php 第 44 行.
NOTIC: [8] Array to string conversion E:\www\weixin\tp\xcdy\Home\Controller\IndexController.class.php 第 44 行.
NOTIC: [8] Array to string conversion E:\www\weixin\tp\xcdy\Home\Controller\IndexController.class.php 第 44 行.
NOTIC: [8] Array to string conversion E:\www\weixin\tp\xcdy\Home\Controller\IndexController.class.php 第 44 行.
NOTIC: [8] Array to string conversion E:\www\weixin\tp\xcdy\Home\Controller\IndexController.class.php 第 44 行.
NOTIC: [8] Array to string conversion E:\www\weixin\tp\xcdy\Home\Controller\IndexController.class.php 第 44 行.
NOTIC: [8] Array to string conversion E:\www\weixin\tp\xcdy\Home\Controller\IndexController.class.php 第 44 行.
NOTIC: [8] Array to string conversion E:\www\weixin\tp\xcdy\Home\Controller\IndexController.class.php 第 44 行.
NOTIC: [8] Array to string conversion E:\www\weixin\tp\xcdy\Home\Controller\IndexController.class.php 第 44 行.
NOTIC: [8] Array to string conversion E:\www\weixin\tp\xcdy\Home\Controller\IndexController.class.php 第 44 行.
NOTIC: [8] Array to string conversion E:\www\weixin\tp\xcdy\Home\Controller\IndexController.class.php 第 44 行.
NOTIC: [8] Array to string conversion E:\www\weixin\tp\xcdy\Home\Controller\IndexController.class.php 第 44 行.
NOTIC: [8] Array to string conversion E:\www\weixin\tp\xcdy\Home\Controller\IndexController.class.php 第 44 行.
NOTIC: [8] Array to string conversion E:\www\weixin\tp\xcdy\Home\Controller\IndexController.class.php 第 44 行.
NOTIC: [8] Array to string conversion E:\www\weixin\tp\xcdy\Home\Controller\IndexController.class.php 第 44 行.
NOTIC: [8] Array to string conversion E:\www\weixin\tp\xcdy\Home\Controller\IndexController.class.php 第 44 行.
NOTIC: [8] Array to string conversion E:\www\weixin\tp\xcdy\Home\Controller\IndexController.class.php 第 44 行.
NOTIC: [8] Array to string conversion E:\www\weixin\tp\xcdy\Home\Controller\IndexController.class.php 第 44 行.
NOTIC: [8] Array to string conversion E:\www\weixin\tp\xcdy\Home\Controller\IndexController.class.php 第 44 行.
NOTIC: [8] Array to string conversion E:\www\weixin\tp\xcdy\Home\Controller\IndexController.class.php 第 44 行.
NOTIC: [8] Array to string conversion E:\www\weixin\tp\xcdy\Home\Controller\IndexController.class.php 第 44 行.
NOTIC: [8] Array to string conversion E:\www\weixin\tp\xcdy\Home\Controller\IndexController.class.php 第 44 行.
NOTIC: [8] Array to string conversion E:\www\weixin\tp\xcdy\Home\Controller\IndexController.class.php 第 44 行.
NOTIC: [8] Array to string conversion E:\www\weixin\tp\xcdy\Home\Controller\IndexController.class.php 第 44 行.
NOTIC: [8] Array to string conversion E:\www\weixin\tp\xcdy\Home\Controller\IndexController.class.php 第 44 行.
INFO: [ view_parse ] --START--
INFO: [ template_filter ] --START--
INFO: Run Behavior\ContentReplaceBehavior [ RunTime:0.000000s ]
INFO: [ template_filter ] --END-- [ RunTime:0.001000s ]
INFO: Run Behavior\ParseTemplateBehavior [ RunTime:0.043002s ]
INFO: [ view_parse ] --END-- [ RunTime:0.043002s ]
INFO: [ view_filter ] --START--
INFO: Run Behavior\WriteHtmlCacheBehavior [ RunTime:0.004001s ]
INFO: [ view_filter ] --END-- [ RunTime:0.005001s ]
INFO: [ app_end ] --START--
INFO: Run Behavior\ShowPageTraceBehavior [ RunTime:0.006000s ]
INFO: [ app_end ] --END-- [ RunTime:0.006000s ]

[ 2020-05-04T09:29:34+08:00 ] 114.255.222.123 /tp/xcdy.php/Home/Index/search?keyword=%E5%8C%97%E4%BA%AC%E7%A4%BE%E4%BF%9D%E6%80%8E%E4%B9%88%E8%BD%AC%E7%A7%BB%E5%88%B0%E5%A4%96%E7%9C%81%E5%B8%82
INFO: [ app_init ] --START--
INFO: Run Behavior\BuildLiteBehavior [ RunTime:0.000000s ]
INFO: [ app_init ] --END-- [ RunTime:0.002000s ]
INFO: [ app_begin ] --START--
INFO: Run Behavior\ReadHtmlCacheBehavior [ RunTime:0.003000s ]
INFO: [ app_begin ] --END-- [ RunTime:0.003000s ]
NOTIC: [2048] Redefining already defined constructor for class PSCWS4 E:\www\weixin\tp\ThinkPHP\Library\Org\pscws4\pscws4.class.php 第 120 行.
NOTIC: [2048] Redefining already defined constructor for class XDB_R E:\www\weixin\tp\ThinkPHP\Library\Org\pscws4\xdb_r.class.php 第 34 行.
NOTIC: [2] fopen(/path/to/etc/dict.utf8.xdb): failed to open stream: No such file or directory E:\www\weixin\tp\ThinkPHP\Library\Org\pscws4\xdb_r.class.php 第 42 行.
NOTIC: [512] XDB::Open(dict.utf8.xdb) failed. E:\www\weixin\tp\ThinkPHP\Library\Org\pscws4\xdb_r.class.php 第 44 行.
NOTIC: [2] fopen(/path/to/etc/rules.utf8.ini): failed to open stream: No such file or directory E:\www\weixin\tp\ThinkPHP\Library\Org\pscws4\pscws4.class.php 第 400 行.
SQL: SHOW COLUMNS FROM `questions` [ RunTime:0.0360s ]
SQL: SELECT * FROM `questions` WHERE `active` = 1 AND `title` LIKE '%北%'  [ RunTime:0.0010s ]
SQL: SELECT * FROM `questions` WHERE `active` = 1 AND `title` LIKE '%京%'  [ RunTime:0.0020s ]
SQL: SELECT * FROM `questions` WHERE `active` = 1 AND `title` LIKE '%社%'  [ RunTime:0.0010s ]
SQL: SELECT * FROM `questions` WHERE `active` = 1 AND `title` LIKE '%保%'  [ RunTime:0.0040s ]
SQL: SELECT * FROM `questions` WHERE `active` = 1 AND `title` LIKE '%怎%'  [ RunTime:0.0010s ]
SQL: SELECT * FROM `questions` WHERE `active` = 1 AND `title` LIKE '%么%'  [ RunTime:0.0010s ]
SQL: SELECT * FROM `questions` WHERE `active` = 1 AND `title` LIKE '%转%'  [ RunTime:0.0010s ]
SQL: SELECT * FROM `questions` WHERE `active` = 1 AND `title` LIKE '%移%'  [ RunTime:0.0010s ]
SQL: SELECT * FROM `questions` WHERE `active` = 1 AND `title` LIKE '%到%'  [ RunTime:0.0010s ]
SQL: SELECT * FROM `questions` WHERE `active` = 1 AND `title` LIKE '%外%'  [ RunTime:0.0010s ]
SQL: SELECT * FROM `questions` WHERE `active` = 1 AND `title` LIKE '%省%'  [ RunTime:0.0010s ]
SQL: SELECT * FROM `questions` WHERE `active` = 1 AND `title` LIKE '%市%'  [ RunTime:0.0020s ]
NOTIC: [8] Array to string conversion E:\www\weixin\tp\xcdy\Home\Controller\IndexController.class.php 第 44 行.
NOTIC: [8] Array to string conversion E:\www\weixin\tp\xcdy\Home\Controller\IndexController.class.php 第 44 行.
NOTIC: [8] Array to string conversion E:\www\weixin\tp\xcdy\Home\Controller\IndexController.class.php 第 44 行.
NOTIC: [8] Array to string conversion E:\www\weixin\tp\xcdy\Home\Controller\IndexController.class.php 第 44 行.
NOTIC: [8] Array to string conversion E:\www\weixin\tp\xcdy\Home\Controller\IndexController.class.php 第 44 行.
NOTIC: [8] Array to string conversion E:\www\weixin\tp\xcdy\Home\Controller\IndexController.class.php 第 44 行.
NOTIC: [8] Array to string conversion E:\www\weixin\tp\xcdy\Home\Controller\IndexController.class.php 第 44 行.
NOTIC: [8] Array to string conversion E:\www\weixin\tp\xcdy\Home\Controller\IndexController.class.php 第 44 行.
NOTIC: [8] Array to string conversion E:\www\weixin\tp\xcdy\Home\Controller\IndexController.class.php 第 44 行.
NOTIC: [8] Array to string conversion E:\www\weixin\tp\xcdy\Home\Controller\IndexController.class.php 第 44 行.
NOTIC: [8] Array to string conversion E:\www\weixin\tp\xcdy\Home\Controller\IndexController.class.php 第 44 行.
NOTIC: [8] Array to string conversion E:\www\weixin\tp\xcdy\Home\Controller\IndexController.class.php 第 44 行.
NOTIC: [8] Array to string conversion E:\www\weixin\tp\xcdy\Home\Controller\IndexController.class.php 第 44 行.
NOTIC: [8] Array to string conversion E:\www\weixin\tp\xcdy\Home\Controller\IndexController.class.php 第 44 行.
NOTIC: [8] Array to string conversion E:\www\weixin\tp\xcdy\Home\Controller\IndexController.class.php 第 44 行.
NOTIC: [8] Array to string conversion E:\www\weixin\tp\xcdy\Home\Controller\IndexController.class.php 第 44 行.
NOTIC: [8] Array to string conversion E:\www\weixin\tp\xcdy\Home\Controller\IndexController.class.php 第 44 行.
NOTIC: [8] Array to string conversion E:\www\weixin\tp\xcdy\Home\Controller\IndexController.class.php 第 44 行.
NOTIC: [8] Array to string conversion E:\www\weixin\tp\xcdy\Home\Controller\IndexController.class.php 第 44 行.
NOTIC: [8] Array to string conversion E:\www\weixin\tp\xcdy\Home\Controller\IndexController.class.php 第 44 行.
NOTIC: [8] Array to string conversion E:\www\weixin\tp\xcdy\Home\Controller\IndexController.class.php 第 44 行.
NOTIC: [8] Array to string conversion E:\www\weixin\tp\xcdy\Home\Controller\IndexController.class.php 第 44 行.
NOTIC: [8] Array to string conversion E:\www\weixin\tp\xcdy\Home\Controller\IndexController.class.php 第 44 行.
NOTIC: [8] Array to string conversion E:\www\weixin\tp\xcdy\Home\Controller\IndexController.class.php 第 44 行.
NOTIC: [8] Array to string conversion E:\www\weixin\tp\xcdy\Home\Controller\IndexController.class.php 第 44 行.
NOTIC: [8] Array to string conversion E:\www\weixin\tp\xcdy\Home\Controller\IndexController.class.php 第 44 行.
NOTIC: [8] Array to string conversion E:\www\weixin\tp\xcdy\Home\Controller\IndexController.class.php 第 44 行.
NOTIC: [8] Array to string conversion E:\www\weixin\tp\xcdy\Home\Controller\IndexController.class.php 第 44 行.
NOTIC: [8] Array to string conversion E:\www\weixin\tp\xcdy\Home\Controller\IndexController.class.php 第 44 行.
NOTIC: [8] Array to string conversion E:\www\weixin\tp\xcdy\Home\Controller\IndexController.class.php 第 44 行.
NOTIC: [8] Array to string conversion E:\www\weixin\tp\xcdy\Home\Controller\IndexController.class.php 第 44 行.
NOTIC: [8] Array to string conversion E:\www\weixin\tp\xcdy\Home\Controller\IndexController.class.php 第 44 行.
NOTIC: [8] Array to string conversion E:\www\weixin\tp\xcdy\Home\Controller\IndexController.class.php 第 44 行.
NOTIC: [8] Array to string conversion E:\www\weixin\tp\xcdy\Home\Controller\IndexController.class.php 第 44 行.
NOTIC: [8] Array to string conversion E:\www\weixin\tp\xcdy\Home\Controller\IndexController.class.php 第 44 行.
NOTIC: [8] Array to string conversion E:\www\weixin\tp\xcdy\Home\Controller\IndexController.class.php 第 44 行.
NOTIC: [8] Array to string conversion E:\www\weixin\tp\xcdy\Home\Controller\IndexController.class.php 第 44 行.
NOTIC: [8] Array to string conversion E:\www\weixin\tp\xcdy\Home\Controller\IndexController.class.php 第 44 行.
NOTIC: [8] Array to string conversion E:\www\weixin\tp\xcdy\Home\Controller\IndexController.class.php 第 44 行.
NOTIC: [8] Array to string conversion E:\www\weixin\tp\xcdy\Home\Controller\IndexController.class.php 第 44 行.
NOTIC: [8] Array to string conversion E:\www\weixin\tp\xcdy\Home\Controller\IndexController.class.php 第 44 行.
NOTIC: [8] Array to string conversion E:\www\weixin\tp\xcdy\Home\Controller\IndexController.class.php 第 44 行.
NOTIC: [8] Array to string conversion E:\www\weixin\tp\xcdy\Home\Controller\IndexController.class.php 第 44 行.
NOTIC: [8] Array to string conversion E:\www\weixin\tp\xcdy\Home\Controller\IndexController.class.php 第 44 行.
NOTIC: [8] Array to string conversion E:\www\weixin\tp\xcdy\Home\Controller\IndexController.class.php 第 44 行.
NOTIC: [8] Array to string conversion E:\www\weixin\tp\xcdy\Home\Controller\IndexController.class.php 第 44 行.
NOTIC: [8] Array to string conversion E:\www\weixin\tp\xcdy\Home\Controller\IndexController.class.php 第 44 行.
NOTIC: [8] Array to string conversion E:\www\weixin\tp\xcdy\Home\Controller\IndexController.class.php 第 44 行.
NOTIC: [8] Array to string conversion E:\www\weixin\tp\xcdy\Home\Controller\IndexController.class.php 第 44 行.
NOTIC: [8] Array to string conversion E:\www\weixin\tp\xcdy\Home\Controller\IndexController.class.php 第 44 行.
NOTIC: [8] Array to string conversion E:\www\weixin\tp\xcdy\Home\Controller\IndexController.class.php 第 44 行.
NOTIC: [8] Array to string conversion E:\www\weixin\tp\xcdy\Home\Controller\IndexController.class.php 第 44 行.
NOTIC: [8] Array to string conversion E:\www\weixin\tp\xcdy\Home\Controller\IndexController.class.php 第 44 行.
NOTIC: [8] Array to string conversion E:\www\weixin\tp\xcdy\Home\Controller\IndexController.class.php 第 44 行.
NOTIC: [8] Array to string conversion E:\www\weixin\tp\xcdy\Home\Controller\IndexController.class.php 第 44 行.
NOTIC: [8] Array to string conversion E:\www\weixin\tp\xcdy\Home\Controller\IndexController.class.php 第 44 行.
NOTIC: [8] Array to string conversion E:\www\weixin\tp\xcdy\Home\Controller\IndexController.class.php 第 44 行.
NOTIC: [8] Array to string conversion E:\www\weixin\tp\xcdy\Home\Controller\IndexController.class.php 第 44 行.
NOTIC: [8] Array to string conversion E:\www\weixin\tp\xcdy\Home\Controller\IndexController.class.php 第 44 行.
NOTIC: [8] Array to string conversion E:\www\weixin\tp\xcdy\Home\Controller\IndexController.class.php 第 44 行.
NOTIC: [8] Array to string conversion E:\www\weixin\tp\xcdy\Home\Controller\IndexController.class.php 第 44 行.
NOTIC: [8] Array to string conversion E:\www\weixin\tp\xcdy\Home\Controller\IndexController.class.php 第 44 行.
NOTIC: [8] Array to string conversion E:\www\weixin\tp\xcdy\Home\Controller\IndexController.class.php 第 44 行.
NOTIC: [8] Array to string conversion E:\www\weixin\tp\xcdy\Home\Controller\IndexController.class.php 第 44 行.
NOTIC: [8] Array to string conversion E:\www\weixin\tp\xcdy\Home\Controller\IndexController.class.php 第 44 行.
NOTIC: [8] Array to string conversion E:\www\weixin\tp\xcdy\Home\Controller\IndexController.class.php 第 44 行.
NOTIC: [8] Array to string conversion E:\www\weixin\tp\xcdy\Home\Controller\IndexController.class.php 第 44 行.
NOTIC: [8] Array to string conversion E:\www\weixin\tp\xcdy\Home\Controller\IndexController.class.php 第 44 行.
NOTIC: [8] Array to string conversion E:\www\weixin\tp\xcdy\Home\Controller\IndexController.class.php 第 44 行.
NOTIC: [8] Array to string conversion E:\www\weixin\tp\xcdy\Home\Controller\IndexController.class.php 第 44 行.
NOTIC: [8] Array to string conversion E:\www\weixin\tp\xcdy\Home\Controller\IndexController.class.php 第 44 行.
NOTIC: [8] Array to string conversion E:\www\weixin\tp\xcdy\Home\Controller\IndexController.class.php 第 44 行.
INFO: [ view_parse ] --START--
INFO: [ template_filter ] --START--
INFO: Run Behavior\ContentReplaceBehavior [ RunTime:0.000000s ]
INFO: [ template_filter ] --END-- [ RunTime:0.001000s ]
INFO: Run Behavior\ParseTemplateBehavior [ RunTime:0.035002s ]
INFO: [ view_parse ] --END-- [ RunTime:0.035002s ]
INFO: [ view_filter ] --START--
INFO: Run Behavior\WriteHtmlCacheBehavior [ RunTime:0.002001s ]
INFO: [ view_filter ] --END-- [ RunTime:0.002001s ]
INFO: [ app_end ] --START--
INFO: Run Behavior\ShowPageTraceBehavior [ RunTime:0.002000s ]
INFO: [ app_end ] --END-- [ RunTime:0.002000s ]

[ 2020-05-04T09:29:49+08:00 ] 114.255.222.123 /tp/xcdy.php/Home/Index/detail/id/84
INFO: [ app_init ] --START--
INFO: Run Behavior\BuildLiteBehavior [ RunTime:0.000000s ]
INFO: [ app_init ] --END-- [ RunTime:0.002000s ]
INFO: [ app_begin ] --START--
INFO: Run Behavior\ReadHtmlCacheBehavior [ RunTime:0.002000s ]
INFO: [ app_begin ] --END-- [ RunTime:0.002000s ]
SQL: SHOW COLUMNS FROM `questions` [ RunTime:0.0370s ]
SQL: SELECT * FROM `questions` WHERE `id` = 84 LIMIT 1   [ RunTime:0.0010s ]
INFO: [ view_parse ] --START--
INFO: [ template_filter ] --START--
INFO: Run Behavior\ContentReplaceBehavior [ RunTime:0.000000s ]
INFO: [ template_filter ] --END-- [ RunTime:0.000000s ]
INFO: Run Behavior\ParseTemplateBehavior [ RunTime:0.022001s ]
INFO: [ view_parse ] --END-- [ RunTime:0.024001s ]
INFO: [ view_filter ] --START--
INFO: Run Behavior\WriteHtmlCacheBehavior [ RunTime:0.001000s ]
INFO: [ view_filter ] --END-- [ RunTime:0.002000s ]
INFO: [ app_end ] --START--
INFO: Run Behavior\ShowPageTraceBehavior [ RunTime:0.001000s ]
INFO: [ app_end ] --END-- [ RunTime:0.003000s ]

[ 2020-05-04T09:29:54+08:00 ] 114.255.222.123 /tp/xcdy.php/Home/Index/detail/id/85
INFO: [ app_init ] --START--
INFO: Run Behavior\BuildLiteBehavior [ RunTime:0.001000s ]
INFO: [ app_init ] --END-- [ RunTime:0.003000s ]
INFO: [ app_begin ] --START--
INFO: Run Behavior\ReadHtmlCacheBehavior [ RunTime:0.003001s ]
INFO: [ app_begin ] --END-- [ RunTime:0.003001s ]
SQL: SHOW COLUMNS FROM `questions` [ RunTime:0.0330s ]
SQL: SELECT * FROM `questions` WHERE `id` = 85 LIMIT 1   [ RunTime:0.0010s ]
INFO: [ view_parse ] --START--
INFO: [ template_filter ] --START--
INFO: Run Behavior\ContentReplaceBehavior [ RunTime:0.000000s ]
INFO: [ template_filter ] --END-- [ RunTime:0.000000s ]
INFO: Run Behavior\ParseTemplateBehavior [ RunTime:0.024001s ]
INFO: [ view_parse ] --END-- [ RunTime:0.024001s ]
INFO: [ view_filter ] --START--
INFO: Run Behavior\WriteHtmlCacheBehavior [ RunTime:0.002001s ]
INFO: [ view_filter ] --END-- [ RunTime:0.002001s ]
INFO: [ app_end ] --START--
INFO: Run Behavior\ShowPageTraceBehavior [ RunTime:0.003000s ]
INFO: [ app_end ] --END-- [ RunTime:0.003000s ]

[ 2020-05-04T09:30:31+08:00 ] 114.255.222.123 /tp/xcdy.php/Home/Index/search?keyword=%E5%A4%96%E5%9C%B0%E6%88%B7%E5%8F%A3%E7%A4%BE%E4%BF%9D%E6%A1%A3%E6%A1%88%E5%9C%A8%E5%93%AA%E9%87%8C%E5%91%A2%EF%BC%9F
INFO: [ app_init ] --START--
INFO: Run Behavior\BuildLiteBehavior [ RunTime:0.000000s ]
INFO: [ app_init ] --END-- [ RunTime:0.002000s ]
INFO: [ app_begin ] --START--
INFO: Run Behavior\ReadHtmlCacheBehavior [ RunTime:0.002000s ]
INFO: [ app_begin ] --END-- [ RunTime:0.002000s ]
NOTIC: [2048] Redefining already defined constructor for class PSCWS4 E:\www\weixin\tp\ThinkPHP\Library\Org\pscws4\pscws4.class.php 第 120 行.
NOTIC: [2048] Redefining already defined constructor for class XDB_R E:\www\weixin\tp\ThinkPHP\Library\Org\pscws4\xdb_r.class.php 第 34 行.
NOTIC: [2] fopen(/path/to/etc/dict.utf8.xdb): failed to open stream: No such file or directory E:\www\weixin\tp\ThinkPHP\Library\Org\pscws4\xdb_r.class.php 第 42 行.
NOTIC: [512] XDB::Open(dict.utf8.xdb) failed. E:\www\weixin\tp\ThinkPHP\Library\Org\pscws4\xdb_r.class.php 第 44 行.
NOTIC: [2] fopen(/path/to/etc/rules.utf8.ini): failed to open stream: No such file or directory E:\www\weixin\tp\ThinkPHP\Library\Org\pscws4\pscws4.class.php 第 400 行.
SQL: SHOW COLUMNS FROM `questions` [ RunTime:0.0270s ]
SQL: SELECT * FROM `questions` WHERE `active` = 1 AND `title` LIKE '%外%'  [ RunTime:0.0020s ]
SQL: SELECT * FROM `questions` WHERE `active` = 1 AND `title` LIKE '%地%'  [ RunTime:0.0010s ]
SQL: SELECT * FROM `questions` WHERE `active` = 1 AND `title` LIKE '%户%'  [ RunTime:0.0010s ]
SQL: SELECT * FROM `questions` WHERE `active` = 1 AND `title` LIKE '%口%'  [ RunTime:0.0010s ]
SQL: SELECT * FROM `questions` WHERE `active` = 1 AND `title` LIKE '%社%'  [ RunTime:0.0020s ]
SQL: SELECT * FROM `questions` WHERE `active` = 1 AND `title` LIKE '%保%'  [ RunTime:0.0050s ]
SQL: SELECT * FROM `questions` WHERE `active` = 1 AND `title` LIKE '%档%'  [ RunTime:0.0020s ]
SQL: SELECT * FROM `questions` WHERE `active` = 1 AND `title` LIKE '%案%'  [ RunTime:0.0010s ]
SQL: SELECT * FROM `questions` WHERE `active` = 1 AND `title` LIKE '%在%'  [ RunTime:0.0010s ]
SQL: SELECT * FROM `questions` WHERE `active` = 1 AND `title` LIKE '%哪%'  [ RunTime:0.0020s ]
SQL: SELECT * FROM `questions` WHERE `active` = 1 AND `title` LIKE '%里%'  [ RunTime:0.0010s ]
SQL: SELECT * FROM `questions` WHERE `active` = 1 AND `title` LIKE '%呢%'  [ RunTime:0.0010s ]
SQL: SELECT * FROM `questions` WHERE `active` = 1 AND `title` LIKE '%？%'  [ RunTime:0.0020s ]
NOTIC: [8] Array to string conversion E:\www\weixin\tp\xcdy\Home\Controller\IndexController.class.php 第 44 行.
NOTIC: [8] Array to string conversion E:\www\weixin\tp\xcdy\Home\Controller\IndexController.class.php 第 44 行.
NOTIC: [8] Array to string conversion E:\www\weixin\tp\xcdy\Home\Controller\IndexController.class.php 第 44 行.
NOTIC: [8] Array to string conversion E:\www\weixin\tp\xcdy\Home\Controller\IndexController.class.php 第 44 行.
NOTIC: [8] Array to string conversion E:\www\weixin\tp\xcdy\Home\Controller\IndexController.class.php 第 44 行.
NOTIC: [8] Array to string conversion E:\www\weixin\tp\xcdy\Home\Controller\IndexController.class.php 第 44 行.
NOTIC: [8] Array to string conversion E:\www\weixin\tp\xcdy\Home\Controller\IndexController.class.php 第 44 行.
NOTIC: [8] Array to string conversion E:\www\weixin\tp\xcdy\Home\Controller\IndexController.class.php 第 44 行.
NOTIC: [8] Array to string conversion E:\www\weixin\tp\xcdy\Home\Controller\IndexController.class.php 第 44 行.
NOTIC: [8] Array to string conversion E:\www\weixin\tp\xcdy\Home\Controller\IndexController.class.php 第 44 行.
NOTIC: [8] Array to string conversion E:\www\weixin\tp\xcdy\Home\Controller\IndexController.class.php 第 44 行.
NOTIC: [8] Array to string conversion E:\www\weixin\tp\xcdy\Home\Controller\IndexController.class.php 第 44 行.
NOTIC: [8] Array to string conversion E:\www\weixin\tp\xcdy\Home\Controller\IndexController.class.php 第 44 行.
NOTIC: [8] Array to string conversion E:\www\weixin\tp\xcdy\Home\Controller\IndexController.class.php 第 44 行.
NOTIC: [8] Array to string conversion E:\www\weixin\tp\xcdy\Home\Controller\IndexController.class.php 第 44 行.
NOTIC: [8] Array to string conversion E:\www\weixin\tp\xcdy\Home\Controller\IndexController.class.php 第 44 行.
NOTIC: [8] Array to string conversion E:\www\weixin\tp\xcdy\Home\Controller\IndexController.class.php 第 44 行.
NOTIC: [8] Array to string conversion E:\www\weixin\tp\xcdy\Home\Controller\IndexController.class.php 第 44 行.
NOTIC: [8] Array to string conversion E:\www\weixin\tp\xcdy\Home\Controller\IndexController.class.php 第 44 行.
NOTIC: [8] Array to string conversion E:\www\weixin\tp\xcdy\Home\Controller\IndexController.class.php 第 44 行.
NOTIC: [8] Array to string conversion E:\www\weixin\tp\xcdy\Home\Controller\IndexController.class.php 第 44 行.
NOTIC: [8] Array to string conversion E:\www\weixin\tp\xcdy\Home\Controller\IndexController.class.php 第 44 行.
NOTIC: [8] Array to string conversion E:\www\weixin\tp\xcdy\Home\Controller\IndexController.class.php 第 44 行.
NOTIC: [8] Array to string conversion E:\www\weixin\tp\xcdy\Home\Controller\IndexController.class.php 第 44 行.
NOTIC: [8] Array to string conversion E:\www\weixin\tp\xcdy\Home\Controller\IndexController.class.php 第 44 行.
NOTIC: [8] Array to string conversion E:\www\weixin\tp\xcdy\Home\Controller\IndexController.class.php 第 44 行.
NOTIC: [8] Array to string conversion E:\www\weixin\tp\xcdy\Home\Controller\IndexController.class.php 第 44 行.
NOTIC: [8] Array to string conversion E:\www\weixin\tp\xcdy\Home\Controller\IndexController.class.php 第 44 行.
NOTIC: [8] Array to string conversion E:\www\weixin\tp\xcdy\Home\Controller\IndexController.class.php 第 44 行.
NOTIC: [8] Array to string conversion E:\www\weixin\tp\xcdy\Home\Controller\IndexController.class.php 第 44 行.
NOTIC: [8] Array to string conversion E:\www\weixin\tp\xcdy\Home\Controller\IndexController.class.php 第 44 行.
NOTIC: [8] Array to string conversion E:\www\weixin\tp\xcdy\Home\Controller\IndexController.class.php 第 44 行.
NOTIC: [8] Array to string conversion E:\www\weixin\tp\xcdy\Home\Controller\IndexController.class.php 第 44 行.
NOTIC: [8] Array to string conversion E:\www\weixin\tp\xcdy\Home\Controller\IndexController.class.php 第 44 行.
NOTIC: [8] Array to string conversion E:\www\weixin\tp\xcdy\Home\Controller\IndexController.class.php 第 44 行.
NOTIC: [8] Array to string conversion E:\www\weixin\tp\xcdy\Home\Controller\IndexController.class.php 第 44 行.
NOTIC: [8] Array to string conversion E:\www\weixin\tp\xcdy\Home\Controller\IndexController.class.php 第 44 行.
NOTIC: [8] Array to string conversion E:\www\weixin\tp\xcdy\Home\Controller\IndexController.class.php 第 44 行.
NOTIC: [8] Array to string conversion E:\www\weixin\tp\xcdy\Home\Controller\IndexController.class.php 第 44 行.
NOTIC: [8] Array to string conversion E:\www\weixin\tp\xcdy\Home\Controller\IndexController.class.php 第 44 行.
NOTIC: [8] Array to string conversion E:\www\weixin\tp\xcdy\Home\Controller\IndexController.class.php 第 44 行.
NOTIC: [8] Array to string conversion E:\www\weixin\tp\xcdy\Home\Controller\IndexController.class.php 第 44 行.
NOTIC: [8] Array to string conversion E:\www\weixin\tp\xcdy\Home\Controller\IndexController.class.php 第 44 行.
NOTIC: [8] Array to string conversion E:\www\weixin\tp\xcdy\Home\Controller\IndexController.class.php 第 44 行.
NOTIC: [8] Array to string conversion E:\www\weixin\tp\xcdy\Home\Controller\IndexController.class.php 第 44 行.
NOTIC: [8] Array to string conversion E:\www\weixin\tp\xcdy\Home\Controller\IndexController.class.php 第 44 行.
NOTIC: [8] Array to string conversion E:\www\weixin\tp\xcdy\Home\Controller\IndexController.class.php 第 44 行.
NOTIC: [8] Array to string conversion E:\www\weixin\tp\xcdy\Home\Controller\IndexController.class.php 第 44 行.
NOTIC: [8] Array to string conversion E:\www\weixin\tp\xcdy\Home\Controller\IndexController.class.php 第 44 行.
NOTIC: [8] Array to string conversion E:\www\weixin\tp\xcdy\Home\Controller\IndexController.class.php 第 44 行.
NOTIC: [8] Array to string conversion E:\www\weixin\tp\xcdy\Home\Controller\IndexController.class.php 第 44 行.
NOTIC: [8] Array to string conversion E:\www\weixin\tp\xcdy\Home\Controller\IndexController.class.php 第 44 行.
NOTIC: [8] Array to string conversion E:\www\weixin\tp\xcdy\Home\Controller\IndexController.class.php 第 44 行.
NOTIC: [8] Array to string conversion E:\www\weixin\tp\xcdy\Home\Controller\IndexController.class.php 第 44 行.
NOTIC: [8] Array to string conversion E:\www\weixin\tp\xcdy\Home\Controller\IndexController.class.php 第 44 行.
NOTIC: [8] Array to string conversion E:\www\weixin\tp\xcdy\Home\Controller\IndexController.class.php 第 44 行.
NOTIC: [8] Array to string conversion E:\www\weixin\tp\xcdy\Home\Controller\IndexController.class.php 第 44 行.
NOTIC: [8] Array to string conversion E:\www\weixin\tp\xcdy\Home\Controller\IndexController.class.php 第 44 行.
NOTIC: [8] Array to string conversion E:\www\weixin\tp\xcdy\Home\Controller\IndexController.class.php 第 44 行.
NOTIC: [8] Array to string conversion E:\www\weixin\tp\xcdy\Home\Controller\IndexController.class.php 第 44 行.
NOTIC: [8] Array to string conversion E:\www\weixin\tp\xcdy\Home\Controller\IndexController.class.php 第 44 行.
NOTIC: [8] Array to string conversion E:\www\weixin\tp\xcdy\Home\Controller\IndexController.class.php 第 44 行.
NOTIC: [8] Array to string conversion E:\www\weixin\tp\xcdy\Home\Controller\IndexController.class.php 第 44 行.
NOTIC: [8] Array to string conversion E:\www\weixin\tp\xcdy\Home\Controller\IndexController.class.php 第 44 行.
NOTIC: [8] Array to string conversion E:\www\weixin\tp\xcdy\Home\Controller\IndexController.class.php 第 44 行.
NOTIC: [8] Array to string conversion E:\www\weixin\tp\xcdy\Home\Controller\IndexController.class.php 第 44 行.
NOTIC: [8] Array to string conversion E:\www\weixin\tp\xcdy\Home\Controller\IndexController.class.php 第 44 行.
NOTIC: [8] Array to string conversion E:\www\weixin\tp\xcdy\Home\Controller\IndexController.class.php 第 44 行.
NOTIC: [8] Array to string conversion E:\www\weixin\tp\xcdy\Home\Controller\IndexController.class.php 第 44 行.
NOTIC: [8] Array to string conversion E:\www\weixin\tp\xcdy\Home\Controller\IndexController.class.php 第 44 行.
NOTIC: [8] Array to string conversion E:\www\weixin\tp\xcdy\Home\Controller\IndexController.class.php 第 44 行.
NOTIC: [8] Array to string conversion E:\www\weixin\tp\xcdy\Home\Controller\IndexController.class.php 第 44 行.
NOTIC: [8] Array to string conversion E:\www\weixin\tp\xcdy\Home\Controller\IndexController.class.php 第 44 行.
NOTIC: [8] Array to string conversion E:\www\weixin\tp\xcdy\Home\Controller\IndexController.class.php 第 44 行.
NOTIC: [8] Array to string conversion E:\www\weixin\tp\xcdy\Home\Controller\IndexController.class.php 第 44 行.
NOTIC: [8] Array to string conversion E:\www\weixin\tp\xcdy\Home\Controller\IndexController.class.php 第 44 行.
NOTIC: [8] Array to string conversion E:\www\weixin\tp\xcdy\Home\Controller\IndexController.class.php 第 44 行.
NOTIC: [8] Array to string conversion E:\www\weixin\tp\xcdy\Home\Controller\IndexController.class.php 第 44 行.
NOTIC: [8] Array to string conversion E:\www\weixin\tp\xcdy\Home\Controller\IndexController.class.php 第 44 行.
NOTIC: [8] Array to string conversion E:\www\weixin\tp\xcdy\Home\Controller\IndexController.class.php 第 44 行.
INFO: [ view_parse ] --START--
INFO: [ template_filter ] --START--
INFO: Run Behavior\ContentReplaceBehavior [ RunTime:0.000000s ]
INFO: [ template_filter ] --END-- [ RunTime:0.001000s ]
INFO: Run Behavior\ParseTemplateBehavior [ RunTime:0.033001s ]
INFO: [ view_parse ] --END-- [ RunTime:0.034002s ]
INFO: [ view_filter ] --START--
INFO: Run Behavior\WriteHtmlCacheBehavior [ RunTime:0.002001s ]
INFO: [ view_filter ] --END-- [ RunTime:0.002001s ]
INFO: [ app_end ] --START--
INFO: Run Behavior\ShowPageTraceBehavior [ RunTime:0.003000s ]
INFO: [ app_end ] --END-- [ RunTime:0.003000s ]

[ 2020-05-04T09:30:38+08:00 ] 114.255.222.123 /tp/xcdy.php/Home/Index/search?keyword=%E5%A4%96%E5%9C%B0%E6%88%B7%E5%8F%A3%E7%A4%BE%E4%BF%9D%E6%A1%A3%E6%A1%88%E5%9C%A8%E5%93%AA%E9%87%8C%E5%91%A2%EF%BC%9F
INFO: [ app_init ] --START--
INFO: Run Behavior\BuildLiteBehavior [ RunTime:0.000000s ]
INFO: [ app_init ] --END-- [ RunTime:0.002000s ]
INFO: [ app_begin ] --START--
INFO: Run Behavior\ReadHtmlCacheBehavior [ RunTime:0.002000s ]
INFO: [ app_begin ] --END-- [ RunTime:0.002000s ]
NOTIC: [2048] Redefining already defined constructor for class PSCWS4 E:\www\weixin\tp\ThinkPHP\Library\Org\pscws4\pscws4.class.php 第 120 行.
NOTIC: [2048] Redefining already defined constructor for class XDB_R E:\www\weixin\tp\ThinkPHP\Library\Org\pscws4\xdb_r.class.php 第 34 行.
NOTIC: [2] fopen(/path/to/etc/dict.utf8.xdb): failed to open stream: No such file or directory E:\www\weixin\tp\ThinkPHP\Library\Org\pscws4\xdb_r.class.php 第 42 行.
NOTIC: [512] XDB::Open(dict.utf8.xdb) failed. E:\www\weixin\tp\ThinkPHP\Library\Org\pscws4\xdb_r.class.php 第 44 行.
NOTIC: [2] fopen(/path/to/etc/rules.utf8.ini): failed to open stream: No such file or directory E:\www\weixin\tp\ThinkPHP\Library\Org\pscws4\pscws4.class.php 第 400 行.
SQL: SHOW COLUMNS FROM `questions` [ RunTime:0.0240s ]
SQL: SELECT * FROM `questions` WHERE `active` = 1 AND `title` LIKE '%外%'  [ RunTime:0.0010s ]
SQL: SELECT * FROM `questions` WHERE `active` = 1 AND `title` LIKE '%地%'  [ RunTime:0.0000s ]
SQL: SELECT * FROM `questions` WHERE `active` = 1 AND `title` LIKE '%户%'  [ RunTime:0.0010s ]
SQL: SELECT * FROM `questions` WHERE `active` = 1 AND `title` LIKE '%口%'  [ RunTime:0.0010s ]
SQL: SELECT * FROM `questions` WHERE `active` = 1 AND `title` LIKE '%社%'  [ RunTime:0.0010s ]
SQL: SELECT * FROM `questions` WHERE `active` = 1 AND `title` LIKE '%保%'  [ RunTime:0.0040s ]
SQL: SELECT * FROM `questions` WHERE `active` = 1 AND `title` LIKE '%档%'  [ RunTime:0.0010s ]
SQL: SELECT * FROM `questions` WHERE `active` = 1 AND `title` LIKE '%案%'  [ RunTime:0.0010s ]
SQL: SELECT * FROM `questions` WHERE `active` = 1 AND `title` LIKE '%在%'  [ RunTime:0.0010s ]
SQL: SELECT * FROM `questions` WHERE `active` = 1 AND `title` LIKE '%哪%'  [ RunTime:0.0010s ]
SQL: SELECT * FROM `questions` WHERE `active` = 1 AND `title` LIKE '%里%'  [ RunTime:0.0010s ]
SQL: SELECT * FROM `questions` WHERE `active` = 1 AND `title` LIKE '%呢%'  [ RunTime:0.0010s ]
SQL: SELECT * FROM `questions` WHERE `active` = 1 AND `title` LIKE '%？%'  [ RunTime:0.0020s ]
NOTIC: [8] Array to string conversion E:\www\weixin\tp\xcdy\Home\Controller\IndexController.class.php 第 44 行.
NOTIC: [8] Array to string conversion E:\www\weixin\tp\xcdy\Home\Controller\IndexController.class.php 第 44 行.
NOTIC: [8] Array to string conversion E:\www\weixin\tp\xcdy\Home\Controller\IndexController.class.php 第 44 行.
NOTIC: [8] Array to string conversion E:\www\weixin\tp\xcdy\Home\Controller\IndexController.class.php 第 44 行.
NOTIC: [8] Array to string conversion E:\www\weixin\tp\xcdy\Home\Controller\IndexController.class.php 第 44 行.
NOTIC: [8] Array to string conversion E:\www\weixin\tp\xcdy\Home\Controller\IndexController.class.php 第 44 行.
NOTIC: [8] Array to string conversion E:\www\weixin\tp\xcdy\Home\Controller\IndexController.class.php 第 44 行.
NOTIC: [8] Array to string conversion E:\www\weixin\tp\xcdy\Home\Controller\IndexController.class.php 第 44 行.
NOTIC: [8] Array to string conversion E:\www\weixin\tp\xcdy\Home\Controller\IndexController.class.php 第 44 行.
NOTIC: [8] Array to string conversion E:\www\weixin\tp\xcdy\Home\Controller\IndexController.class.php 第 44 行.
NOTIC: [8] Array to string conversion E:\www\weixin\tp\xcdy\Home\Controller\IndexController.class.php 第 44 行.
NOTIC: [8] Array to string conversion E:\www\weixin\tp\xcdy\Home\Controller\IndexController.class.php 第 44 行.
NOTIC: [8] Array to string conversion E:\www\weixin\tp\xcdy\Home\Controller\IndexController.class.php 第 44 行.
NOTIC: [8] Array to string conversion E:\www\weixin\tp\xcdy\Home\Controller\IndexController.class.php 第 44 行.
NOTIC: [8] Array to string conversion E:\www\weixin\tp\xcdy\Home\Controller\IndexController.class.php 第 44 行.
NOTIC: [8] Array to string conversion E:\www\weixin\tp\xcdy\Home\Controller\IndexController.class.php 第 44 行.
NOTIC: [8] Array to string conversion E:\www\weixin\tp\xcdy\Home\Controller\IndexController.class.php 第 44 行.
NOTIC: [8] Array to string conversion E:\www\weixin\tp\xcdy\Home\Controller\IndexController.class.php 第 44 行.
NOTIC: [8] Array to string conversion E:\www\weixin\tp\xcdy\Home\Controller\IndexController.class.php 第 44 行.
NOTIC: [8] Array to string conversion E:\www\weixin\tp\xcdy\Home\Controller\IndexController.class.php 第 44 行.
NOTIC: [8] Array to string conversion E:\www\weixin\tp\xcdy\Home\Controller\IndexController.class.php 第 44 行.
NOTIC: [8] Array to string conversion E:\www\weixin\tp\xcdy\Home\Controller\IndexController.class.php 第 44 行.
NOTIC: [8] Array to string conversion E:\www\weixin\tp\xcdy\Home\Controller\IndexController.class.php 第 44 行.
NOTIC: [8] Array to string conversion E:\www\weixin\tp\xcdy\Home\Controller\IndexController.class.php 第 44 行.
NOTIC: [8] Array to string conversion E:\www\weixin\tp\xcdy\Home\Controller\IndexController.class.php 第 44 行.
NOTIC: [8] Array to string conversion E:\www\weixin\tp\xcdy\Home\Controller\IndexController.class.php 第 44 行.
NOTIC: [8] Array to string conversion E:\www\weixin\tp\xcdy\Home\Controller\IndexController.class.php 第 44 行.
NOTIC: [8] Array to string conversion E:\www\weixin\tp\xcdy\Home\Controller\IndexController.class.php 第 44 行.
NOTIC: [8] Array to string conversion E:\www\weixin\tp\xcdy\Home\Controller\IndexController.class.php 第 44 行.
NOTIC: [8] Array to string conversion E:\www\weixin\tp\xcdy\Home\Controller\IndexController.class.php 第 44 行.
NOTIC: [8] Array to string conversion E:\www\weixin\tp\xcdy\Home\Controller\IndexController.class.php 第 44 行.
NOTIC: [8] Array to string conversion E:\www\weixin\tp\xcdy\Home\Controller\IndexController.class.php 第 44 行.
NOTIC: [8] Array to string conversion E:\www\weixin\tp\xcdy\Home\Controller\IndexController.class.php 第 44 行.
NOTIC: [8] Array to string conversion E:\www\weixin\tp\xcdy\Home\Controller\IndexController.class.php 第 44 行.
NOTIC: [8] Array to string conversion E:\www\weixin\tp\xcdy\Home\Controller\IndexController.class.php 第 44 行.
NOTIC: [8] Array to string conversion E:\www\weixin\tp\xcdy\Home\Controller\IndexController.class.php 第 44 行.
NOTIC: [8] Array to string conversion E:\www\weixin\tp\xcdy\Home\Controller\IndexController.class.php 第 44 行.
NOTIC: [8] Array to string conversion E:\www\weixin\tp\xcdy\Home\Controller\IndexController.class.php 第 44 行.
NOTIC: [8] Array to string conversion E:\www\weixin\tp\xcdy\Home\Controller\IndexController.class.php 第 44 行.
NOTIC: [8] Array to string conversion E:\www\weixin\tp\xcdy\Home\Controller\IndexController.class.php 第 44 行.
NOTIC: [8] Array to string conversion E:\www\weixin\tp\xcdy\Home\Controller\IndexController.class.php 第 44 行.
NOTIC: [8] Array to string conversion E:\www\weixin\tp\xcdy\Home\Controller\IndexController.class.php 第 44 行.
NOTIC: [8] Array to string conversion E:\www\weixin\tp\xcdy\Home\Controller\IndexController.class.php 第 44 行.
NOTIC: [8] Array to string conversion E:\www\weixin\tp\xcdy\Home\Controller\IndexController.class.php 第 44 行.
NOTIC: [8] Array to string conversion E:\www\weixin\tp\xcdy\Home\Controller\IndexController.class.php 第 44 行.
NOTIC: [8] Array to string conversion E:\www\weixin\tp\xcdy\Home\Controller\IndexController.class.php 第 44 行.
NOTIC: [8] Array to string conversion E:\www\weixin\tp\xcdy\Home\Controller\IndexController.class.php 第 44 行.
NOTIC: [8] Array to string conversion E:\www\weixin\tp\xcdy\Home\Controller\IndexController.class.php 第 44 行.
NOTIC: [8] Array to string conversion E:\www\weixin\tp\xcdy\Home\Controller\IndexController.class.php 第 44 行.
NOTIC: [8] Array to string conversion E:\www\weixin\tp\xcdy\Home\Controller\IndexController.class.php 第 44 行.
NOTIC: [8] Array to string conversion E:\www\weixin\tp\xcdy\Home\Controller\IndexController.class.php 第 44 行.
NOTIC: [8] Array to string conversion E:\www\weixin\tp\xcdy\Home\Controller\IndexController.class.php 第 44 行.
NOTIC: [8] Array to string conversion E:\www\weixin\tp\xcdy\Home\Controller\IndexController.class.php 第 44 行.
NOTIC: [8] Array to string conversion E:\www\weixin\tp\xcdy\Home\Controller\IndexController.class.php 第 44 行.
NOTIC: [8] Array to string conversion E:\www\weixin\tp\xcdy\Home\Controller\IndexController.class.php 第 44 行.
NOTIC: [8] Array to string conversion E:\www\weixin\tp\xcdy\Home\Controller\IndexController.class.php 第 44 行.
NOTIC: [8] Array to string conversion E:\www\weixin\tp\xcdy\Home\Controller\IndexController.class.php 第 44 行.
NOTIC: [8] Array to string conversion E:\www\weixin\tp\xcdy\Home\Controller\IndexController.class.php 第 44 行.
NOTIC: [8] Array to string conversion E:\www\weixin\tp\xcdy\Home\Controller\IndexController.class.php 第 44 行.
NOTIC: [8] Array to string conversion E:\www\weixin\tp\xcdy\Home\Controller\IndexController.class.php 第 44 行.
NOTIC: [8] Array to string conversion E:\www\weixin\tp\xcdy\Home\Controller\IndexController.class.php 第 44 行.
NOTIC: [8] Array to string conversion E:\www\weixin\tp\xcdy\Home\Controller\IndexController.class.php 第 44 行.
NOTIC: [8] Array to string conversion E:\www\weixin\tp\xcdy\Home\Controller\IndexController.class.php 第 44 行.
NOTIC: [8] Array to string conversion E:\www\weixin\tp\xcdy\Home\Controller\IndexController.class.php 第 44 行.
NOTIC: [8] Array to string conversion E:\www\weixin\tp\xcdy\Home\Controller\IndexController.class.php 第 44 行.
NOTIC: [8] Array to string conversion E:\www\weixin\tp\xcdy\Home\Controller\IndexController.class.php 第 44 行.
NOTIC: [8] Array to string conversion E:\www\weixin\tp\xcdy\Home\Controller\IndexController.class.php 第 44 行.
NOTIC: [8] Array to string conversion E:\www\weixin\tp\xcdy\Home\Controller\IndexController.class.php 第 44 行.
NOTIC: [8] Array to string conversion E:\www\weixin\tp\xcdy\Home\Controller\IndexController.class.php 第 44 行.
NOTIC: [8] Array to string conversion E:\www\weixin\tp\xcdy\Home\Controller\IndexController.class.php 第 44 行.
NOTIC: [8] Array to string conversion E:\www\weixin\tp\xcdy\Home\Controller\IndexController.class.php 第 44 行.
NOTIC: [8] Array to string conversion E:\www\weixin\tp\xcdy\Home\Controller\IndexController.class.php 第 44 行.
NOTIC: [8] Array to string conversion E:\www\weixin\tp\xcdy\Home\Controller\IndexController.class.php 第 44 行.
NOTIC: [8] Array to string conversion E:\www\weixin\tp\xcdy\Home\Controller\IndexController.class.php 第 44 行.
NOTIC: [8] Array to string conversion E:\www\weixin\tp\xcdy\Home\Controller\IndexController.class.php 第 44 行.
NOTIC: [8] Array to string conversion E:\www\weixin\tp\xcdy\Home\Controller\IndexController.class.php 第 44 行.
NOTIC: [8] Array to string conversion E:\www\weixin\tp\xcdy\Home\Controller\IndexController.class.php 第 44 行.
NOTIC: [8] Array to string conversion E:\www\weixin\tp\xcdy\Home\Controller\IndexController.class.php 第 44 行.
NOTIC: [8] Array to string conversion E:\www\weixin\tp\xcdy\Home\Controller\IndexController.class.php 第 44 行.
NOTIC: [8] Array to string conversion E:\www\weixin\tp\xcdy\Home\Controller\IndexController.class.php 第 44 行.
INFO: [ view_parse ] --START--
INFO: [ template_filter ] --START--
INFO: Run Behavior\ContentReplaceBehavior [ RunTime:0.000000s ]
INFO: [ template_filter ] --END-- [ RunTime:0.001000s ]
INFO: Run Behavior\ParseTemplateBehavior [ RunTime:0.030001s ]
INFO: [ view_parse ] --END-- [ RunTime:0.031001s ]
INFO: [ view_filter ] --START--
INFO: Run Behavior\WriteHtmlCacheBehavior [ RunTime:0.002001s ]
INFO: [ view_filter ] --END-- [ RunTime:0.002001s ]
INFO: [ app_end ] --START--
INFO: Run Behavior\ShowPageTraceBehavior [ RunTime:0.001000s ]
INFO: [ app_end ] --END-- [ RunTime:0.002000s ]

[ 2020-05-04T09:31:09+08:00 ] 114.255.222.123 /tp/xcdy.php/Home/Index/search?keyword=%E7%A4%BE%E4%BC%9A%E4%BF%9D%E9%99%A9%E8%BD%AC%E7%A7%BB%E5%A4%96%E7%9C%81%EF%BC%9F
INFO: [ app_init ] --START--
INFO: Run Behavior\BuildLiteBehavior [ RunTime:0.000000s ]
INFO: [ app_init ] --END-- [ RunTime:0.002001s ]
INFO: [ app_begin ] --START--
INFO: Run Behavior\ReadHtmlCacheBehavior [ RunTime:0.003000s ]
INFO: [ app_begin ] --END-- [ RunTime:0.003000s ]
NOTIC: [2048] Redefining already defined constructor for class PSCWS4 E:\www\weixin\tp\ThinkPHP\Library\Org\pscws4\pscws4.class.php 第 120 行.
NOTIC: [2048] Redefining already defined constructor for class XDB_R E:\www\weixin\tp\ThinkPHP\Library\Org\pscws4\xdb_r.class.php 第 34 行.
NOTIC: [2] fopen(/path/to/etc/dict.utf8.xdb): failed to open stream: No such file or directory E:\www\weixin\tp\ThinkPHP\Library\Org\pscws4\xdb_r.class.php 第 42 行.
NOTIC: [512] XDB::Open(dict.utf8.xdb) failed. E:\www\weixin\tp\ThinkPHP\Library\Org\pscws4\xdb_r.class.php 第 44 行.
NOTIC: [2] fopen(/path/to/etc/rules.utf8.ini): failed to open stream: No such file or directory E:\www\weixin\tp\ThinkPHP\Library\Org\pscws4\pscws4.class.php 第 400 行.
SQL: SHOW COLUMNS FROM `questions` [ RunTime:0.0250s ]
SQL: SELECT * FROM `questions` WHERE `active` = 1 AND `title` LIKE '%社%'  [ RunTime:0.0020s ]
SQL: SELECT * FROM `questions` WHERE `active` = 1 AND `title` LIKE '%会%'  [ RunTime:0.0010s ]
SQL: SELECT * FROM `questions` WHERE `active` = 1 AND `title` LIKE '%保%'  [ RunTime:0.0050s ]
SQL: SELECT * FROM `questions` WHERE `active` = 1 AND `title` LIKE '%险%'  [ RunTime:0.0030s ]
SQL: SELECT * FROM `questions` WHERE `active` = 1 AND `title` LIKE '%转%'  [ RunTime:0.0010s ]
SQL: SELECT * FROM `questions` WHERE `active` = 1 AND `title` LIKE '%移%'  [ RunTime:0.0010s ]
SQL: SELECT * FROM `questions` WHERE `active` = 1 AND `title` LIKE '%外%'  [ RunTime:0.0010s ]
SQL: SELECT * FROM `questions` WHERE `active` = 1 AND `title` LIKE '%省%'  [ RunTime:0.0020s ]
SQL: SELECT * FROM `questions` WHERE `active` = 1 AND `title` LIKE '%？%'  [ RunTime:0.0020s ]
NOTIC: [8] Array to string conversion E:\www\weixin\tp\xcdy\Home\Controller\IndexController.class.php 第 44 行.
NOTIC: [8] Array to string conversion E:\www\weixin\tp\xcdy\Home\Controller\IndexController.class.php 第 44 行.
NOTIC: [8] Array to string conversion E:\www\weixin\tp\xcdy\Home\Controller\IndexController.class.php 第 44 行.
NOTIC: [8] Array to string conversion E:\www\weixin\tp\xcdy\Home\Controller\IndexController.class.php 第 44 行.
NOTIC: [8] Array to string conversion E:\www\weixin\tp\xcdy\Home\Controller\IndexController.class.php 第 44 行.
NOTIC: [8] Array to string conversion E:\www\weixin\tp\xcdy\Home\Controller\IndexController.class.php 第 44 行.
NOTIC: [8] Array to string conversion E:\www\weixin\tp\xcdy\Home\Controller\IndexController.class.php 第 44 行.
NOTIC: [8] Array to string conversion E:\www\weixin\tp\xcdy\Home\Controller\IndexController.class.php 第 44 行.
NOTIC: [8] Array to string conversion E:\www\weixin\tp\xcdy\Home\Controller\IndexController.class.php 第 44 行.
NOTIC: [8] Array to string conversion E:\www\weixin\tp\xcdy\Home\Controller\IndexController.class.php 第 44 行.
NOTIC: [8] Array to string conversion E:\www\weixin\tp\xcdy\Home\Controller\IndexController.class.php 第 44 行.
NOTIC: [8] Array to string conversion E:\www\weixin\tp\xcdy\Home\Controller\IndexController.class.php 第 44 行.
NOTIC: [8] Array to string conversion E:\www\weixin\tp\xcdy\Home\Controller\IndexController.class.php 第 44 行.
NOTIC: [8] Array to string conversion E:\www\weixin\tp\xcdy\Home\Controller\IndexController.class.php 第 44 行.
NOTIC: [8] Array to string conversion E:\www\weixin\tp\xcdy\Home\Controller\IndexController.class.php 第 44 行.
NOTIC: [8] Array to string conversion E:\www\weixin\tp\xcdy\Home\Controller\IndexController.class.php 第 44 行.
NOTIC: [8] Array to string conversion E:\www\weixin\tp\xcdy\Home\Controller\IndexController.class.php 第 44 行.
NOTIC: [8] Array to string conversion E:\www\weixin\tp\xcdy\Home\Controller\IndexController.class.php 第 44 行.
NOTIC: [8] Array to string conversion E:\www\weixin\tp\xcdy\Home\Controller\IndexController.class.php 第 44 行.
NOTIC: [8] Array to string conversion E:\www\weixin\tp\xcdy\Home\Controller\IndexController.class.php 第 44 行.
NOTIC: [8] Array to string conversion E:\www\weixin\tp\xcdy\Home\Controller\IndexController.class.php 第 44 行.
NOTIC: [8] Array to string conversion E:\www\weixin\tp\xcdy\Home\Controller\IndexController.class.php 第 44 行.
NOTIC: [8] Array to string conversion E:\www\weixin\tp\xcdy\Home\Controller\IndexController.class.php 第 44 行.
NOTIC: [8] Array to string conversion E:\www\weixin\tp\xcdy\Home\Controller\IndexController.class.php 第 44 行.
NOTIC: [8] Array to string conversion E:\www\weixin\tp\xcdy\Home\Controller\IndexController.class.php 第 44 行.
NOTIC: [8] Array to string conversion E:\www\weixin\tp\xcdy\Home\Controller\IndexController.class.php 第 44 行.
NOTIC: [8] Array to string conversion E:\www\weixin\tp\xcdy\Home\Controller\IndexController.class.php 第 44 行.
NOTIC: [8] Array to string conversion E:\www\weixin\tp\xcdy\Home\Controller\IndexController.class.php 第 44 行.
NOTIC: [8] Array to string conversion E:\www\weixin\tp\xcdy\Home\Controller\IndexController.class.php 第 44 行.
NOTIC: [8] Array to string conversion E:\www\weixin\tp\xcdy\Home\Controller\IndexController.class.php 第 44 行.
NOTIC: [8] Array to string conversion E:\www\weixin\tp\xcdy\Home\Controller\IndexController.class.php 第 44 行.
NOTIC: [8] Array to string conversion E:\www\weixin\tp\xcdy\Home\Controller\IndexController.class.php 第 44 行.
NOTIC: [8] Array to string conversion E:\www\weixin\tp\xcdy\Home\Controller\IndexController.class.php 第 44 行.
NOTIC: [8] Array to string conversion E:\www\weixin\tp\xcdy\Home\Controller\IndexController.class.php 第 44 行.
NOTIC: [8] Array to string conversion E:\www\weixin\tp\xcdy\Home\Controller\IndexController.class.php 第 44 行.
NOTIC: [8] Array to string conversion E:\www\weixin\tp\xcdy\Home\Controller\IndexController.class.php 第 44 行.
NOTIC: [8] Array to string conversion E:\www\weixin\tp\xcdy\Home\Controller\IndexController.class.php 第 44 行.
NOTIC: [8] Array to string conversion E:\www\weixin\tp\xcdy\Home\Controller\IndexController.class.php 第 44 行.
NOTIC: [8] Array to string conversion E:\www\weixin\tp\xcdy\Home\Controller\IndexController.class.php 第 44 行.
NOTIC: [8] Array to string conversion E:\www\weixin\tp\xcdy\Home\Controller\IndexController.class.php 第 44 行.
NOTIC: [8] Array to string conversion E:\www\weixin\tp\xcdy\Home\Controller\IndexController.class.php 第 44 行.
NOTIC: [8] Array to string conversion E:\www\weixin\tp\xcdy\Home\Controller\IndexController.class.php 第 44 行.
NOTIC: [8] Array to string conversion E:\www\weixin\tp\xcdy\Home\Controller\IndexController.class.php 第 44 行.
NOTIC: [8] Array to string conversion E:\www\weixin\tp\xcdy\Home\Controller\IndexController.class.php 第 44 行.
NOTIC: [8] Array to string conversion E:\www\weixin\tp\xcdy\Home\Controller\IndexController.class.php 第 44 行.
NOTIC: [8] Array to string conversion E:\www\weixin\tp\xcdy\Home\Controller\IndexController.class.php 第 44 行.
NOTIC: [8] Array to string conversion E:\www\weixin\tp\xcdy\Home\Controller\IndexController.class.php 第 44 行.
NOTIC: [8] Array to string conversion E:\www\weixin\tp\xcdy\Home\Controller\IndexController.class.php 第 44 行.
INFO: [ view_parse ] --START--
INFO: [ template_filter ] --START--
INFO: Run Behavior\ContentReplaceBehavior [ RunTime:0.001000s ]
INFO: [ template_filter ] --END-- [ RunTime:0.001000s ]
INFO: Run Behavior\ParseTemplateBehavior [ RunTime:0.035002s ]
INFO: [ view_parse ] --END-- [ RunTime:0.035002s ]
INFO: [ view_filter ] --START--
INFO: Run Behavior\WriteHtmlCacheBehavior [ RunTime:0.002000s ]
INFO: [ view_filter ] --END-- [ RunTime:0.002000s ]
INFO: [ app_end ] --START--
INFO: Run Behavior\ShowPageTraceBehavior [ RunTime:0.003000s ]
INFO: [ app_end ] --END-- [ RunTime:0.003000s ]

[ 2020-05-04T09:31:14+08:00 ] 114.255.222.123 /tp/xcdy.php/Home/Index/detail/id/17
INFO: [ app_init ] --START--
INFO: Run Behavior\BuildLiteBehavior [ RunTime:0.000000s ]
INFO: [ app_init ] --END-- [ RunTime:0.002000s ]
INFO: [ app_begin ] --START--
INFO: Run Behavior\ReadHtmlCacheBehavior [ RunTime:0.002000s ]
INFO: [ app_begin ] --END-- [ RunTime:0.003000s ]
SQL: SHOW COLUMNS FROM `questions` [ RunTime:0.0240s ]
SQL: SELECT * FROM `questions` WHERE `id` = 17 LIMIT 1   [ RunTime:0.0010s ]
INFO: [ view_parse ] --START--
INFO: [ template_filter ] --START--
INFO: Run Behavior\ContentReplaceBehavior [ RunTime:0.001000s ]
INFO: [ template_filter ] --END-- [ RunTime:0.001000s ]
INFO: Run Behavior\ParseTemplateBehavior [ RunTime:0.024001s ]
INFO: [ view_parse ] --END-- [ RunTime:0.024001s ]
INFO: [ view_filter ] --START--
INFO: Run Behavior\WriteHtmlCacheBehavior [ RunTime:0.002000s ]
INFO: [ view_filter ] --END-- [ RunTime:0.003000s ]
INFO: [ app_end ] --START--
INFO: Run Behavior\ShowPageTraceBehavior [ RunTime:0.003000s ]
INFO: [ app_end ] --END-- [ RunTime:0.003000s ]

[ 2020-05-04T09:31:35+08:00 ] 114.255.222.123 /tp/xcdy.php/Home/Index/detail/id/60
INFO: [ app_init ] --START--
INFO: Run Behavior\BuildLiteBehavior [ RunTime:0.000000s ]
INFO: [ app_init ] --END-- [ RunTime:0.002000s ]
INFO: [ app_begin ] --START--
INFO: Run Behavior\ReadHtmlCacheBehavior [ RunTime:0.003000s ]
INFO: [ app_begin ] --END-- [ RunTime:0.003000s ]
SQL: SHOW COLUMNS FROM `questions` [ RunTime:0.0270s ]
SQL: SELECT * FROM `questions` WHERE `id` = 60 LIMIT 1   [ RunTime:0.0010s ]
INFO: [ view_parse ] --START--
INFO: [ template_filter ] --START--
INFO: Run Behavior\ContentReplaceBehavior [ RunTime:0.001000s ]
INFO: [ template_filter ] --END-- [ RunTime:0.001000s ]
INFO: Run Behavior\ParseTemplateBehavior [ RunTime:0.024002s ]
INFO: [ view_parse ] --END-- [ RunTime:0.024002s ]
INFO: [ view_filter ] --START--
INFO: Run Behavior\WriteHtmlCacheBehavior [ RunTime:0.002000s ]
INFO: [ view_filter ] --END-- [ RunTime:0.002000s ]
INFO: [ app_end ] --START--
INFO: Run Behavior\ShowPageTraceBehavior [ RunTime:0.002000s ]
INFO: [ app_end ] --END-- [ RunTime:0.003000s ]

