[ 2021-09-30T07:54:54+08:00 ] 61.151.178.176 /tp/xcdy.php
INFO: [ app_init ] --START--
INFO: Run Behavior\BuildLiteBehavior [ RunTime:0.000000s ]
INFO: [ app_init ] --END-- [ RunTime:0.005001s ]
INFO: [ app_begin ] --START--
INFO: Run Behavior\ReadHtmlCacheBehavior [ RunTime:0.010000s ]
INFO: [ app_begin ] --END-- [ RunTime:0.010000s ]
INFO: [ view_parse ] --START--
INFO: [ template_filter ] --START--
INFO: Run Behavior\ContentReplaceBehavior [ RunTime:0.001001s ]
INFO: [ template_filter ] --END-- [ RunTime:0.001001s ]
INFO: Run Behavior\ParseTemplateBehavior [ RunTime:0.057004s ]
INFO: [ view_parse ] --END-- [ RunTime:0.057004s ]
INFO: [ view_filter ] --START--
INFO: Run Behavior\WriteHtmlCacheBehavior [ RunTime:0.008000s ]
INFO: [ view_filter ] --END-- [ RunTime:0.008000s ]
INFO: [ app_end ] --START--
INFO: Run Behavior\ShowPageTraceBehavior [ RunTime:0.011001s ]
INFO: [ app_end ] --END-- [ RunTime:0.011001s ]

[ 2021-09-30T07:55:04+08:00 ] 58.247.212.139 /tp/xcdy.php/Home/Index/search?keyword=%E6%89%BE%E5%B7%A5%E4%BD%9C
INFO: [ app_init ] --START--
INFO: Run Behavior\BuildLiteBehavior [ RunTime:0.000000s ]
INFO: [ app_init ] --END-- [ RunTime:0.005000s ]
INFO: [ app_begin ] --START--
INFO: Run Behavior\ReadHtmlCacheBehavior [ RunTime:0.006001s ]
INFO: [ app_begin ] --END-- [ RunTime:0.007001s ]
NOTIC: [2048] Redefining already defined constructor for class PSCWS4 E:\www\weixin\tp\ThinkPHP\Library\Org\pscws4\pscws4.class.php 第 120 行.
NOTIC: [2048] Redefining already defined constructor for class XDB_R E:\www\weixin\tp\ThinkPHP\Library\Org\pscws4\xdb_r.class.php 第 34 行.
NOTIC: [2] fopen(/path/to/etc/dict.utf8.xdb): failed to open stream: No such file or directory E:\www\weixin\tp\ThinkPHP\Library\Org\pscws4\xdb_r.class.php 第 42 行.
NOTIC: [512] XDB::Open(dict.utf8.xdb) failed. E:\www\weixin\tp\ThinkPHP\Library\Org\pscws4\xdb_r.class.php 第 44 行.
NOTIC: [2] fopen(/path/to/etc/rules.utf8.ini): failed to open stream: No such file or directory E:\www\weixin\tp\ThinkPHP\Library\Org\pscws4\pscws4.class.php 第 400 行.
SQL: SHOW COLUMNS FROM `questions` [ RunTime:0.0550s ]
SQL: SELECT * FROM `questions` WHERE `active` = 1 AND `title` LIKE '%找%'  [ RunTime:0.0020s ]
SQL: SELECT * FROM `questions` WHERE `active` = 1 AND `title` LIKE '%工%'  [ RunTime:0.0100s ]
SQL: SELECT * FROM `questions` WHERE `active` = 1 AND `title` LIKE '%作%'  [ RunTime:0.0020s ]
NOTIC: [8] Array to string conversion E:\www\weixin\tp\xcdy\Home\Controller\IndexController.class.php 第 44 行.
NOTIC: [8] Array to string conversion E:\www\weixin\tp\xcdy\Home\Controller\IndexController.class.php 第 44 行.
NOTIC: [8] Array to string conversion E:\www\weixin\tp\xcdy\Home\Controller\IndexController.class.php 第 44 行.
NOTIC: [8] Array to string conversion E:\www\weixin\tp\xcdy\Home\Controller\IndexController.class.php 第 44 行.
NOTIC: [8] Array to string conversion E:\www\weixin\tp\xcdy\Home\Controller\IndexController.class.php 第 44 行.
NOTIC: [8] Array to string conversion E:\www\weixin\tp\xcdy\Home\Controller\IndexController.class.php 第 44 行.
NOTIC: [8] Array to string conversion E:\www\weixin\tp\xcdy\Home\Controller\IndexController.class.php 第 44 行.
NOTIC: [8] Array to string conversion E:\www\weixin\tp\xcdy\Home\Controller\IndexController.class.php 第 44 行.
INFO: [ view_parse ] --START--
INFO: [ template_filter ] --START--
INFO: Run Behavior\ContentReplaceBehavior [ RunTime:0.001000s ]
INFO: [ template_filter ] --END-- [ RunTime:0.001000s ]
INFO: Run Behavior\ParseTemplateBehavior [ RunTime:0.073004s ]
INFO: [ view_parse ] --END-- [ RunTime:0.074004s ]
INFO: [ view_filter ] --START--
INFO: Run Behavior\WriteHtmlCacheBehavior [ RunTime:0.006000s ]
INFO: [ view_filter ] --END-- [ RunTime:0.006000s ]
INFO: [ app_end ] --START--
INFO: Run Behavior\ShowPageTraceBehavior [ RunTime:0.007001s ]
INFO: [ app_end ] --END-- [ RunTime:0.007001s ]

[ 2021-09-30T07:55:11+08:00 ] 61.151.178.176 /tp/xcdy.php/Home/Index/search?keyword=%E6%89%BE%E5%B7%A5%E4%BD%9C
INFO: [ app_init ] --START--
INFO: Run Behavior\BuildLiteBehavior [ RunTime:0.000000s ]
INFO: [ app_init ] --END-- [ RunTime:0.005000s ]
INFO: [ app_begin ] --START--
INFO: Run Behavior\ReadHtmlCacheBehavior [ RunTime:0.009001s ]
INFO: [ app_begin ] --END-- [ RunTime:0.010001s ]
NOTIC: [2048] Redefining already defined constructor for class PSCWS4 E:\www\weixin\tp\ThinkPHP\Library\Org\pscws4\pscws4.class.php 第 120 行.
NOTIC: [2048] Redefining already defined constructor for class XDB_R E:\www\weixin\tp\ThinkPHP\Library\Org\pscws4\xdb_r.class.php 第 34 行.
NOTIC: [2] fopen(/path/to/etc/dict.utf8.xdb): failed to open stream: No such file or directory E:\www\weixin\tp\ThinkPHP\Library\Org\pscws4\xdb_r.class.php 第 42 行.
NOTIC: [512] XDB::Open(dict.utf8.xdb) failed. E:\www\weixin\tp\ThinkPHP\Library\Org\pscws4\xdb_r.class.php 第 44 行.
NOTIC: [2] fopen(/path/to/etc/rules.utf8.ini): failed to open stream: No such file or directory E:\www\weixin\tp\ThinkPHP\Library\Org\pscws4\pscws4.class.php 第 400 行.
SQL: SHOW COLUMNS FROM `questions` [ RunTime:0.0540s ]
SQL: SELECT * FROM `questions` WHERE `active` = 1 AND `title` LIKE '%找%'  [ RunTime:0.0020s ]
SQL: SELECT * FROM `questions` WHERE `active` = 1 AND `title` LIKE '%工%'  [ RunTime:0.0080s ]
SQL: SELECT * FROM `questions` WHERE `active` = 1 AND `title` LIKE '%作%'  [ RunTime:0.0020s ]
NOTIC: [8] Array to string conversion E:\www\weixin\tp\xcdy\Home\Controller\IndexController.class.php 第 44 行.
NOTIC: [8] Array to string conversion E:\www\weixin\tp\xcdy\Home\Controller\IndexController.class.php 第 44 行.
NOTIC: [8] Array to string conversion E:\www\weixin\tp\xcdy\Home\Controller\IndexController.class.php 第 44 行.
NOTIC: [8] Array to string conversion E:\www\weixin\tp\xcdy\Home\Controller\IndexController.class.php 第 44 行.
NOTIC: [8] Array to string conversion E:\www\weixin\tp\xcdy\Home\Controller\IndexController.class.php 第 44 行.
NOTIC: [8] Array to string conversion E:\www\weixin\tp\xcdy\Home\Controller\IndexController.class.php 第 44 行.
NOTIC: [8] Array to string conversion E:\www\weixin\tp\xcdy\Home\Controller\IndexController.class.php 第 44 行.
NOTIC: [8] Array to string conversion E:\www\weixin\tp\xcdy\Home\Controller\IndexController.class.php 第 44 行.
INFO: [ view_parse ] --START--
INFO: [ template_filter ] --START--
INFO: Run Behavior\ContentReplaceBehavior [ RunTime:0.001000s ]
INFO: [ template_filter ] --END-- [ RunTime:0.001000s ]
INFO: Run Behavior\ParseTemplateBehavior [ RunTime:0.074004s ]
INFO: [ view_parse ] --END-- [ RunTime:0.075004s ]
INFO: [ view_filter ] --START--
INFO: Run Behavior\WriteHtmlCacheBehavior [ RunTime:0.008000s ]
INFO: [ view_filter ] --END-- [ RunTime:0.008000s ]
INFO: [ app_end ] --START--
INFO: Run Behavior\ShowPageTraceBehavior [ RunTime:0.008000s ]
INFO: [ app_end ] --END-- [ RunTime:0.010001s ]

[ 2021-09-30T07:55:13+08:00 ] 58.247.212.139 /tp/xcdy.php/Home/Index/search?keyword=%E6%89%BE%E5%B7%A5%E4%BD%9C
INFO: [ app_init ] --START--
INFO: Run Behavior\BuildLiteBehavior [ RunTime:0.000000s ]
INFO: [ app_init ] --END-- [ RunTime:0.008001s ]
INFO: [ app_begin ] --START--
INFO: Run Behavior\ReadHtmlCacheBehavior [ RunTime:0.010000s ]
INFO: [ app_begin ] --END-- [ RunTime:0.011000s ]
NOTIC: [2048] Redefining already defined constructor for class PSCWS4 E:\www\weixin\tp\ThinkPHP\Library\Org\pscws4\pscws4.class.php 第 120 行.
NOTIC: [2048] Redefining already defined constructor for class XDB_R E:\www\weixin\tp\ThinkPHP\Library\Org\pscws4\xdb_r.class.php 第 34 行.
NOTIC: [2] fopen(/path/to/etc/dict.utf8.xdb): failed to open stream: No such file or directory E:\www\weixin\tp\ThinkPHP\Library\Org\pscws4\xdb_r.class.php 第 42 行.
NOTIC: [512] XDB::Open(dict.utf8.xdb) failed. E:\www\weixin\tp\ThinkPHP\Library\Org\pscws4\xdb_r.class.php 第 44 行.
NOTIC: [2] fopen(/path/to/etc/rules.utf8.ini): failed to open stream: No such file or directory E:\www\weixin\tp\ThinkPHP\Library\Org\pscws4\pscws4.class.php 第 400 行.
SQL: SHOW COLUMNS FROM `questions` [ RunTime:0.0560s ]
SQL: SELECT * FROM `questions` WHERE `active` = 1 AND `title` LIKE '%找%'  [ RunTime:0.0020s ]
SQL: SELECT * FROM `questions` WHERE `active` = 1 AND `title` LIKE '%工%'  [ RunTime:0.0080s ]
SQL: SELECT * FROM `questions` WHERE `active` = 1 AND `title` LIKE '%作%'  [ RunTime:0.0020s ]
NOTIC: [8] Array to string conversion E:\www\weixin\tp\xcdy\Home\Controller\IndexController.class.php 第 44 行.
NOTIC: [8] Array to string conversion E:\www\weixin\tp\xcdy\Home\Controller\IndexController.class.php 第 44 行.
NOTIC: [8] Array to string conversion E:\www\weixin\tp\xcdy\Home\Controller\IndexController.class.php 第 44 行.
NOTIC: [8] Array to string conversion E:\www\weixin\tp\xcdy\Home\Controller\IndexController.class.php 第 44 行.
NOTIC: [8] Array to string conversion E:\www\weixin\tp\xcdy\Home\Controller\IndexController.class.php 第 44 行.
NOTIC: [8] Array to string conversion E:\www\weixin\tp\xcdy\Home\Controller\IndexController.class.php 第 44 行.
NOTIC: [8] Array to string conversion E:\www\weixin\tp\xcdy\Home\Controller\IndexController.class.php 第 44 行.
NOTIC: [8] Array to string conversion E:\www\weixin\tp\xcdy\Home\Controller\IndexController.class.php 第 44 行.
INFO: [ view_parse ] --START--
INFO: [ template_filter ] --START--
INFO: Run Behavior\ContentReplaceBehavior [ RunTime:0.000000s ]
INFO: [ template_filter ] --END-- [ RunTime:0.001000s ]
INFO: Run Behavior\ParseTemplateBehavior [ RunTime:0.077005s ]
INFO: [ view_parse ] --END-- [ RunTime:0.079005s ]
INFO: [ view_filter ] --START--
INFO: Run Behavior\WriteHtmlCacheBehavior [ RunTime:0.007000s ]
INFO: [ view_filter ] --END-- [ RunTime:0.008000s ]
INFO: [ app_end ] --START--
INFO: Run Behavior\ShowPageTraceBehavior [ RunTime:0.007001s ]
INFO: [ app_end ] --END-- [ RunTime:0.007001s ]

